Using pre-set license
Built from '2021.3/staging' branch; Version is '2021.3.13f1 (9e7d58001ecf) revision 10386776'; Using compiler version '192829333'; Build Type 'Release'
OS: 'Windows 10  (10.0.19045) 64bit Core' Language: 'en' Physical Memory: 16196 MB
BatchMode: 1, IsHumanControllingUs: 0, StartBugReporterOnCrash: 0, Is64bit: 1, IsPro: 1

COMMAND LINE ARGUMENTS:
C:\Program Files\Unity\Hub\Editor\2021.3.13f1\Editor\Unity.exe
-adb2
-batchMode
-noUpm
-name
AssetImportWorker2
-projectPath
D:/01_Projects/FemDevsGameJam2022/BoobieTraps
-logFile
Logs/AssetImportWorker2.log
-srvPort
65234
Successfully changed project path to: D:/01_Projects/FemDevsGameJam2022/BoobieTraps
D:/01_Projects/FemDevsGameJam2022/BoobieTraps
[UnityMemory] Configuration Parameters - Can be set up in boot.config
    "memorysetup-bucket-allocator-granularity=16"
    "memorysetup-bucket-allocator-bucket-count=8"
    "memorysetup-bucket-allocator-block-size=33554432"
    "memorysetup-bucket-allocator-block-count=8"
    "memorysetup-main-allocator-block-size=16777216"
    "memorysetup-thread-allocator-block-size=16777216"
    "memorysetup-gfx-main-allocator-block-size=16777216"
    "memorysetup-gfx-thread-allocator-block-size=16777216"
    "memorysetup-cache-allocator-block-size=4194304"
    "memorysetup-typetree-allocator-block-size=2097152"
    "memorysetup-profiler-bucket-allocator-granularity=16"
    "memorysetup-profiler-bucket-allocator-bucket-count=8"
    "memorysetup-profiler-bucket-allocator-block-size=33554432"
    "memorysetup-profiler-bucket-allocator-block-count=8"
    "memorysetup-profiler-allocator-block-size=16777216"
    "memorysetup-profiler-editor-allocator-block-size=1048576"
    "memorysetup-temp-allocator-size-main=16777216"
    "memorysetup-job-temp-allocator-block-size=2097152"
    "memorysetup-job-temp-allocator-block-size-background=1048576"
    "memorysetup-job-temp-allocator-reduction-small-platforms=262144"
    "memorysetup-temp-allocator-size-background-worker=32768"
    "memorysetup-temp-allocator-size-job-worker=262144"
    "memorysetup-temp-allocator-size-preload-manager=33554432"
    "memorysetup-temp-allocator-size-nav-mesh-worker=65536"
    "memorysetup-temp-allocator-size-audio-worker=65536"
    "memorysetup-temp-allocator-size-cloud-worker=32768"
    "memorysetup-temp-allocator-size-gi-baking-worker=262144"
    "memorysetup-temp-allocator-size-gfx=262144"
Refreshing native plugins compatible for Editor in 114.73 ms, found 4 plugins.
Preloading 0 native plugins for Editor in 0.00 ms.
Initialize engine version: 2021.3.13f1 (9e7d58001ecf)
[Subsystems] Discovering subsystems at path C:/Program Files/Unity/Hub/Editor/2021.3.13f1/Editor/Data/Resources/UnitySubsystems
[Subsystems] Discovering subsystems at path D:/01_Projects/FemDevsGameJam2022/BoobieTraps/Assets
GfxDevice: creating device client; threaded=0; jobified=0
Direct3D:
    Version:  Direct3D 11.0 [level 11.1]
    Renderer: NVIDIA GeForce RTX 2060 (ID=0x1f11)
    Vendor:   NVIDIA
    VRAM:     5980 MB
    Driver:   31.0.15.1700
Initialize mono
Mono path[0] = 'C:/Program Files/Unity/Hub/Editor/2021.3.13f1/Editor/Data/Managed'
Mono path[1] = 'C:/Program Files/Unity/Hub/Editor/2021.3.13f1/Editor/Data/MonoBleedingEdge/lib/mono/unityjit-win32'
Mono config path = 'C:/Program Files/Unity/Hub/Editor/2021.3.13f1/Editor/Data/MonoBleedingEdge/etc'
Using monoOptions --debugger-agent=transport=dt_socket,embedding=1,server=y,suspend=n,address=127.0.0.1:56240
Begin MonoManager ReloadAssembly
Registering precompiled unity dll's ...
Register platform support module: C:/Program Files/Unity/Hub/Editor/2021.3.13f1/Editor/Data/PlaybackEngines/WebGLSupport/UnityEditor.WebGL.Extensions.dll
Register platform support module: C:/Program Files/Unity/Hub/Editor/2021.3.13f1/Editor/Data/PlaybackEngines/MacStandaloneSupport/UnityEditor.OSXStandalone.Extensions.dll
Register platform support module: C:/Program Files/Unity/Hub/Editor/2021.3.13f1/Editor/Data/PlaybackEngines/WindowsStandaloneSupport/UnityEditor.WindowsStandalone.Extensions.dll
Register platform support module: C:/Program Files/Unity/Hub/Editor/2021.3.13f1/Editor/Data/PlaybackEngines/LinuxStandaloneSupport/UnityEditor.LinuxStandalone.Extensions.dll
Registered in 0.015244 seconds.
Native extension for LinuxStandalone target not found
Native extension for WindowsStandalone target not found
Native extension for OSXStandalone target not found
Native extension for WebGL target not found
Refreshing native plugins compatible for Editor in 107.56 ms, found 4 plugins.
Preloading 0 native plugins for Editor in 0.00 ms.
Mono: successfully reloaded assembly
- Completed reload, in  0.744 seconds
Domain Reload Profiling:
	ReloadAssembly (744ms)
		BeginReloadAssembly (99ms)
			ExecutionOrderSort (0ms)
			DisableScriptedObjects (0ms)
			BackupInstance (0ms)
			ReleaseScriptingObjects (0ms)
			CreateAndSetChildDomain (1ms)
		EndReloadAssembly (516ms)
			LoadAssemblies (97ms)
			RebuildTransferFunctionScriptingTraits (0ms)
			SetupTypeCache (108ms)
			ReleaseScriptCaches (0ms)
			RebuildScriptCaches (30ms)
			SetupLoadedEditorAssemblies (319ms)
				LogAssemblyErrors (0ms)
				InitializePlatformSupportModulesInManaged (19ms)
				SetLoadedEditorAssemblies (0ms)
				RefreshPlugins (108ms)
				BeforeProcessingInitializeOnLoad (1ms)
				ProcessInitializeOnLoadAttributes (143ms)
				ProcessInitializeOnLoadMethodAttributes (47ms)
				AfterProcessingInitializeOnLoad (0ms)
				EditorAssembliesLoaded (0ms)
			ExecutionOrderSort2 (0ms)
			AwakeInstancesAfterBackupRestoration (0ms)
Platform modules already initialized, skipping
Registering precompiled user dll's ...
Registered in 0.033871 seconds.
Begin MonoManager ReloadAssembly
Symbol file LoadedFromMemory doesn't match image D:\01_Projects\FemDevsGameJam2022\BoobieTraps\Library\PackageCache\com.unity.visualscripting@1.7.8\Editor\VisualScripting.Core\Dependencies\YamlDotNet\Unity.VisualScripting.YamlDotNet.dll
Symbol file LoadedFromMemory doesn't match image D:\01_Projects\FemDevsGameJam2022\BoobieTraps\Library\PackageCache\com.unity.visualscripting@1.7.8\Editor\VisualScripting.Core\Dependencies\DotNetZip\Unity.VisualScripting.IonicZip.dll
Native extension for LinuxStandalone target not found
Native extension for WindowsStandalone target not found
Native extension for OSXStandalone target not found
Native extension for WebGL target not found
Refreshing native plugins compatible for Editor in 102.86 ms, found 4 plugins.
Preloading 0 native plugins for Editor in 0.00 ms.
DisplayProgressbar: Generating Metadata
Mono: successfully reloaded assembly
- Completed reload, in  2.191 seconds
Domain Reload Profiling:
	ReloadAssembly (2193ms)
		BeginReloadAssembly (125ms)
			ExecutionOrderSort (0ms)
			DisableScriptedObjects (6ms)
			BackupInstance (0ms)
			ReleaseScriptingObjects (0ms)
			CreateAndSetChildDomain (20ms)
		EndReloadAssembly (1925ms)
			LoadAssemblies (132ms)
			RebuildTransferFunctionScriptingTraits (0ms)
			SetupTypeCache (296ms)
			ReleaseScriptCaches (1ms)
			RebuildScriptCaches (69ms)
			SetupLoadedEditorAssemblies (1372ms)
				LogAssemblyErrors (0ms)
				InitializePlatformSupportModulesInManaged (16ms)
				SetLoadedEditorAssemblies (0ms)
				RefreshPlugins (103ms)
				BeforeProcessingInitializeOnLoad (139ms)
				ProcessInitializeOnLoadAttributes (269ms)
				ProcessInitializeOnLoadMethodAttributes (832ms)
				AfterProcessingInitializeOnLoad (12ms)
				EditorAssembliesLoaded (0ms)
			ExecutionOrderSort2 (0ms)
			AwakeInstancesAfterBackupRestoration (7ms)
Platform modules already initialized, skipping
========================================================================
Worker process is ready to serve import requests
Launched and connected shader compiler UnityShaderCompiler.exe after 0.11 seconds
Refreshing native plugins compatible for Editor in 1.40 ms, found 4 plugins.
Preloading 0 native plugins for Editor in 0.00 ms.
Unloading 4820 Unused Serialized files (Serialized files now loaded: 0)
Unloading 58 unused Assets / (229.5 KB). Loaded Objects now: 5275.
Memory consumption went from 173.2 MB to 173.0 MB.
Total: 5.031200 ms (FindLiveObjects: 0.406500 ms CreateObjectMapping: 0.343900 ms MarkObjects: 4.090300 ms  DeleteObjects: 0.189400 ms)

AssetImportParameters requested are different than current active one (requested -> active):
  custom:video-decoder-ogg-theora: a1e56fd34408186e4bbccfd4996cb3dc -> 
  custom:container-muxer-webm: aa71ff27fc2769a1b78a27578f13a17b -> 
  custom:container-demuxer-webm: 4f35f7cbe854078d1ac9338744f61a02 -> 
  custom:video-encoder-webm-vp8: eb34c28f22e8b96e1ab97ce403110664 -> 
  custom:audio-encoder-webm-vorbis: bf7c407c2cedff20999df2af8eb42d56 -> 
  custom:framework-win-MediaFoundation: 216162199b28c13a410421893ffa2e32 -> 
  custom:container-demuxer-ogg: 62fdf1f143b41e24485cea50d1cbac27 -> 
  custom:video-decoder-webm-vp8: 9c59270c3fd7afecdb556c50c9e8de78 -> 
  custom:audio-decoder-ogg-vorbis: bf7c407c2cedff20999df2af8eb42d56 -> 
12.11.2022 01:25:08|Error|<>c__DisplayClass70_0.<receiveRequest>b__0|An exception has occurred while reading an HTTP request/response.
========================================================================
Received Prepare
Registering precompiled user dll's ...
Registered in 0.036795 seconds.
Begin MonoManager ReloadAssembly
12.11.2022 01:25:11|Fatal|WebSocketServer.receiveRequest|Thread was being aborted.
12.11.2022 01:25:11|Error|<>c__DisplayClass70_0.<receiveRequest>b__0|Thread was being aborted.
Symbol file LoadedFromMemory doesn't match image D:\01_Projects\FemDevsGameJam2022\BoobieTraps\Library\PackageCache\com.unity.visualscripting@1.7.8\Editor\VisualScripting.Core\Dependencies\YamlDotNet\Unity.VisualScripting.YamlDotNet.dll
Symbol file LoadedFromMemory doesn't match image D:\01_Projects\FemDevsGameJam2022\BoobieTraps\Library\PackageCache\com.unity.visualscripting@1.7.8\Editor\VisualScripting.Core\Dependencies\DotNetZip\Unity.VisualScripting.IonicZip.dll
Native extension for LinuxStandalone target not found
Native extension for WindowsStandalone target not found
Native extension for OSXStandalone target not found
Native extension for WebGL target not found
Refreshing native plugins compatible for Editor in 0.83 ms, found 4 plugins.
Preloading 0 native plugins for Editor in 0.00 ms.
System.Reflection.TargetInvocationException: Exception has been thrown by the target of an invocation. ---> System.InvalidOperationException: The underlying listener has failed to start. ---> System.Net.Sockets.SocketException: Only one usage of each socket address (protocol/network address/port) is normally permitted.
UnityEngine.StackTraceUtility:ExtractStackTrace ()
UnityEngine.DebugLogHandler:LogFormat (UnityEngine.LogType,UnityEngine.Object,string,object[])
UnityEngine.Logger:Log (UnityEngine.LogType,object)
UnityEngine.Debug:LogError (object)
UnityEditor.EditorAssemblies:ProcessInitializeOnLoadMethodAttributes ()

Mono: successfully reloaded assembly
- Completed reload, in  2.042 seconds
Domain Reload Profiling:
	ReloadAssembly (2042ms)
		BeginReloadAssembly (264ms)
			ExecutionOrderSort (0ms)
			DisableScriptedObjects (7ms)
			BackupInstance (0ms)
			ReleaseScriptingObjects (0ms)
			CreateAndSetChildDomain (147ms)
		EndReloadAssembly (1637ms)
			LoadAssemblies (134ms)
			RebuildTransferFunctionScriptingTraits (0ms)
			SetupTypeCache (303ms)
			ReleaseScriptCaches (1ms)
			RebuildScriptCaches (64ms)
			SetupLoadedEditorAssemblies (1077ms)
				LogAssemblyErrors (0ms)
				InitializePlatformSupportModulesInManaged (24ms)
				SetLoadedEditorAssemblies (0ms)
				RefreshPlugins (1ms)
				BeforeProcessingInitializeOnLoad (115ms)
				ProcessInitializeOnLoadAttributes (265ms)
				ProcessInitializeOnLoadMethodAttributes (659ms)
				AfterProcessingInitializeOnLoad (12ms)
				EditorAssembliesLoaded (0ms)
			ExecutionOrderSort2 (0ms)
			AwakeInstancesAfterBackupRestoration (10ms)
Platform modules already initialized, skipping
Refreshing native plugins compatible for Editor in 7.75 ms, found 4 plugins.
Preloading 0 native plugins for Editor in 0.00 ms.
Unloading 4960 Unused Serialized files (Serialized files now loaded: 0)
Unloading 38 unused Assets / (289.8 KB). Loaded Objects now: 5451.
Memory consumption went from 178.0 MB to 177.7 MB.
Total: 3.815700 ms (FindLiveObjects: 0.368900 ms CreateObjectMapping: 0.275400 ms MarkObjects: 3.009700 ms  DeleteObjects: 0.160800 ms)

AssetImportParameters requested are different than current active one (requested -> active):
  custom:video-decoder-ogg-theora: a1e56fd34408186e4bbccfd4996cb3dc -> 
  custom:container-muxer-webm: aa71ff27fc2769a1b78a27578f13a17b -> 
  custom:container-demuxer-webm: 4f35f7cbe854078d1ac9338744f61a02 -> 
  custom:video-encoder-webm-vp8: eb34c28f22e8b96e1ab97ce403110664 -> 
  custom:audio-encoder-webm-vorbis: bf7c407c2cedff20999df2af8eb42d56 -> 
  custom:framework-win-MediaFoundation: 216162199b28c13a410421893ffa2e32 -> 
  custom:container-demuxer-ogg: 62fdf1f143b41e24485cea50d1cbac27 -> 
  custom:video-decoder-webm-vp8: 9c59270c3fd7afecdb556c50c9e8de78 -> 
  custom:audio-decoder-ogg-vorbis: bf7c407c2cedff20999df2af8eb42d56 -> 
========================================================================
Received Import Request.
  Time since last request: 33008.530773 seconds.
  path: Assets/Samples/Cinemachine/2.8.9/Cinemachine Example Scenes
  artifactKey: Guid(38df9ac6a4af9c946b884ac0301969f4) Importer(815301076,1909f56bfc062723c751e8b465ee728b)
Start importing Assets/Samples/Cinemachine/2.8.9/Cinemachine Example Scenes using Guid(38df9ac6a4af9c946b884ac0301969f4) Importer(815301076,1909f56bfc062723c751e8b465ee728b)  -> (artifact id: '9d6d80eeb4013abe53ebac820929d7a3') in 0.011730 seconds 
========================================================================
Received Prepare
Registering precompiled user dll's ...
Registered in 0.026050 seconds.
Begin MonoManager ReloadAssembly
Symbol file LoadedFromMemory doesn't match image D:\01_Projects\FemDevsGameJam2022\BoobieTraps\Library\PackageCache\com.unity.visualscripting@1.7.8\Editor\VisualScripting.Core\Dependencies\YamlDotNet\Unity.VisualScripting.YamlDotNet.dll
Symbol file LoadedFromMemory doesn't match image D:\01_Projects\FemDevsGameJam2022\BoobieTraps\Library\PackageCache\com.unity.visualscripting@1.7.8\Editor\VisualScripting.Core\Dependencies\DotNetZip\Unity.VisualScripting.IonicZip.dll
Native extension for LinuxStandalone target not found
Native extension for WindowsStandalone target not found
Native extension for OSXStandalone target not found
Native extension for WebGL target not found
Refreshing native plugins compatible for Editor in 0.85 ms, found 4 plugins.
Preloading 0 native plugins for Editor in 0.00 ms.
Mono: successfully reloaded assembly
- Completed reload, in  1.922 seconds
Domain Reload Profiling:
	ReloadAssembly (1922ms)
		BeginReloadAssembly (155ms)
			ExecutionOrderSort (0ms)
			DisableScriptedObjects (7ms)
			BackupInstance (0ms)
			ReleaseScriptingObjects (0ms)
			CreateAndSetChildDomain (43ms)
		EndReloadAssembly (1625ms)
			LoadAssemblies (134ms)
			RebuildTransferFunctionScriptingTraits (0ms)
			SetupTypeCache (308ms)
			ReleaseScriptCaches (2ms)
			RebuildScriptCaches (55ms)
			SetupLoadedEditorAssemblies (1047ms)
				LogAssemblyErrors (0ms)
				InitializePlatformSupportModulesInManaged (26ms)
				SetLoadedEditorAssemblies (1ms)
				RefreshPlugins (1ms)
				BeforeProcessingInitializeOnLoad (119ms)
				ProcessInitializeOnLoadAttributes (244ms)
				ProcessInitializeOnLoadMethodAttributes (644ms)
				AfterProcessingInitializeOnLoad (12ms)
				EditorAssembliesLoaded (0ms)
			ExecutionOrderSort2 (0ms)
			AwakeInstancesAfterBackupRestoration (13ms)
Platform modules already initialized, skipping
Refreshing native plugins compatible for Editor in 7.29 ms, found 4 plugins.
Preloading 0 native plugins for Editor in 0.00 ms.
Unloading 4993 Unused Serialized files (Serialized files now loaded: 0)
Unloading 40 unused Assets / (0.6 MB). Loaded Objects now: 5501.
Memory consumption went from 179.7 MB to 179.1 MB.
Total: 5.439500 ms (FindLiveObjects: 0.443200 ms CreateObjectMapping: 0.319400 ms MarkObjects: 4.382300 ms  DeleteObjects: 0.293700 ms)

AssetImportParameters requested are different than current active one (requested -> active):
  custom:video-decoder-ogg-theora: a1e56fd34408186e4bbccfd4996cb3dc -> 
  custom:container-muxer-webm: aa71ff27fc2769a1b78a27578f13a17b -> 
  custom:container-demuxer-webm: 4f35f7cbe854078d1ac9338744f61a02 -> 
  custom:video-encoder-webm-vp8: eb34c28f22e8b96e1ab97ce403110664 -> 
  custom:audio-encoder-webm-vorbis: bf7c407c2cedff20999df2af8eb42d56 -> 
  custom:framework-win-MediaFoundation: 216162199b28c13a410421893ffa2e32 -> 
  custom:container-demuxer-ogg: 62fdf1f143b41e24485cea50d1cbac27 -> 
  custom:video-decoder-webm-vp8: 9c59270c3fd7afecdb556c50c9e8de78 -> 
  custom:audio-decoder-ogg-vorbis: bf7c407c2cedff20999df2af8eb42d56 -> 
========================================================================
Received Import Request.
  Time since last request: 40.026556 seconds.
  path: Assets/2DPixelArtTest/Prefabs/CoinObject.prefab
  artifactKey: Guid(64df127b35064314c881e264a2516967) Importer(815301076,1909f56bfc062723c751e8b465ee728b)
Start importing Assets/2DPixelArtTest/Prefabs/CoinObject.prefab using Guid(64df127b35064314c881e264a2516967) Importer(815301076,1909f56bfc062723c751e8b465ee728b)  -> (artifact id: '3075aee9341bc5838dbbae011e986253') in 0.143652 seconds 
========================================================================
Received Import Request.
  Time since last request: 0.000025 seconds.
  path: Assets/2DPixelArtTest/Prefabs/HeartObject.prefab
  artifactKey: Guid(7c3e79a8b9019804f95afeccc0204540) Importer(815301076,1909f56bfc062723c751e8b465ee728b)
Start importing Assets/2DPixelArtTest/Prefabs/HeartObject.prefab using Guid(7c3e79a8b9019804f95afeccc0204540) Importer(815301076,1909f56bfc062723c751e8b465ee728b)  -> (artifact id: 'd4143798ae3ac7e7277a7781094c6580') in 0.018974 seconds 
========================================================================
Received Import Request.
  Time since last request: 0.000032 seconds.
  path: Assets/2DPixelArtTest/Prefabs/PlayerObject.prefab
  artifactKey: Guid(c34ed34754d5ce8449ba73da316bdc2a) Importer(815301076,1909f56bfc062723c751e8b465ee728b)
Start importing Assets/2DPixelArtTest/Prefabs/PlayerObject.prefab using Guid(c34ed34754d5ce8449ba73da316bdc2a) Importer(815301076,1909f56bfc062723c751e8b465ee728b)  -> (artifact id: 'a9594313c811b9acfd4ac67017b9574e') in 0.044496 seconds 
12.11.2022 01:26:39|Error|<>c__DisplayClass70_0.<receiveRequest>b__0|An exception has occurred while reading an HTTP request/response.
========================================================================
Received Import Request.
  Time since last request: 24.644669 seconds.
  path: Assets/NaninovelData/EditorResources.asset
  artifactKey: Guid(9b716fa1b38b3f946abfb7be255ffd89) Importer(815301076,1909f56bfc062723c751e8b465ee728b)
Start importing Assets/NaninovelData/EditorResources.asset using Guid(9b716fa1b38b3f946abfb7be255ffd89) Importer(815301076,1909f56bfc062723c751e8b465ee728b)  -> (artifact id: 'd2d26c358605b7bae4181de63cefb73f') in 0.008394 seconds 
12.11.2022 01:27:14|Error|<>c__DisplayClass70_0.<receiveRequest>b__0|An exception has occurred while reading an HTTP request/response.
========================================================================
Received Prepare
Registering precompiled user dll's ...
Registered in 0.029193 seconds.
Begin MonoManager ReloadAssembly
12.11.2022 01:27:17|Error|<>c__DisplayClass70_0.<receiveRequest>b__0|Thread was being aborted.
12.11.2022 01:27:17|Error|<>c__DisplayClass70_0.<receiveRequest>b__0|Thread was being aborted.
12.11.2022 01:27:17|Fatal|WebSocketServer.receiveRequest|Thread was being aborted.
Symbol file LoadedFromMemory doesn't match image D:\01_Projects\FemDevsGameJam2022\BoobieTraps\Library\PackageCache\com.unity.visualscripting@1.7.8\Editor\VisualScripting.Core\Dependencies\YamlDotNet\Unity.VisualScripting.YamlDotNet.dll
Symbol file LoadedFromMemory doesn't match image D:\01_Projects\FemDevsGameJam2022\BoobieTraps\Library\PackageCache\com.unity.visualscripting@1.7.8\Editor\VisualScripting.Core\Dependencies\DotNetZip\Unity.VisualScripting.IonicZip.dll
Native extension for LinuxStandalone target not found
Native extension for WindowsStandalone target not found
Native extension for OSXStandalone target not found
Native extension for WebGL target not found
Refreshing native plugins compatible for Editor in 1.51 ms, found 4 plugins.
Preloading 0 native plugins for Editor in 0.00 ms.
System.Reflection.TargetInvocationException: Exception has been thrown by the target of an invocation. ---> System.InvalidOperationException: The underlying listener has failed to start. ---> System.Net.Sockets.SocketException: Only one usage of each socket address (protocol/network address/port) is normally permitted.
UnityEngine.StackTraceUtility:ExtractStackTrace ()
UnityEngine.DebugLogHandler:LogFormat (UnityEngine.LogType,UnityEngine.Object,string,object[])
UnityEngine.Logger:Log (UnityEngine.LogType,object)
UnityEngine.Debug:LogError (object)
UnityEditor.EditorAssemblies:ProcessInitializeOnLoadMethodAttributes ()

Mono: successfully reloaded assembly
- Completed reload, in  2.488 seconds
Domain Reload Profiling:
	ReloadAssembly (2489ms)
		BeginReloadAssembly (295ms)
			ExecutionOrderSort (0ms)
			DisableScriptedObjects (9ms)
			BackupInstance (0ms)
			ReleaseScriptingObjects (0ms)
			CreateAndSetChildDomain (149ms)
		EndReloadAssembly (2009ms)
			LoadAssemblies (175ms)
			RebuildTransferFunctionScriptingTraits (0ms)
			SetupTypeCache (407ms)
			ReleaseScriptCaches (2ms)
			RebuildScriptCaches (81ms)
			SetupLoadedEditorAssemblies (1249ms)
				LogAssemblyErrors (0ms)
				InitializePlatformSupportModulesInManaged (37ms)
				SetLoadedEditorAssemblies (1ms)
				RefreshPlugins (2ms)
				BeforeProcessingInitializeOnLoad (179ms)
				ProcessInitializeOnLoadAttributes (325ms)
				ProcessInitializeOnLoadMethodAttributes (687ms)
				AfterProcessingInitializeOnLoad (18ms)
				EditorAssembliesLoaded (0ms)
			ExecutionOrderSort2 (0ms)
			AwakeInstancesAfterBackupRestoration (13ms)
Platform modules already initialized, skipping
Refreshing native plugins compatible for Editor in 8.53 ms, found 4 plugins.
Preloading 0 native plugins for Editor in 0.00 ms.
Unloading 4992 Unused Serialized files (Serialized files now loaded: 0)
Unloading 40 unused Assets / (0.6 MB). Loaded Objects now: 5529.
Memory consumption went from 183.8 MB to 183.2 MB.
Total: 5.825700 ms (FindLiveObjects: 0.502800 ms CreateObjectMapping: 0.558200 ms MarkObjects: 4.445000 ms  DeleteObjects: 0.318000 ms)

AssetImportParameters requested are different than current active one (requested -> active):
  custom:video-decoder-ogg-theora: a1e56fd34408186e4bbccfd4996cb3dc -> 
  custom:container-muxer-webm: aa71ff27fc2769a1b78a27578f13a17b -> 
  custom:container-demuxer-webm: 4f35f7cbe854078d1ac9338744f61a02 -> 
  custom:video-encoder-webm-vp8: eb34c28f22e8b96e1ab97ce403110664 -> 
  custom:audio-encoder-webm-vorbis: bf7c407c2cedff20999df2af8eb42d56 -> 
  custom:framework-win-MediaFoundation: 216162199b28c13a410421893ffa2e32 -> 
  custom:container-demuxer-ogg: 62fdf1f143b41e24485cea50d1cbac27 -> 
  custom:video-decoder-webm-vp8: 9c59270c3fd7afecdb556c50c9e8de78 -> 
  custom:audio-decoder-ogg-vorbis: bf7c407c2cedff20999df2af8eb42d56 -> 
========================================================================
Received Import Request.
  Time since last request: 51.231297 seconds.
  path: Assets/Naninovel/Textures/CapsuleSoft.png
  artifactKey: Guid(0a62b43bd10250745aefc3e017a314c8) Importer(815301076,1909f56bfc062723c751e8b465ee728b)
Start importing Assets/Naninovel/Textures/CapsuleSoft.png using Guid(0a62b43bd10250745aefc3e017a314c8) Importer(815301076,1909f56bfc062723c751e8b465ee728b)  -> (artifact id: 'efeec5bce2bcc83a2276ca0b51187350') in 0.483851 seconds 
========================================================================
Received Import Request.
  Time since last request: 0.000022 seconds.
  path: Assets/Naninovel/Textures/SunShafts.png
  artifactKey: Guid(198b2b8e58021b14da81c1a29846ada6) Importer(815301076,1909f56bfc062723c751e8b465ee728b)
Start importing Assets/Naninovel/Textures/SunShafts.png using Guid(198b2b8e58021b14da81c1a29846ada6) Importer(815301076,1909f56bfc062723c751e8b465ee728b)  -> (artifact id: 'a3ab47d31c8ea88963dddf2b71fd1d23') in 0.088464 seconds 
========================================================================
Received Import Request.
  Time since last request: 0.042124 seconds.
  path: Assets/Naninovel/Runtime/Elringus.Naninovel.Runtime.asmdef
  artifactKey: Guid(08ab4e9b32bfd234da6fed8acbd71909) Importer(815301076,1909f56bfc062723c751e8b465ee728b)
Start importing Assets/Naninovel/Runtime/Elringus.Naninovel.Runtime.asmdef using Guid(08ab4e9b32bfd234da6fed8acbd71909) Importer(815301076,1909f56bfc062723c751e8b465ee728b)  -> (artifact id: '5631cb1e7bb8a4e5348821b00d9db689') in 0.007459 seconds 
========================================================================
Received Import Request.
  Time since last request: 7.980322 seconds.
  path: Assets/Naninovel/Runtime/Input
  artifactKey: Guid(d21bd5a1901779d44b5d7b14609103fd) Importer(815301076,1909f56bfc062723c751e8b465ee728b)
Start importing Assets/Naninovel/Runtime/Input using Guid(d21bd5a1901779d44b5d7b14609103fd) Importer(815301076,1909f56bfc062723c751e8b465ee728b)  -> (artifact id: '90aee8b5ea297d8dc2a14dd2cd324508') in 0.004779 seconds 
========================================================================
Received Import Request.
  Time since last request: 1.827836 seconds.
  path: Assets/Naninovel/Runtime/Input/IInputManager.cs
  artifactKey: Guid(d8ddf16c3defeed41961ab5af972b0eb) Importer(815301076,1909f56bfc062723c751e8b465ee728b)
Start importing Assets/Naninovel/Runtime/Input/IInputManager.cs using Guid(d8ddf16c3defeed41961ab5af972b0eb) Importer(815301076,1909f56bfc062723c751e8b465ee728b)  -> (artifact id: 'c23ceaa7774d07e0bca1e3bb0fb63155') in 0.011753 seconds 
========================================================================
Received Import Request.
  Time since last request: 10.158414 seconds.
  path: Assets/Naninovel/Runtime/Input/InputConfiguration.cs
  artifactKey: Guid(152a604f7ea004245b5569f53d69586e) Importer(815301076,1909f56bfc062723c751e8b465ee728b)
Start importing Assets/Naninovel/Runtime/Input/InputConfiguration.cs using Guid(152a604f7ea004245b5569f53d69586e) Importer(815301076,1909f56bfc062723c751e8b465ee728b)  -> (artifact id: '6df22eb446fcef678d4c52cc31fd20cc') in 0.006767 seconds 
========================================================================
Received Import Request.
  Time since last request: 1.006932 seconds.
  path: Assets/Naninovel/Runtime/Input/InputManager.cs
  artifactKey: Guid(af89e84d37aca094eaac428773a8f3ce) Importer(815301076,1909f56bfc062723c751e8b465ee728b)
Start importing Assets/Naninovel/Runtime/Input/InputManager.cs using Guid(af89e84d37aca094eaac428773a8f3ce) Importer(815301076,1909f56bfc062723c751e8b465ee728b)  -> (artifact id: '8705bdb0a7638a8b4c285b492b52cf71') in 0.005589 seconds 
========================================================================
Received Import Request.
  Time since last request: 14.185183 seconds.
  path: Assets/Naninovel/Editor/Elringus.Naninovel.Editor.asmdef
  artifactKey: Guid(299f0e1d2253c7f42906a1f24d2d2eb0) Importer(815301076,1909f56bfc062723c751e8b465ee728b)
Start importing Assets/Naninovel/Editor/Elringus.Naninovel.Editor.asmdef using Guid(299f0e1d2253c7f42906a1f24d2d2eb0) Importer(815301076,1909f56bfc062723c751e8b465ee728b)  -> (artifact id: '56069d5ce5fe9f8e300662525b3a88cd') in 0.004847 seconds 
========================================================================
Received Import Request.
  Time since last request: 1.040000 seconds.
  path: Assets/Naninovel/Fonts/Roboto-Regular SDF Revealable Underlay.mat
  artifactKey: Guid(db78da1dcf5362b468bf6cab62a09d59) Importer(815301076,1909f56bfc062723c751e8b465ee728b)
Start importing Assets/Naninovel/Fonts/Roboto-Regular SDF Revealable Underlay.mat using Guid(db78da1dcf5362b468bf6cab62a09d59) Importer(815301076,1909f56bfc062723c751e8b465ee728b)  -> (artifact id: '0233dd2e077c98cce7c3dd05735daa34') in 0.224314 seconds 
========================================================================
Received Import Request.
  Time since last request: 0.000031 seconds.
  path: Assets/Naninovel/Fonts/Roboto-Regular SDF Underlay Black.mat
  artifactKey: Guid(58b96f2a0c0c4a846a7967775b1d58fc) Importer(815301076,1909f56bfc062723c751e8b465ee728b)
Start importing Assets/Naninovel/Fonts/Roboto-Regular SDF Underlay Black.mat using Guid(58b96f2a0c0c4a846a7967775b1d58fc) Importer(815301076,1909f56bfc062723c751e8b465ee728b)  -> (artifact id: 'c938417be1a5f7631026214fea11d000') in 0.074940 seconds 
========================================================================
Received Import Request.
  Time since last request: 0.000037 seconds.
  path: Assets/Naninovel/Fonts/Roboto-Regular SDF.asset
  artifactKey: Guid(5a5da223be1edb84887b02e14312351e) Importer(815301076,1909f56bfc062723c751e8b465ee728b)
Start importing Assets/Naninovel/Fonts/Roboto-Regular SDF.asset using Guid(5a5da223be1edb84887b02e14312351e) Importer(815301076,1909f56bfc062723c751e8b465ee728b)  -> (artifact id: '08af3072b77a132d58b74c0c3a6d55c6') in 0.093830 seconds 
========================================================================
Received Import Request.
  Time since last request: 0.063829 seconds.
  path: Assets/Naninovel/Materials/RainParticle.mat
  artifactKey: Guid(24f11794f6247df4faa44075a267b797) Importer(815301076,1909f56bfc062723c751e8b465ee728b)
Start importing Assets/Naninovel/Materials/RainParticle.mat using Guid(24f11794f6247df4faa44075a267b797) Importer(815301076,1909f56bfc062723c751e8b465ee728b)  -> (artifact id: '581e52267d26b7c4a668fb62a4796751') in 0.080209 seconds 
========================================================================
Received Import Request.
  Time since last request: 0.000023 seconds.
  path: Assets/Naninovel/Materials/SunShafts.mat
  artifactKey: Guid(987fa0e5928185a4a9f7afd3ea4810b8) Importer(815301076,1909f56bfc062723c751e8b465ee728b)
Start importing Assets/Naninovel/Materials/SunShafts.mat using Guid(987fa0e5928185a4a9f7afd3ea4810b8) Importer(815301076,1909f56bfc062723c751e8b465ee728b)  -> (artifact id: 'd05bdff9615483696ff04b2fb8f08c35') in 0.103243 seconds 
========================================================================
Received Prepare
Registering precompiled user dll's ...
Registered in 0.025402 seconds.
Begin MonoManager ReloadAssembly
Symbol file LoadedFromMemory doesn't match image D:\01_Projects\FemDevsGameJam2022\BoobieTraps\Library\PackageCache\com.unity.visualscripting@1.7.8\Editor\VisualScripting.Core\Dependencies\YamlDotNet\Unity.VisualScripting.YamlDotNet.dll
Symbol file LoadedFromMemory doesn't match image D:\01_Projects\FemDevsGameJam2022\BoobieTraps\Library\PackageCache\com.unity.visualscripting@1.7.8\Editor\VisualScripting.Core\Dependencies\DotNetZip\Unity.VisualScripting.IonicZip.dll
Native extension for LinuxStandalone target not found
Native extension for WindowsStandalone target not found
Native extension for OSXStandalone target not found
Native extension for WebGL target not found
Refreshing native plugins compatible for Editor in 0.94 ms, found 4 plugins.
Preloading 0 native plugins for Editor in 0.00 ms.
Mono: successfully reloaded assembly
- Completed reload, in  2.067 seconds
Domain Reload Profiling:
	ReloadAssembly (2068ms)
		BeginReloadAssembly (164ms)
			ExecutionOrderSort (0ms)
			DisableScriptedObjects (6ms)
			BackupInstance (0ms)
			ReleaseScriptingObjects (0ms)
			CreateAndSetChildDomain (46ms)
		EndReloadAssembly (1772ms)
			LoadAssemblies (153ms)
			RebuildTransferFunctionScriptingTraits (0ms)
			SetupTypeCache (368ms)
			ReleaseScriptCaches (2ms)
			RebuildScriptCaches (65ms)
			SetupLoadedEditorAssemblies (1105ms)
				LogAssemblyErrors (0ms)
				InitializePlatformSupportModulesInManaged (27ms)
				SetLoadedEditorAssemblies (1ms)
				RefreshPlugins (1ms)
				BeforeProcessingInitializeOnLoad (148ms)
				ProcessInitializeOnLoadAttributes (266ms)
				ProcessInitializeOnLoadMethodAttributes (649ms)
				AfterProcessingInitializeOnLoad (13ms)
				EditorAssembliesLoaded (0ms)
			ExecutionOrderSort2 (0ms)
			AwakeInstancesAfterBackupRestoration (9ms)
Platform modules already initialized, skipping
Refreshing native plugins compatible for Editor in 8.63 ms, found 4 plugins.
Preloading 0 native plugins for Editor in 0.00 ms.
Unloading 5000 Unused Serialized files (Serialized files now loaded: 0)
Unloading 40 unused Assets / (0.6 MB). Loaded Objects now: 5594.
Memory consumption went from 184.5 MB to 183.9 MB.
Total: 5.161800 ms (FindLiveObjects: 0.378200 ms CreateObjectMapping: 0.316400 ms MarkObjects: 4.145000 ms  DeleteObjects: 0.320300 ms)

AssetImportParameters requested are different than current active one (requested -> active):
  custom:video-decoder-ogg-theora: a1e56fd34408186e4bbccfd4996cb3dc -> 
  custom:container-muxer-webm: aa71ff27fc2769a1b78a27578f13a17b -> 
  custom:container-demuxer-webm: 4f35f7cbe854078d1ac9338744f61a02 -> 
  custom:video-encoder-webm-vp8: eb34c28f22e8b96e1ab97ce403110664 -> 
  custom:audio-encoder-webm-vorbis: bf7c407c2cedff20999df2af8eb42d56 -> 
  custom:framework-win-MediaFoundation: 216162199b28c13a410421893ffa2e32 -> 
  custom:container-demuxer-ogg: 62fdf1f143b41e24485cea50d1cbac27 -> 
  custom:video-decoder-webm-vp8: 9c59270c3fd7afecdb556c50c9e8de78 -> 
  custom:audio-decoder-ogg-vorbis: bf7c407c2cedff20999df2af8eb42d56 -> 
12.11.2022 01:31:30|Error|<>c__DisplayClass70_0.<receiveRequest>b__0|A timeout has occurred while reading an HTTP request/response.
12.11.2022 01:31:30|Error|<>c__DisplayClass70_0.<receiveRequest>b__0|A timeout has occurred while reading an HTTP request/response.
12.11.2022 01:33:35|Error|<>c__DisplayClass70_0.<receiveRequest>b__0|An exception has occurred while reading an HTTP request/response.
========================================================================
Received Prepare
Registering precompiled user dll's ...
Registered in 0.023800 seconds.
Begin MonoManager ReloadAssembly
12.11.2022 01:33:37|Fatal|WebSocketServer.receiveRequest|Thread was being aborted.
Symbol file LoadedFromMemory doesn't match image D:\01_Projects\FemDevsGameJam2022\BoobieTraps\Library\PackageCache\com.unity.visualscripting@1.7.8\Editor\VisualScripting.Core\Dependencies\YamlDotNet\Unity.VisualScripting.YamlDotNet.dll
Symbol file LoadedFromMemory doesn't match image D:\01_Projects\FemDevsGameJam2022\BoobieTraps\Library\PackageCache\com.unity.visualscripting@1.7.8\Editor\VisualScripting.Core\Dependencies\DotNetZip\Unity.VisualScripting.IonicZip.dll
Native extension for LinuxStandalone target not found
Native extension for WindowsStandalone target not found
Native extension for OSXStandalone target not found
Native extension for WebGL target not found
Refreshing native plugins compatible for Editor in 1.27 ms, found 4 plugins.
Preloading 0 native plugins for Editor in 0.00 ms.
Mono: successfully reloaded assembly
- Completed reload, in  2.506 seconds
Domain Reload Profiling:
	ReloadAssembly (2508ms)
		BeginReloadAssembly (189ms)
			ExecutionOrderSort (0ms)
			DisableScriptedObjects (9ms)
			BackupInstance (0ms)
			ReleaseScriptingObjects (0ms)
			CreateAndSetChildDomain (58ms)
		EndReloadAssembly (2170ms)
			LoadAssemblies (197ms)
			RebuildTransferFunctionScriptingTraits (0ms)
			SetupTypeCache (435ms)
			ReleaseScriptCaches (2ms)
			RebuildScriptCaches (78ms)
			SetupLoadedEditorAssemblies (1262ms)
				LogAssemblyErrors (0ms)
				InitializePlatformSupportModulesInManaged (33ms)
				SetLoadedEditorAssemblies (1ms)
				RefreshPlugins (1ms)
				BeforeProcessingInitializeOnLoad (155ms)
				ProcessInitializeOnLoadAttributes (363ms)
				ProcessInitializeOnLoadMethodAttributes (690ms)
				AfterProcessingInitializeOnLoad (19ms)
				EditorAssembliesLoaded (0ms)
			ExecutionOrderSort2 (0ms)
			AwakeInstancesAfterBackupRestoration (15ms)
Platform modules already initialized, skipping
Refreshing native plugins compatible for Editor in 9.50 ms, found 4 plugins.
Preloading 0 native plugins for Editor in 0.00 ms.
Unloading 5000 Unused Serialized files (Serialized files now loaded: 0)
Unloading 40 unused Assets / (0.6 MB). Loaded Objects now: 5613.
Memory consumption went from 184.4 MB to 183.7 MB.
Total: 5.489800 ms (FindLiveObjects: 0.611700 ms CreateObjectMapping: 0.557800 ms MarkObjects: 4.001700 ms  DeleteObjects: 0.317500 ms)

AssetImportParameters requested are different than current active one (requested -> active):
  custom:video-decoder-ogg-theora: a1e56fd34408186e4bbccfd4996cb3dc -> 
  custom:container-muxer-webm: aa71ff27fc2769a1b78a27578f13a17b -> 
  custom:container-demuxer-webm: 4f35f7cbe854078d1ac9338744f61a02 -> 
  custom:video-encoder-webm-vp8: eb34c28f22e8b96e1ab97ce403110664 -> 
  custom:audio-encoder-webm-vorbis: bf7c407c2cedff20999df2af8eb42d56 -> 
  custom:framework-win-MediaFoundation: 216162199b28c13a410421893ffa2e32 -> 
  custom:container-demuxer-ogg: 62fdf1f143b41e24485cea50d1cbac27 -> 
  custom:video-decoder-webm-vp8: 9c59270c3fd7afecdb556c50c9e8de78 -> 
  custom:audio-decoder-ogg-vorbis: bf7c407c2cedff20999df2af8eb42d56 -> 
12.11.2022 01:35:10|Error|<>c__DisplayClass70_0.<receiveRequest>b__0|A timeout has occurred while reading an HTTP request/response.
12.11.2022 01:35:10|Error|<>c__DisplayClass70_0.<receiveRequest>b__0|A timeout has occurred while reading an HTTP request/response.
========================================================================
Received Import Request.
  Time since last request: 1366.655189 seconds.
  path: Assets/2DPixelArtTest/Scripts/Scriptable Objects/Heart.asset
  artifactKey: Guid(68299f812f27cdb44b35d9e1a9a5068e) Importer(815301076,1909f56bfc062723c751e8b465ee728b)
Start importing Assets/2DPixelArtTest/Scripts/Scriptable Objects/Heart.asset using Guid(68299f812f27cdb44b35d9e1a9a5068e) Importer(815301076,1909f56bfc062723c751e8b465ee728b)  -> (artifact id: '72aa56853b964448635a0358936fcfb1') in 0.028590 seconds 
========================================================================
Received Import Request.
  Time since last request: 0.000023 seconds.
  path: Assets/2DPixelArtTest/Scripts/Scriptable Objects/HitPoints.asset
  artifactKey: Guid(6b507a641d5edde48a726d38d5337bb0) Importer(815301076,1909f56bfc062723c751e8b465ee728b)
Start importing Assets/2DPixelArtTest/Scripts/Scriptable Objects/HitPoints.asset using Guid(6b507a641d5edde48a726d38d5337bb0) Importer(815301076,1909f56bfc062723c751e8b465ee728b)  -> (artifact id: 'feca35c3401e4e31e8b1f3d1f0414f36') in 0.006612 seconds 
========================================================================
Received Import Request.
  Time since last request: 255.224807 seconds.
  path: Assets/NaninovelData/Resources/Naninovel/Configuration/InputConfiguration.asset
  artifactKey: Guid(d67deb71b26360643bdfd88be7299064) Importer(815301076,1909f56bfc062723c751e8b465ee728b)
Start importing Assets/NaninovelData/Resources/Naninovel/Configuration/InputConfiguration.asset using Guid(d67deb71b26360643bdfd88be7299064) Importer(815301076,1909f56bfc062723c751e8b465ee728b)  -> (artifact id: '9c4baebc1a08f97b124604981a24cdc2') in 0.010358 seconds 
========================================================================
Received Import Request.
  Time since last request: 0.000021 seconds.
  path: Assets/NaninovelData/Resources/Naninovel/Configuration/UIConfiguration.asset
  artifactKey: Guid(5fb4fc0168cb0f649bcd58d512bf16e4) Importer(815301076,1909f56bfc062723c751e8b465ee728b)
Start importing Assets/NaninovelData/Resources/Naninovel/Configuration/UIConfiguration.asset using Guid(5fb4fc0168cb0f649bcd58d512bf16e4) Importer(815301076,1909f56bfc062723c751e8b465ee728b)  -> (artifact id: '274dd36571c816ae80364ee00e68f040') in 0.006993 seconds 
========================================================================
Received Import Request.
  Time since last request: 670.178395 seconds.
  path: Assets/NaninovelData/Resources/Naninovel/Configuration/ScriptsConfiguration.asset
  artifactKey: Guid(e3c59eed17e68bc439b55af19c60813b) Importer(815301076,1909f56bfc062723c751e8b465ee728b)
Start importing Assets/NaninovelData/Resources/Naninovel/Configuration/ScriptsConfiguration.asset using Guid(e3c59eed17e68bc439b55af19c60813b) Importer(815301076,1909f56bfc062723c751e8b465ee728b)  -> (artifact id: '859538fd52f734b6933ae79eae888db8') in 0.006456 seconds 
========================================================================
Received Import Request.
  Time since last request: 1107.020719 seconds.
  path: Assets/Naninovel/Resources/Naninovel/EngineInitializationUI.prefab
  artifactKey: Guid(4c50c16ce50037944a540ca5b289de39) Importer(815301076,1909f56bfc062723c751e8b465ee728b)
Start importing Assets/Naninovel/Resources/Naninovel/EngineInitializationUI.prefab using Guid(4c50c16ce50037944a540ca5b289de39) Importer(815301076,1909f56bfc062723c751e8b465ee728b)  -> (artifact id: 'e5fe97c12f15af96b1f3e3cb8114fedb') in 0.042839 seconds 
========================================================================
Received Import Request.
  Time since last request: 0.000026 seconds.
  path: Assets/Naninovel/Resources/Naninovel/EngineVersion.asset
  artifactKey: Guid(c84725d625f6ff44a89b187d567d4d96) Importer(815301076,1909f56bfc062723c751e8b465ee728b)
Start importing Assets/Naninovel/Resources/Naninovel/EngineVersion.asset using Guid(c84725d625f6ff44a89b187d567d4d96) Importer(815301076,1909f56bfc062723c751e8b465ee728b)  -> (artifact id: '414f68c07900af452395016db278d1ea') in 0.092570 seconds 
========================================================================
Received Import Request.
  Time since last request: 4.548034 seconds.
  path: Assets/Naninovel/Resources/Naninovel/Textures/Clouds.jpg
  artifactKey: Guid(968e718485a9fd54eb3fbbf0e525a7fe) Importer(815301076,1909f56bfc062723c751e8b465ee728b)
Start importing Assets/Naninovel/Resources/Naninovel/Textures/Clouds.jpg using Guid(968e718485a9fd54eb3fbbf0e525a7fe) Importer(815301076,1909f56bfc062723c751e8b465ee728b)  -> (artifact id: 'cc4c047b9a4d078beb79d5958ab51dc1') in 0.056868 seconds 
========================================================================
Received Import Request.
  Time since last request: 0.000021 seconds.
  path: Assets/Naninovel/Resources/Naninovel/Textures/UnknownActor.jpg
  artifactKey: Guid(8960572f1deaddd49aae40a294d93ed2) Importer(815301076,1909f56bfc062723c751e8b465ee728b)
Start importing Assets/Naninovel/Resources/Naninovel/Textures/UnknownActor.jpg using Guid(8960572f1deaddd49aae40a294d93ed2) Importer(815301076,1909f56bfc062723c751e8b465ee728b)  -> (artifact id: '1c2ef7d0c44ddabac6c34fc887681d41') in 0.056005 seconds 
========================================================================
Received Import Request.
  Time since last request: 3.511293 seconds.
  path: Assets/Naninovel/Resources/Naninovel/Shaders/DepthOfFieldComposition.cginc
  artifactKey: Guid(f2b46d0b0dbb8b9469fb7b6377bcb1d1) Importer(815301076,1909f56bfc062723c751e8b465ee728b)
Start importing Assets/Naninovel/Resources/Naninovel/Shaders/DepthOfFieldComposition.cginc using Guid(f2b46d0b0dbb8b9469fb7b6377bcb1d1) Importer(815301076,1909f56bfc062723c751e8b465ee728b)  -> (artifact id: '839572204e16464fc03f7282199b68d9') in 0.042108 seconds 
========================================================================
Received Import Request.
  Time since last request: 0.000034 seconds.
  path: Assets/Naninovel/Resources/Naninovel/Shaders/DepthOfFieldDiskKernel.cginc
  artifactKey: Guid(c76f3df06db3fa044b4bc486e31ebf50) Importer(815301076,1909f56bfc062723c751e8b465ee728b)
Start importing Assets/Naninovel/Resources/Naninovel/Shaders/DepthOfFieldDiskKernel.cginc using Guid(c76f3df06db3fa044b4bc486e31ebf50) Importer(815301076,1909f56bfc062723c751e8b465ee728b)  -> (artifact id: '99ca214bb1ba520ecce286f92d9769d1') in 0.152452 seconds 
========================================================================
Received Import Request.
  Time since last request: 0.000031 seconds.
  path: Assets/Naninovel/Resources/Naninovel/Shaders/DepthOfFieldDiskBlur.cginc
  artifactKey: Guid(85899e691ccbe3147a94f6e0d43e85b6) Importer(815301076,1909f56bfc062723c751e8b465ee728b)
Start importing Assets/Naninovel/Resources/Naninovel/Shaders/DepthOfFieldDiskBlur.cginc using Guid(85899e691ccbe3147a94f6e0d43e85b6) Importer(815301076,1909f56bfc062723c751e8b465ee728b)  -> (artifact id: '879e7bd3601e2215f109ccedc268b49a') in 0.022756 seconds 
12.11.2022 02:25:22|Error|<>c__DisplayClass70_0.<receiveRequest>b__0|An exception has occurred while reading an HTTP request/response.
========================================================================
Received Import Request.
  Time since last request: 7.671140 seconds.
  path: Assets/NaninovelData/Resources/Naninovel/Configuration/BackgroundsConfiguration.asset
  artifactKey: Guid(ad95ca59e126c244d8adc163d95eaeb1) Importer(815301076,1909f56bfc062723c751e8b465ee728b)
Start importing Assets/NaninovelData/Resources/Naninovel/Configuration/BackgroundsConfiguration.asset using Guid(ad95ca59e126c244d8adc163d95eaeb1) Importer(815301076,1909f56bfc062723c751e8b465ee728b)  -> (artifact id: '01b7aa4c0385e554128fd0495bb8dfdc') in 0.008375 seconds 
Editor requested this worker to shutdown with reason: Scaling down because of idle timeout
AssetImportWorker is now disconnected from the server
Process exiting
Exiting without the bug reporter. Application will terminate with return code 0