Using pre-set license
Built from '2021.3/staging' branch; Version is '2021.3.13f1 (9e7d58001ecf) revision 10386776'; Using compiler version '192829333'; Build Type 'Release'
OS: 'Windows 10  (10.0.19045) 64bit Core' Language: 'en' Physical Memory: 16196 MB
BatchMode: 1, IsHumanControllingUs: 0, StartBugReporterOnCrash: 0, Is64bit: 1, IsPro: 1

COMMAND LINE ARGUMENTS:
C:\Program Files\Unity\Hub\Editor\2021.3.13f1\Editor\Unity.exe
-adb2
-batchMode
-noUpm
-name
AssetImportWorker1
-projectPath
D:/01_Projects/FemDevsGameJam2022/BoobieTraps
-logFile
Logs/AssetImportWorker1.log
-srvPort
65234
Successfully changed project path to: D:/01_Projects/FemDevsGameJam2022/BoobieTraps
D:/01_Projects/FemDevsGameJam2022/BoobieTraps
[UnityMemory] Configuration Parameters - Can be set up in boot.config
    "memorysetup-bucket-allocator-granularity=16"
    "memorysetup-bucket-allocator-bucket-count=8"
    "memorysetup-bucket-allocator-block-size=33554432"
    "memorysetup-bucket-allocator-block-count=8"
    "memorysetup-main-allocator-block-size=16777216"
    "memorysetup-thread-allocator-block-size=16777216"
    "memorysetup-gfx-main-allocator-block-size=16777216"
    "memorysetup-gfx-thread-allocator-block-size=16777216"
    "memorysetup-cache-allocator-block-size=4194304"
    "memorysetup-typetree-allocator-block-size=2097152"
    "memorysetup-profiler-bucket-allocator-granularity=16"
    "memorysetup-profiler-bucket-allocator-bucket-count=8"
    "memorysetup-profiler-bucket-allocator-block-size=33554432"
    "memorysetup-profiler-bucket-allocator-block-count=8"
    "memorysetup-profiler-allocator-block-size=16777216"
    "memorysetup-profiler-editor-allocator-block-size=1048576"
    "memorysetup-temp-allocator-size-main=16777216"
    "memorysetup-job-temp-allocator-block-size=2097152"
    "memorysetup-job-temp-allocator-block-size-background=1048576"
    "memorysetup-job-temp-allocator-reduction-small-platforms=262144"
    "memorysetup-temp-allocator-size-background-worker=32768"
    "memorysetup-temp-allocator-size-job-worker=262144"
    "memorysetup-temp-allocator-size-preload-manager=33554432"
    "memorysetup-temp-allocator-size-nav-mesh-worker=65536"
    "memorysetup-temp-allocator-size-audio-worker=65536"
    "memorysetup-temp-allocator-size-cloud-worker=32768"
    "memorysetup-temp-allocator-size-gi-baking-worker=262144"
    "memorysetup-temp-allocator-size-gfx=262144"
Refreshing native plugins compatible for Editor in 138.07 ms, found 4 plugins.
Preloading 0 native plugins for Editor in 0.00 ms.
Initialize engine version: 2021.3.13f1 (9e7d58001ecf)
[Subsystems] Discovering subsystems at path C:/Program Files/Unity/Hub/Editor/2021.3.13f1/Editor/Data/Resources/UnitySubsystems
[Subsystems] Discovering subsystems at path D:/01_Projects/FemDevsGameJam2022/BoobieTraps/Assets
GfxDevice: creating device client; threaded=0; jobified=0
Direct3D:
    Version:  Direct3D 11.0 [level 11.1]
    Renderer: NVIDIA GeForce RTX 2060 (ID=0x1f11)
    Vendor:   NVIDIA
    VRAM:     5980 MB
    Driver:   31.0.15.1700
Initialize mono
Mono path[0] = 'C:/Program Files/Unity/Hub/Editor/2021.3.13f1/Editor/Data/Managed'
Mono path[1] = 'C:/Program Files/Unity/Hub/Editor/2021.3.13f1/Editor/Data/MonoBleedingEdge/lib/mono/unityjit-win32'
Mono config path = 'C:/Program Files/Unity/Hub/Editor/2021.3.13f1/Editor/Data/MonoBleedingEdge/etc'
Using monoOptions --debugger-agent=transport=dt_socket,embedding=1,server=y,suspend=n,address=127.0.0.1:56020
Begin MonoManager ReloadAssembly
Registering precompiled unity dll's ...
Register platform support module: C:/Program Files/Unity/Hub/Editor/2021.3.13f1/Editor/Data/PlaybackEngines/WebGLSupport/UnityEditor.WebGL.Extensions.dll
Register platform support module: C:/Program Files/Unity/Hub/Editor/2021.3.13f1/Editor/Data/PlaybackEngines/MacStandaloneSupport/UnityEditor.OSXStandalone.Extensions.dll
Register platform support module: C:/Program Files/Unity/Hub/Editor/2021.3.13f1/Editor/Data/PlaybackEngines/WindowsStandaloneSupport/UnityEditor.WindowsStandalone.Extensions.dll
Register platform support module: C:/Program Files/Unity/Hub/Editor/2021.3.13f1/Editor/Data/PlaybackEngines/LinuxStandaloneSupport/UnityEditor.LinuxStandalone.Extensions.dll
Registered in 0.017333 seconds.
Native extension for LinuxStandalone target not found
Native extension for WindowsStandalone target not found
Native extension for OSXStandalone target not found
Native extension for WebGL target not found
Refreshing native plugins compatible for Editor in 105.95 ms, found 4 plugins.
Preloading 0 native plugins for Editor in 0.00 ms.
Mono: successfully reloaded assembly
- Completed reload, in  0.799 seconds
Domain Reload Profiling:
	ReloadAssembly (800ms)
		BeginReloadAssembly (101ms)
			ExecutionOrderSort (0ms)
			DisableScriptedObjects (0ms)
			BackupInstance (0ms)
			ReleaseScriptingObjects (0ms)
			CreateAndSetChildDomain (1ms)
		EndReloadAssembly (557ms)
			LoadAssemblies (99ms)
			RebuildTransferFunctionScriptingTraits (0ms)
			SetupTypeCache (127ms)
			ReleaseScriptCaches (0ms)
			RebuildScriptCaches (33ms)
			SetupLoadedEditorAssemblies (334ms)
				LogAssemblyErrors (0ms)
				InitializePlatformSupportModulesInManaged (20ms)
				SetLoadedEditorAssemblies (0ms)
				RefreshPlugins (106ms)
				BeforeProcessingInitializeOnLoad (1ms)
				ProcessInitializeOnLoadAttributes (152ms)
				ProcessInitializeOnLoadMethodAttributes (54ms)
				AfterProcessingInitializeOnLoad (0ms)
				EditorAssembliesLoaded (0ms)
			ExecutionOrderSort2 (0ms)
			AwakeInstancesAfterBackupRestoration (0ms)
Platform modules already initialized, skipping
Registering precompiled user dll's ...
Registered in 0.027561 seconds.
Begin MonoManager ReloadAssembly
Symbol file LoadedFromMemory doesn't match image D:\01_Projects\FemDevsGameJam2022\BoobieTraps\Library\PackageCache\com.unity.visualscripting@1.7.8\Editor\VisualScripting.Core\Dependencies\YamlDotNet\Unity.VisualScripting.YamlDotNet.dll
Symbol file LoadedFromMemory doesn't match image D:\01_Projects\FemDevsGameJam2022\BoobieTraps\Library\PackageCache\com.unity.visualscripting@1.7.8\Editor\VisualScripting.Core\Dependencies\DotNetZip\Unity.VisualScripting.IonicZip.dll
Native extension for LinuxStandalone target not found
Native extension for WindowsStandalone target not found
Native extension for OSXStandalone target not found
Native extension for WebGL target not found
Refreshing native plugins compatible for Editor in 104.63 ms, found 4 plugins.
Preloading 0 native plugins for Editor in 0.00 ms.
DisplayProgressbar: Generating Metadata
Mono: successfully reloaded assembly
- Completed reload, in  2.334 seconds
Domain Reload Profiling:
	ReloadAssembly (2334ms)
		BeginReloadAssembly (135ms)
			ExecutionOrderSort (0ms)
			DisableScriptedObjects (6ms)
			BackupInstance (0ms)
			ReleaseScriptingObjects (0ms)
			CreateAndSetChildDomain (21ms)
		EndReloadAssembly (2051ms)
			LoadAssemblies (144ms)
			RebuildTransferFunctionScriptingTraits (0ms)
			SetupTypeCache (355ms)
			ReleaseScriptCaches (1ms)
			RebuildScriptCaches (77ms)
			SetupLoadedEditorAssemblies (1422ms)
				LogAssemblyErrors (0ms)
				InitializePlatformSupportModulesInManaged (16ms)
				SetLoadedEditorAssemblies (0ms)
				RefreshPlugins (105ms)
				BeforeProcessingInitializeOnLoad (152ms)
				ProcessInitializeOnLoadAttributes (276ms)
				ProcessInitializeOnLoadMethodAttributes (857ms)
				AfterProcessingInitializeOnLoad (16ms)
				EditorAssembliesLoaded (0ms)
			ExecutionOrderSort2 (0ms)
			AwakeInstancesAfterBackupRestoration (7ms)
Platform modules already initialized, skipping
========================================================================
Worker process is ready to serve import requests
Launched and connected shader compiler UnityShaderCompiler.exe after 0.17 seconds
Refreshing native plugins compatible for Editor in 1.79 ms, found 4 plugins.
Preloading 0 native plugins for Editor in 0.00 ms.
Unloading 4820 Unused Serialized files (Serialized files now loaded: 0)
Unloading 58 unused Assets / (229.5 KB). Loaded Objects now: 5275.
Memory consumption went from 173.2 MB to 173.0 MB.
Total: 9.118700 ms (FindLiveObjects: 0.473200 ms CreateObjectMapping: 0.543600 ms MarkObjects: 7.804800 ms  DeleteObjects: 0.295000 ms)

AssetImportParameters requested are different than current active one (requested -> active):
  custom:video-decoder-ogg-theora: a1e56fd34408186e4bbccfd4996cb3dc -> 
  custom:container-muxer-webm: aa71ff27fc2769a1b78a27578f13a17b -> 
  custom:container-demuxer-webm: 4f35f7cbe854078d1ac9338744f61a02 -> 
  custom:video-encoder-webm-vp8: eb34c28f22e8b96e1ab97ce403110664 -> 
  custom:audio-encoder-webm-vorbis: bf7c407c2cedff20999df2af8eb42d56 -> 
  custom:framework-win-MediaFoundation: 216162199b28c13a410421893ffa2e32 -> 
  custom:container-demuxer-ogg: 62fdf1f143b41e24485cea50d1cbac27 -> 
  custom:video-decoder-webm-vp8: 9c59270c3fd7afecdb556c50c9e8de78 -> 
  custom:audio-decoder-ogg-vorbis: bf7c407c2cedff20999df2af8eb42d56 -> 
========================================================================
Received Import Request.
  Time since last request: 32738.676417 seconds.
  path: Assets/Animations
  artifactKey: Guid(061f500e46726dd4ab00a1525d273a0c) Importer(815301076,1909f56bfc062723c751e8b465ee728b)
Start importing Assets/Animations using Guid(061f500e46726dd4ab00a1525d273a0c) Importer(815301076,1909f56bfc062723c751e8b465ee728b)  -> (artifact id: '5925fdeb6a39e62a75559e6540ec1462') in 0.020051 seconds 
12.11.2022 01:22:52|Error|<>c__DisplayClass70_0.<receiveRequest>b__0|A timeout has occurred while reading an HTTP request/response.
12.11.2022 01:22:52|Error|<>c__DisplayClass70_0.<receiveRequest>b__0|A timeout has occurred while reading an HTTP request/response.
========================================================================
Received Import Request.
  Time since last request: 142.506656 seconds.
  path: Assets/TilePalettes/Indoor Tiles.prefab
  artifactKey: Guid(ec0405e74e9e0284fbed13d974eb3c1d) Importer(815301076,1909f56bfc062723c751e8b465ee728b)
Start importing Assets/TilePalettes/Indoor Tiles.prefab using Guid(ec0405e74e9e0284fbed13d974eb3c1d) Importer(815301076,1909f56bfc062723c751e8b465ee728b)  -> (artifact id: '1cf558db10de72225ed4fb82f48a1e8c') in 0.164129 seconds 
========================================================================
Received Import Request.
  Time since last request: 20.975068 seconds.
  path: Assets/2DPixelArtTest/Prefabs/EnemyObject.prefab
  artifactKey: Guid(08300af47f43245479c78db6c5ada023) Importer(815301076,1909f56bfc062723c751e8b465ee728b)
Start importing Assets/2DPixelArtTest/Prefabs/EnemyObject.prefab using Guid(08300af47f43245479c78db6c5ada023) Importer(815301076,1909f56bfc062723c751e8b465ee728b)  -> (artifact id: '84a6c580c64605b1b0a7bb75c87a4b75') in 0.082280 seconds 
========================================================================
Received Import Request.
  Time since last request: 0.000075 seconds.
  path: Assets/2DPixelArtTest/Prefabs/InventoryObject.prefab
  artifactKey: Guid(6f81582ef192a784f86facfeb6c045a3) Importer(815301076,1909f56bfc062723c751e8b465ee728b)
Start importing Assets/2DPixelArtTest/Prefabs/InventoryObject.prefab using Guid(6f81582ef192a784f86facfeb6c045a3) Importer(815301076,1909f56bfc062723c751e8b465ee728b)  -> (artifact id: '530b2aa2b71aa1dacc6c6def62f12616') in 0.013737 seconds 
========================================================================
Received Import Request.
  Time since last request: 0.000043 seconds.
  path: Assets/2DPixelArtTest/Prefabs/HeartObject.prefab
  artifactKey: Guid(7c3e79a8b9019804f95afeccc0204540) Importer(815301076,1909f56bfc062723c751e8b465ee728b)
Start importing Assets/2DPixelArtTest/Prefabs/HeartObject.prefab using Guid(7c3e79a8b9019804f95afeccc0204540) Importer(815301076,1909f56bfc062723c751e8b465ee728b)  -> (artifact id: 'eae07bf8b8c952538417ad63bd6b5233') in 0.048607 seconds 
========================================================================
Received Import Request.
  Time since last request: 0.000028 seconds.
  path: Assets/2DPixelArtTest/Prefabs/RPGCameraManager.prefab
  artifactKey: Guid(806067a920e1ec84a9f7f40fade5cdeb) Importer(815301076,1909f56bfc062723c751e8b465ee728b)
Start importing Assets/2DPixelArtTest/Prefabs/RPGCameraManager.prefab using Guid(806067a920e1ec84a9f7f40fade5cdeb) Importer(815301076,1909f56bfc062723c751e8b465ee728b)  -> (artifact id: '9255c17b3cec3abed0cc1354414d5396') in 0.009014 seconds 
========================================================================
Received Import Request.
  Time since last request: 0.000034 seconds.
  path: Assets/2DPixelArtTest/Prefabs/HealthBarObject.prefab
  artifactKey: Guid(1ce7a09c5e394d943bc3d2b6e97b0a45) Importer(815301076,1909f56bfc062723c751e8b465ee728b)
Start importing Assets/2DPixelArtTest/Prefabs/HealthBarObject.prefab using Guid(1ce7a09c5e394d943bc3d2b6e97b0a45) Importer(815301076,1909f56bfc062723c751e8b465ee728b)  -> (artifact id: '2400c549e50267d62c547959d42d3761') in 0.015353 seconds 
12.11.2022 01:24:11|Error|<>c__DisplayClass70_0.<receiveRequest>b__0|An exception has occurred while reading an HTTP request/response.
12.11.2022 01:25:08|Error|<>c__DisplayClass70_0.<receiveRequest>b__0|An exception has occurred while reading an HTTP request/response.
========================================================================
Received Prepare
Registering precompiled user dll's ...
Registered in 0.033737 seconds.
Begin MonoManager ReloadAssembly
12.11.2022 01:25:11|Fatal|WebSocketServer.receiveRequest|Thread was being aborted.
Symbol file LoadedFromMemory doesn't match image D:\01_Projects\FemDevsGameJam2022\BoobieTraps\Library\PackageCache\com.unity.visualscripting@1.7.8\Editor\VisualScripting.Core\Dependencies\YamlDotNet\Unity.VisualScripting.YamlDotNet.dll
Symbol file LoadedFromMemory doesn't match image D:\01_Projects\FemDevsGameJam2022\BoobieTraps\Library\PackageCache\com.unity.visualscripting@1.7.8\Editor\VisualScripting.Core\Dependencies\DotNetZip\Unity.VisualScripting.IonicZip.dll
Native extension for LinuxStandalone target not found
Native extension for WindowsStandalone target not found
Native extension for OSXStandalone target not found
Native extension for WebGL target not found
Refreshing native plugins compatible for Editor in 0.81 ms, found 4 plugins.
Preloading 0 native plugins for Editor in 0.00 ms.
Mono: successfully reloaded assembly
- Completed reload, in  1.981 seconds
Domain Reload Profiling:
	ReloadAssembly (1981ms)
		BeginReloadAssembly (188ms)
			ExecutionOrderSort (0ms)
			DisableScriptedObjects (6ms)
			BackupInstance (0ms)
			ReleaseScriptingObjects (0ms)
			CreateAndSetChildDomain (60ms)
		EndReloadAssembly (1656ms)
			LoadAssemblies (137ms)
			RebuildTransferFunctionScriptingTraits (0ms)
			SetupTypeCache (311ms)
			ReleaseScriptCaches (2ms)
			RebuildScriptCaches (63ms)
			SetupLoadedEditorAssemblies (1074ms)
				LogAssemblyErrors (0ms)
				InitializePlatformSupportModulesInManaged (24ms)
				SetLoadedEditorAssemblies (0ms)
				RefreshPlugins (1ms)
				BeforeProcessingInitializeOnLoad (118ms)
				ProcessInitializeOnLoadAttributes (267ms)
				ProcessInitializeOnLoadMethodAttributes (650ms)
				AfterProcessingInitializeOnLoad (13ms)
				EditorAssembliesLoaded (0ms)
			ExecutionOrderSort2 (0ms)
			AwakeInstancesAfterBackupRestoration (10ms)
Platform modules already initialized, skipping
Refreshing native plugins compatible for Editor in 4.82 ms, found 4 plugins.
Preloading 0 native plugins for Editor in 0.00 ms.
Unloading 4960 Unused Serialized files (Serialized files now loaded: 0)
Unloading 38 unused Assets / (289.6 KB). Loaded Objects now: 5459.
Memory consumption went from 182.1 MB to 181.8 MB.
Total: 6.043200 ms (FindLiveObjects: 0.425000 ms CreateObjectMapping: 0.332100 ms MarkObjects: 5.028200 ms  DeleteObjects: 0.256200 ms)

AssetImportParameters requested are different than current active one (requested -> active):
  custom:video-decoder-ogg-theora: a1e56fd34408186e4bbccfd4996cb3dc -> 
  custom:container-muxer-webm: aa71ff27fc2769a1b78a27578f13a17b -> 
  custom:container-demuxer-webm: 4f35f7cbe854078d1ac9338744f61a02 -> 
  custom:video-encoder-webm-vp8: eb34c28f22e8b96e1ab97ce403110664 -> 
  custom:audio-encoder-webm-vorbis: bf7c407c2cedff20999df2af8eb42d56 -> 
  custom:framework-win-MediaFoundation: 216162199b28c13a410421893ffa2e32 -> 
  custom:container-demuxer-ogg: 62fdf1f143b41e24485cea50d1cbac27 -> 
  custom:video-decoder-webm-vp8: 9c59270c3fd7afecdb556c50c9e8de78 -> 
  custom:audio-decoder-ogg-vorbis: bf7c407c2cedff20999df2af8eb42d56 -> 
12.11.2022 01:26:00|Error|<>c__DisplayClass70_0.<receiveRequest>b__0|An exception has occurred while reading an HTTP request/response.
========================================================================
Received Prepare
Registering precompiled user dll's ...
Registered in 0.027580 seconds.
Begin MonoManager ReloadAssembly
12.11.2022 01:26:02|Error|<>c__DisplayClass70_0.<receiveRequest>b__0|Thread was being aborted.
12.11.2022 01:26:02|Error|<>c__DisplayClass70_0.<receiveRequest>b__0|An exception has occurred while reading an HTTP request/response.
12.11.2022 01:26:02|Fatal|WebSocketServer.receiveRequest|Thread was being aborted.
Symbol file LoadedFromMemory doesn't match image D:\01_Projects\FemDevsGameJam2022\BoobieTraps\Library\PackageCache\com.unity.visualscripting@1.7.8\Editor\VisualScripting.Core\Dependencies\YamlDotNet\Unity.VisualScripting.YamlDotNet.dll
Symbol file LoadedFromMemory doesn't match image D:\01_Projects\FemDevsGameJam2022\BoobieTraps\Library\PackageCache\com.unity.visualscripting@1.7.8\Editor\VisualScripting.Core\Dependencies\DotNetZip\Unity.VisualScripting.IonicZip.dll
Native extension for LinuxStandalone target not found
Native extension for WindowsStandalone target not found
Native extension for OSXStandalone target not found
Native extension for WebGL target not found
Refreshing native plugins compatible for Editor in 0.80 ms, found 4 plugins.
Preloading 0 native plugins for Editor in 0.00 ms.
System.Reflection.TargetInvocationException: Exception has been thrown by the target of an invocation. ---> System.InvalidOperationException: The underlying listener has failed to start. ---> System.Net.Sockets.SocketException: Only one usage of each socket address (protocol/network address/port) is normally permitted.
UnityEngine.StackTraceUtility:ExtractStackTrace ()
UnityEngine.DebugLogHandler:LogFormat (UnityEngine.LogType,UnityEngine.Object,string,object[])
UnityEngine.Logger:Log (UnityEngine.LogType,object)
UnityEngine.Debug:LogError (object)
UnityEditor.EditorAssemblies:ProcessInitializeOnLoadMethodAttributes ()

Mono: successfully reloaded assembly
- Completed reload, in  2.049 seconds
Domain Reload Profiling:
	ReloadAssembly (2050ms)
		BeginReloadAssembly (272ms)
			ExecutionOrderSort (0ms)
			DisableScriptedObjects (7ms)
			BackupInstance (0ms)
			ReleaseScriptingObjects (0ms)
			CreateAndSetChildDomain (145ms)
		EndReloadAssembly (1648ms)
			LoadAssemblies (138ms)
			RebuildTransferFunctionScriptingTraits (0ms)
			SetupTypeCache (321ms)
			ReleaseScriptCaches (1ms)
			RebuildScriptCaches (56ms)
			SetupLoadedEditorAssemblies (1067ms)
				LogAssemblyErrors (0ms)
				InitializePlatformSupportModulesInManaged (24ms)
				SetLoadedEditorAssemblies (0ms)
				RefreshPlugins (1ms)
				BeforeProcessingInitializeOnLoad (120ms)
				ProcessInitializeOnLoadAttributes (245ms)
				ProcessInitializeOnLoadMethodAttributes (664ms)
				AfterProcessingInitializeOnLoad (12ms)
				EditorAssembliesLoaded (0ms)
			ExecutionOrderSort2 (0ms)
			AwakeInstancesAfterBackupRestoration (10ms)
Platform modules already initialized, skipping
Refreshing native plugins compatible for Editor in 4.65 ms, found 4 plugins.
Preloading 0 native plugins for Editor in 0.00 ms.
Unloading 4993 Unused Serialized files (Serialized files now loaded: 0)
Unloading 40 unused Assets / (0.6 MB). Loaded Objects now: 5509.
Memory consumption went from 183.9 MB to 183.3 MB.
Total: 4.471400 ms (FindLiveObjects: 0.418900 ms CreateObjectMapping: 0.271200 ms MarkObjects: 3.500300 ms  DeleteObjects: 0.280300 ms)

AssetImportParameters requested are different than current active one (requested -> active):
  custom:video-decoder-ogg-theora: a1e56fd34408186e4bbccfd4996cb3dc -> 
  custom:container-muxer-webm: aa71ff27fc2769a1b78a27578f13a17b -> 
  custom:container-demuxer-webm: 4f35f7cbe854078d1ac9338744f61a02 -> 
  custom:video-encoder-webm-vp8: eb34c28f22e8b96e1ab97ce403110664 -> 
  custom:audio-encoder-webm-vorbis: bf7c407c2cedff20999df2af8eb42d56 -> 
  custom:framework-win-MediaFoundation: 216162199b28c13a410421893ffa2e32 -> 
  custom:container-demuxer-ogg: 62fdf1f143b41e24485cea50d1cbac27 -> 
  custom:video-decoder-webm-vp8: 9c59270c3fd7afecdb556c50c9e8de78 -> 
  custom:audio-decoder-ogg-vorbis: bf7c407c2cedff20999df2af8eb42d56 -> 
========================================================================
Received Import Request.
  Time since last request: 146.194855 seconds.
  path: Assets/2DPixelArtTest/Prefabs/EnemyObject.prefab
  artifactKey: Guid(08300af47f43245479c78db6c5ada023) Importer(815301076,1909f56bfc062723c751e8b465ee728b)
Start importing Assets/2DPixelArtTest/Prefabs/EnemyObject.prefab using Guid(08300af47f43245479c78db6c5ada023) Importer(815301076,1909f56bfc062723c751e8b465ee728b)  -> (artifact id: '4fcce67f177c03c2a10d46c8052e156c') in 0.081651 seconds 
========================================================================
Received Import Request.
  Time since last request: 0.000022 seconds.
  path: Assets/2DPixelArtTest/Prefabs/Slot.prefab
  artifactKey: Guid(6536721d7ad443b48bce694176e4de51) Importer(815301076,1909f56bfc062723c751e8b465ee728b)
Start importing Assets/2DPixelArtTest/Prefabs/Slot.prefab using Guid(6536721d7ad443b48bce694176e4de51) Importer(815301076,1909f56bfc062723c751e8b465ee728b)  -> (artifact id: '255a4c33123f1f3c06798942fc4af607') in 0.016303 seconds 
========================================================================
Received Import Request.
  Time since last request: 0.000036 seconds.
  path: Assets/2DPixelArtTest/Prefabs/InventoryObject.prefab
  artifactKey: Guid(6f81582ef192a784f86facfeb6c045a3) Importer(815301076,1909f56bfc062723c751e8b465ee728b)
Start importing Assets/2DPixelArtTest/Prefabs/InventoryObject.prefab using Guid(6f81582ef192a784f86facfeb6c045a3) Importer(815301076,1909f56bfc062723c751e8b465ee728b)  -> (artifact id: 'a195858ca1cf33cad93db338753bfb83') in 0.012761 seconds 
========================================================================
Received Import Request.
  Time since last request: 0.000022 seconds.
  path: Assets/2DPixelArtTest/Prefabs/SpawnPoint.prefab
  artifactKey: Guid(79a490620194c9645a6972fd1164c453) Importer(815301076,1909f56bfc062723c751e8b465ee728b)
Start importing Assets/2DPixelArtTest/Prefabs/SpawnPoint.prefab using Guid(79a490620194c9645a6972fd1164c453) Importer(815301076,1909f56bfc062723c751e8b465ee728b)  -> (artifact id: '8e0149e36da549626b453b58e5843b5e') in 0.006646 seconds 
========================================================================
Received Import Request.
  Time since last request: 0.000021 seconds.
  path: Assets/2DPixelArtTest/Prefabs/RPGGameManager.prefab
  artifactKey: Guid(42a9b71851e63b746b37e330a8e4c69c) Importer(815301076,1909f56bfc062723c751e8b465ee728b)
Start importing Assets/2DPixelArtTest/Prefabs/RPGGameManager.prefab using Guid(42a9b71851e63b746b37e330a8e4c69c) Importer(815301076,1909f56bfc062723c751e8b465ee728b)  -> (artifact id: '2f5546f2c70ba96b01c4ac1cafeb3dc9') in 0.006735 seconds 
========================================================================
Received Import Request.
  Time since last request: 0.000022 seconds.
  path: Assets/2DPixelArtTest/Prefabs/RPGCameraManager.prefab
  artifactKey: Guid(806067a920e1ec84a9f7f40fade5cdeb) Importer(815301076,1909f56bfc062723c751e8b465ee728b)
Start importing Assets/2DPixelArtTest/Prefabs/RPGCameraManager.prefab using Guid(806067a920e1ec84a9f7f40fade5cdeb) Importer(815301076,1909f56bfc062723c751e8b465ee728b)  -> (artifact id: 'f968ef0aa00235157a1f74482ac71a36') in 0.006845 seconds 
========================================================================
Received Import Request.
  Time since last request: 0.000028 seconds.
  path: Assets/2DPixelArtTest/Prefabs/HealthBarObject.prefab
  artifactKey: Guid(1ce7a09c5e394d943bc3d2b6e97b0a45) Importer(815301076,1909f56bfc062723c751e8b465ee728b)
Start importing Assets/2DPixelArtTest/Prefabs/HealthBarObject.prefab using Guid(1ce7a09c5e394d943bc3d2b6e97b0a45) Importer(815301076,1909f56bfc062723c751e8b465ee728b)  -> (artifact id: 'cc65ebdbc8f804207ff526d8ed030667') in 0.009201 seconds 
========================================================================
Received Prepare
Registering precompiled user dll's ...
Registered in 0.030418 seconds.
Begin MonoManager ReloadAssembly
Symbol file LoadedFromMemory doesn't match image D:\01_Projects\FemDevsGameJam2022\BoobieTraps\Library\PackageCache\com.unity.visualscripting@1.7.8\Editor\VisualScripting.Core\Dependencies\YamlDotNet\Unity.VisualScripting.YamlDotNet.dll
Symbol file LoadedFromMemory doesn't match image D:\01_Projects\FemDevsGameJam2022\BoobieTraps\Library\PackageCache\com.unity.visualscripting@1.7.8\Editor\VisualScripting.Core\Dependencies\DotNetZip\Unity.VisualScripting.IonicZip.dll
Native extension for LinuxStandalone target not found
Native extension for WindowsStandalone target not found
Native extension for OSXStandalone target not found
Native extension for WebGL target not found
Refreshing native plugins compatible for Editor in 1.59 ms, found 4 plugins.
Preloading 0 native plugins for Editor in 0.00 ms.
12.11.2022 01:27:19|Error|<>c__DisplayClass70_0.<receiveRequest>b__0|An exception has occurred while reading an HTTP request/response.
Mono: successfully reloaded assembly
- Completed reload, in  2.367 seconds
Domain Reload Profiling:
	ReloadAssembly (2368ms)
		BeginReloadAssembly (178ms)
			ExecutionOrderSort (0ms)
			DisableScriptedObjects (7ms)
			BackupInstance (0ms)
			ReleaseScriptingObjects (0ms)
			CreateAndSetChildDomain (52ms)
		EndReloadAssembly (2009ms)
			LoadAssemblies (161ms)
			RebuildTransferFunctionScriptingTraits (0ms)
			SetupTypeCache (421ms)
			ReleaseScriptCaches (2ms)
			RebuildScriptCaches (70ms)
			SetupLoadedEditorAssemblies (1245ms)
				LogAssemblyErrors (0ms)
				InitializePlatformSupportModulesInManaged (39ms)
				SetLoadedEditorAssemblies (1ms)
				RefreshPlugins (2ms)
				BeforeProcessingInitializeOnLoad (167ms)
				ProcessInitializeOnLoadAttributes (343ms)
				ProcessInitializeOnLoadMethodAttributes (678ms)
				AfterProcessingInitializeOnLoad (16ms)
				EditorAssembliesLoaded (0ms)
			ExecutionOrderSort2 (0ms)
			AwakeInstancesAfterBackupRestoration (11ms)
Platform modules already initialized, skipping
Refreshing native plugins compatible for Editor in 5.80 ms, found 4 plugins.
Preloading 0 native plugins for Editor in 0.00 ms.
Unloading 4992 Unused Serialized files (Serialized files now loaded: 0)
Unloading 40 unused Assets / (0.6 MB). Loaded Objects now: 5528.
Memory consumption went from 183.8 MB to 183.2 MB.
Total: 5.513600 ms (FindLiveObjects: 0.404300 ms CreateObjectMapping: 0.547100 ms MarkObjects: 4.103300 ms  DeleteObjects: 0.457300 ms)

AssetImportParameters requested are different than current active one (requested -> active):
  custom:video-decoder-ogg-theora: a1e56fd34408186e4bbccfd4996cb3dc -> 
  custom:container-muxer-webm: aa71ff27fc2769a1b78a27578f13a17b -> 
  custom:container-demuxer-webm: 4f35f7cbe854078d1ac9338744f61a02 -> 
  custom:video-encoder-webm-vp8: eb34c28f22e8b96e1ab97ce403110664 -> 
  custom:audio-encoder-webm-vorbis: bf7c407c2cedff20999df2af8eb42d56 -> 
  custom:framework-win-MediaFoundation: 216162199b28c13a410421893ffa2e32 -> 
  custom:container-demuxer-ogg: 62fdf1f143b41e24485cea50d1cbac27 -> 
  custom:video-decoder-webm-vp8: 9c59270c3fd7afecdb556c50c9e8de78 -> 
  custom:audio-decoder-ogg-vorbis: bf7c407c2cedff20999df2af8eb42d56 -> 
Editor requested this worker to shutdown with reason: Scaling down because of idle timeout
AssetImportWorker is now disconnected from the server
Process exiting
Exiting without the bug reporter. Application will terminate with return code 0