Using pre-set license
Built from '2021.3/staging' branch; Version is '2021.3.13f1 (9e7d58001ecf) revision 10386776'; Using compiler version '192829333'; Build Type 'Release'
OS: 'Windows 10  (10.0.19045) 64bit Core' Language: 'en' Physical Memory: 16196 MB
BatchMode: 1, IsHumanControllingUs: 0, StartBugReporterOnCrash: 0, Is64bit: 1, IsPro: 1

COMMAND LINE ARGUMENTS:
C:\Program Files\Unity\Hub\Editor\2021.3.13f1\Editor\Unity.exe
-adb2
-batchMode
-noUpm
-name
AssetImportWorker0
-projectPath
D:/01_Projects/FemDevsGameJam2022/FutureWitch
-logFile
Logs/AssetImportWorker0.log
-srvPort
61327
Successfully changed project path to: D:/01_Projects/FemDevsGameJam2022/FutureWitch
D:/01_Projects/FemDevsGameJam2022/FutureWitch
[UnityMemory] Configuration Parameters - Can be set up in boot.config
    "memorysetup-bucket-allocator-granularity=16"
    "memorysetup-bucket-allocator-bucket-count=8"
    "memorysetup-bucket-allocator-block-size=33554432"
    "memorysetup-bucket-allocator-block-count=8"
    "memorysetup-main-allocator-block-size=16777216"
    "memorysetup-thread-allocator-block-size=16777216"
    "memorysetup-gfx-main-allocator-block-size=16777216"
    "memorysetup-gfx-thread-allocator-block-size=16777216"
    "memorysetup-cache-allocator-block-size=4194304"
    "memorysetup-typetree-allocator-block-size=2097152"
    "memorysetup-profiler-bucket-allocator-granularity=16"
    "memorysetup-profiler-bucket-allocator-bucket-count=8"
    "memorysetup-profiler-bucket-allocator-block-size=33554432"
    "memorysetup-profiler-bucket-allocator-block-count=8"
    "memorysetup-profiler-allocator-block-size=16777216"
    "memorysetup-profiler-editor-allocator-block-size=1048576"
    "memorysetup-temp-allocator-size-main=16777216"
    "memorysetup-job-temp-allocator-block-size=2097152"
    "memorysetup-job-temp-allocator-block-size-background=1048576"
    "memorysetup-job-temp-allocator-reduction-small-platforms=262144"
    "memorysetup-temp-allocator-size-background-worker=32768"
    "memorysetup-temp-allocator-size-job-worker=262144"
    "memorysetup-temp-allocator-size-preload-manager=33554432"
    "memorysetup-temp-allocator-size-nav-mesh-worker=65536"
    "memorysetup-temp-allocator-size-audio-worker=65536"
    "memorysetup-temp-allocator-size-cloud-worker=32768"
    "memorysetup-temp-allocator-size-gi-baking-worker=262144"
    "memorysetup-temp-allocator-size-gfx=262144"
Refreshing native plugins compatible for Editor in 126.50 ms, found 4 plugins.
Preloading 0 native plugins for Editor in 0.00 ms.
Initialize engine version: 2021.3.13f1 (9e7d58001ecf)
[Subsystems] Discovering subsystems at path C:/Program Files/Unity/Hub/Editor/2021.3.13f1/Editor/Data/Resources/UnitySubsystems
[Subsystems] Discovering subsystems at path D:/01_Projects/FemDevsGameJam2022/FutureWitch/Assets
GfxDevice: creating device client; threaded=0; jobified=0
Direct3D:
    Version:  Direct3D 11.0 [level 11.1]
    Renderer: NVIDIA GeForce RTX 2060 (ID=0x1f11)
    Vendor:   NVIDIA
    VRAM:     5980 MB
    Driver:   31.0.15.1700
Initialize mono
Mono path[0] = 'C:/Program Files/Unity/Hub/Editor/2021.3.13f1/Editor/Data/Managed'
Mono path[1] = 'C:/Program Files/Unity/Hub/Editor/2021.3.13f1/Editor/Data/MonoBleedingEdge/lib/mono/unityjit-win32'
Mono config path = 'C:/Program Files/Unity/Hub/Editor/2021.3.13f1/Editor/Data/MonoBleedingEdge/etc'
Using monoOptions --debugger-agent=transport=dt_socket,embedding=1,server=y,suspend=n,address=127.0.0.1:56092
Begin MonoManager ReloadAssembly
Registering precompiled unity dll's ...
Register platform support module: C:/Program Files/Unity/Hub/Editor/2021.3.13f1/Editor/Data/PlaybackEngines/WebGLSupport/UnityEditor.WebGL.Extensions.dll
Register platform support module: C:/Program Files/Unity/Hub/Editor/2021.3.13f1/Editor/Data/PlaybackEngines/MacStandaloneSupport/UnityEditor.OSXStandalone.Extensions.dll
Register platform support module: C:/Program Files/Unity/Hub/Editor/2021.3.13f1/Editor/Data/PlaybackEngines/WindowsStandaloneSupport/UnityEditor.WindowsStandalone.Extensions.dll
Register platform support module: C:/Program Files/Unity/Hub/Editor/2021.3.13f1/Editor/Data/PlaybackEngines/LinuxStandaloneSupport/UnityEditor.LinuxStandalone.Extensions.dll
Registered in 0.016643 seconds.
Native extension for LinuxStandalone target not found
Native extension for WindowsStandalone target not found
Native extension for OSXStandalone target not found
Native extension for WebGL target not found
Refreshing native plugins compatible for Editor in 130.79 ms, found 4 plugins.
Preloading 0 native plugins for Editor in 0.00 ms.
Mono: successfully reloaded assembly
- Completed reload, in  0.848 seconds
Domain Reload Profiling:
	ReloadAssembly (849ms)
		BeginReloadAssembly (115ms)
			ExecutionOrderSort (0ms)
			DisableScriptedObjects (0ms)
			BackupInstance (0ms)
			ReleaseScriptingObjects (0ms)
			CreateAndSetChildDomain (1ms)
		EndReloadAssembly (573ms)
			LoadAssemblies (111ms)
			RebuildTransferFunctionScriptingTraits (0ms)
			SetupTypeCache (117ms)
			ReleaseScriptCaches (0ms)
			RebuildScriptCaches (31ms)
			SetupLoadedEditorAssemblies (355ms)
				LogAssemblyErrors (0ms)
				InitializePlatformSupportModulesInManaged (20ms)
				SetLoadedEditorAssemblies (0ms)
				RefreshPlugins (131ms)
				BeforeProcessingInitializeOnLoad (1ms)
				ProcessInitializeOnLoadAttributes (150ms)
				ProcessInitializeOnLoadMethodAttributes (53ms)
				AfterProcessingInitializeOnLoad (0ms)
				EditorAssembliesLoaded (0ms)
			ExecutionOrderSort2 (0ms)
			AwakeInstancesAfterBackupRestoration (0ms)
Platform modules already initialized, skipping
Registering precompiled user dll's ...
Registered in 0.032302 seconds.
Begin MonoManager ReloadAssembly
Symbol file LoadedFromMemory doesn't match image D:\01_Projects\FemDevsGameJam2022\FutureWitch\Library\PackageCache\com.unity.visualscripting@1.7.8\Editor\VisualScripting.Core\Dependencies\YamlDotNet\Unity.VisualScripting.YamlDotNet.dll
Symbol file LoadedFromMemory doesn't match image D:\01_Projects\FemDevsGameJam2022\FutureWitch\Library\PackageCache\com.unity.visualscripting@1.7.8\Editor\VisualScripting.Core\Dependencies\DotNetZip\Unity.VisualScripting.IonicZip.dll
Native extension for LinuxStandalone target not found
Native extension for WindowsStandalone target not found
Native extension for OSXStandalone target not found
Native extension for WebGL target not found
Refreshing native plugins compatible for Editor in 143.56 ms, found 4 plugins.
Preloading 0 native plugins for Editor in 0.00 ms.
DisplayProgressbar: Generating Metadata
System.Reflection.TargetInvocationException: Exception has been thrown by the target of an invocation. ---> System.IO.IOException: Sharing violation on path D:\01_Projects\FemDevsGameJam2022\FutureWitch\Assets\NaninovelData\Metadata.xml
  at System.IO.FileStream..ctor (System.String path, System.IO.FileMode mode, System.IO.FileAccess access, System.IO.FileShare share, System.Int32 bufferSize, System.Boolean anonymous, System.IO.FileOptions options) [0x0019e] in <c9d3ffd4b98649ee9989e1908eaca019>:0 
  at System.IO.FileStream..ctor (System.String path, System.IO.FileMode mode, System.IO.FileAccess access, System.IO.FileShare share, System.Int32 bufferSize, System.IO.FileOptions options) [0x00000] in <c9d3ffd4b98649ee9989e1908eaca019>:0 
  at (wrapper remoting-invoke-with-check) System.IO.FileStream..ctor(string,System.IO.FileMode,System.IO.FileAccess,System.IO.FileShare,int,System.IO.FileOptions)
  at System.IO.StreamWriter..ctor (System.String path, System.Boolean append, System.Text.Encoding encoding, System.Int32 bufferSize) [0x00055] in <c9d3ffd4b98649ee9989e1908eaca019>:0 
  at System.IO.StreamWriter..ctor (System.String path, System.Boolean append, System.Text.Encoding encoding) [0x00000] in <c9d3ffd4b98649ee9989e1908eaca019>:0 
  at (wrapper remoting-invoke-with-check) System.IO.StreamWriter..ctor(string,bool,System.Text.Encoding)
  at System.IO.File.WriteAllText (System.String path, System.String contents, System.Text.Encoding encoding) [0x00034] in <c9d3ffd4b98649ee9989e1908eaca019>:0 
  at Naninovel.BridgingService.UpdateMetadata () [0x0000c] in D:\01_Projects\FemDevsGameJam2022\FutureWitch\Assets\Naninovel\Editor\Bridging\BridgingService.cs:43 
  at Naninovel.BridgingService.GenerateMetadataOnEditorStart () [0x00019] in D:\01_Projects\FemDevsGameJam2022\FutureWitch\Assets\Naninovel\Editor\Bridging\BridgingService.cs:145 
  at Naninovel.BridgingService.RestartServer () [0x00021] in D:\01_Projects\FemDevsGameJam2022\FutureWitch\Assets\Naninovel\Editor\Bridging\BridgingService.cs:34 
  at (wrapper managed-to-native) System.Reflection.RuntimeMethodInfo.InternalInvoke(System.Reflection.RuntimeMethodInfo,object,object[],System.Exception&)
  at System.Reflection.RuntimeMethodInfo.Invoke (System.Object obj, System.Reflection.BindingFlags invokeAttr, System.Reflection.Binder binder, System.Object[] parameters, System.Globalization.CultureInfo culture) [0x0006a] in <c9d3ffd4b98649ee9989e1908eaca019>:0 
   --- End of inner exception stack trace ---
  at System.Reflection.RuntimeMethodInfo.Invoke (System.Object obj, System.Reflection.BindingFlags invokeAttr, System.Reflection.Binder binder, System.Object[] parameters, System.Globalization.CultureInfo culture) [0x00083] in <c9d3ffd4b98649ee9989e1908eaca019>:0 
  at System.Reflection.MethodBase.Invoke (System.Object obj, System.Object[] parameters) [0x00000] in <c9d3ffd4b98649ee9989e1908eaca019>:0 
  at UnityEditor.EditorAssemblies.ProcessInitializeOnLoadMethodAttributes () [0x000a5] in <dc1a47a5816e4be7bc6817ee4d339e75>:0 
UnityEngine.StackTraceUtility:ExtractStackTrace ()
UnityEngine.DebugLogHandler:LogFormat (UnityEngine.LogType,UnityEngine.Object,string,object[])
UnityEngine.Logger:Log (UnityEngine.LogType,object)
UnityEngine.Debug:LogError (object)
UnityEditor.EditorAssemblies:ProcessInitializeOnLoadMethodAttributes ()

Mono: successfully reloaded assembly
- Completed reload, in  2.178 seconds
Domain Reload Profiling:
	ReloadAssembly (2178ms)
		BeginReloadAssembly (135ms)
			ExecutionOrderSort (0ms)
			DisableScriptedObjects (7ms)
			BackupInstance (0ms)
			ReleaseScriptingObjects (0ms)
			CreateAndSetChildDomain (20ms)
		EndReloadAssembly (1898ms)
			LoadAssemblies (142ms)
			RebuildTransferFunctionScriptingTraits (0ms)
			SetupTypeCache (325ms)
			ReleaseScriptCaches (1ms)
			RebuildScriptCaches (82ms)
			SetupLoadedEditorAssemblies (1280ms)
				LogAssemblyErrors (0ms)
				InitializePlatformSupportModulesInManaged (24ms)
				SetLoadedEditorAssemblies (0ms)
				RefreshPlugins (144ms)
				BeforeProcessingInitializeOnLoad (176ms)
				ProcessInitializeOnLoadAttributes (413ms)
				ProcessInitializeOnLoadMethodAttributes (511ms)
				AfterProcessingInitializeOnLoad (12ms)
				EditorAssembliesLoaded (0ms)
			ExecutionOrderSort2 (0ms)
			AwakeInstancesAfterBackupRestoration (7ms)
Platform modules already initialized, skipping
========================================================================
Worker process is ready to serve import requests
Launched and connected shader compiler UnityShaderCompiler.exe after 0.11 seconds
Refreshing native plugins compatible for Editor in 1.83 ms, found 4 plugins.
Preloading 0 native plugins for Editor in 0.00 ms.
Unloading 5089 Unused Serialized files (Serialized files now loaded: 0)
Unloading 78 unused Assets / (278.6 KB). Loaded Objects now: 5521.
Memory consumption went from 186.8 MB to 186.5 MB.
Total: 7.157500 ms (FindLiveObjects: 0.514000 ms CreateObjectMapping: 0.545000 ms MarkObjects: 5.877000 ms  DeleteObjects: 0.219900 ms)

AssetImportParameters requested are different than current active one (requested -> active):
  custom:video-decoder-ogg-theora: a1e56fd34408186e4bbccfd4996cb3dc -> 
  custom:container-muxer-webm: aa71ff27fc2769a1b78a27578f13a17b -> 
  custom:container-demuxer-webm: 4f35f7cbe854078d1ac9338744f61a02 -> 
  custom:video-encoder-webm-vp8: eb34c28f22e8b96e1ab97ce403110664 -> 
  custom:audio-encoder-webm-vorbis: bf7c407c2cedff20999df2af8eb42d56 -> 
  custom:framework-win-MediaFoundation: 216162199b28c13a410421893ffa2e32 -> 
  custom:container-demuxer-ogg: 62fdf1f143b41e24485cea50d1cbac27 -> 
  custom:video-decoder-webm-vp8: 9c59270c3fd7afecdb556c50c9e8de78 -> 
  custom:audio-decoder-ogg-vorbis: bf7c407c2cedff20999df2af8eb42d56 -> 
========================================================================
Received Import Request.
  Time since last request: 630.249055 seconds.
  path: Assets/ExternalAssets
  artifactKey: Guid(9245eb8a665cfe54689d187a5b5aebe9) Importer(815301076,1909f56bfc062723c751e8b465ee728b)
Start importing Assets/ExternalAssets using Guid(9245eb8a665cfe54689d187a5b5aebe9) Importer(815301076,1909f56bfc062723c751e8b465ee728b)  -> (artifact id: 'fd2485ad9d69d6b9bfa13d967abfe09f') in 0.017985 seconds 
========================================================================
Received Import Request.
  Time since last request: 5.491216 seconds.
  path: Assets/Runtime
  artifactKey: Guid(369ba66673b62e84da176b23e4cca36a) Importer(815301076,1909f56bfc062723c751e8b465ee728b)
Start importing Assets/Runtime using Guid(369ba66673b62e84da176b23e4cca36a) Importer(815301076,1909f56bfc062723c751e8b465ee728b)  -> (artifact id: '0f94def720348ecf8835e547719f9e28') in 0.005065 seconds 
========================================================================
Received Prepare
Registering precompiled user dll's ...
Registered in 0.030018 seconds.
Begin MonoManager ReloadAssembly
Symbol file LoadedFromMemory doesn't match image D:\01_Projects\FemDevsGameJam2022\FutureWitch\Library\PackageCache\com.unity.visualscripting@1.7.8\Editor\VisualScripting.Core\Dependencies\YamlDotNet\Unity.VisualScripting.YamlDotNet.dll
Symbol file LoadedFromMemory doesn't match image D:\01_Projects\FemDevsGameJam2022\FutureWitch\Library\PackageCache\com.unity.visualscripting@1.7.8\Editor\VisualScripting.Core\Dependencies\DotNetZip\Unity.VisualScripting.IonicZip.dll
Native extension for LinuxStandalone target not found
Native extension for WindowsStandalone target not found
Native extension for OSXStandalone target not found
Native extension for WebGL target not found
Refreshing native plugins compatible for Editor in 1.03 ms, found 4 plugins.
Preloading 0 native plugins for Editor in 0.00 ms.
Mono: successfully reloaded assembly
- Completed reload, in  2.207 seconds
Domain Reload Profiling:
	ReloadAssembly (2208ms)
		BeginReloadAssembly (199ms)
			ExecutionOrderSort (0ms)
			DisableScriptedObjects (7ms)
			BackupInstance (0ms)
			ReleaseScriptingObjects (0ms)
			CreateAndSetChildDomain (59ms)
		EndReloadAssembly (1859ms)
			LoadAssemblies (168ms)
			RebuildTransferFunctionScriptingTraits (0ms)
			SetupTypeCache (354ms)
			ReleaseScriptCaches (2ms)
			RebuildScriptCaches (65ms)
			SetupLoadedEditorAssemblies (1199ms)
				LogAssemblyErrors (0ms)
				InitializePlatformSupportModulesInManaged (28ms)
				SetLoadedEditorAssemblies (1ms)
				RefreshPlugins (1ms)
				BeforeProcessingInitializeOnLoad (146ms)
				ProcessInitializeOnLoadAttributes (327ms)
				ProcessInitializeOnLoadMethodAttributes (683ms)
				AfterProcessingInitializeOnLoad (15ms)
				EditorAssembliesLoaded (0ms)
			ExecutionOrderSort2 (0ms)
			AwakeInstancesAfterBackupRestoration (10ms)
Platform modules already initialized, skipping
Refreshing native plugins compatible for Editor in 5.43 ms, found 4 plugins.
Preloading 0 native plugins for Editor in 0.00 ms.
Unloading 5042 Unused Serialized files (Serialized files now loaded: 0)
Unloading 36 unused Assets / (224.2 KB). Loaded Objects now: 5540.
Memory consumption went from 181.8 MB to 181.5 MB.
Total: 4.936400 ms (FindLiveObjects: 0.423900 ms CreateObjectMapping: 0.380200 ms MarkObjects: 3.974200 ms  DeleteObjects: 0.156800 ms)

AssetImportParameters requested are different than current active one (requested -> active):
  custom:video-decoder-ogg-theora: a1e56fd34408186e4bbccfd4996cb3dc -> 
  custom:container-muxer-webm: aa71ff27fc2769a1b78a27578f13a17b -> 
  custom:container-demuxer-webm: 4f35f7cbe854078d1ac9338744f61a02 -> 
  custom:video-encoder-webm-vp8: eb34c28f22e8b96e1ab97ce403110664 -> 
  custom:audio-encoder-webm-vorbis: bf7c407c2cedff20999df2af8eb42d56 -> 
  custom:framework-win-MediaFoundation: 216162199b28c13a410421893ffa2e32 -> 
  custom:container-demuxer-ogg: 62fdf1f143b41e24485cea50d1cbac27 -> 
  custom:video-decoder-webm-vp8: 9c59270c3fd7afecdb556c50c9e8de78 -> 
  custom:audio-decoder-ogg-vorbis: bf7c407c2cedff20999df2af8eb42d56 -> 
17/11/2022 20:36:29|Error|<>c__DisplayClass70_0.<receiveRequest>b__0|A timeout has occurred while reading an HTTP request/response.
17/11/2022 20:36:29|Error|<>c__DisplayClass70_0.<receiveRequest>b__0|A timeout has occurred while reading an HTTP request/response.
========================================================================
Received Import Request.
  Time since last request: 201.501196 seconds.
  path: Assets/BoobieTraps
  artifactKey: Guid(873cc76d32d4bf240adcc6024dc670cb) Importer(815301076,1909f56bfc062723c751e8b465ee728b)
Start importing Assets/BoobieTraps using Guid(873cc76d32d4bf240adcc6024dc670cb) Importer(815301076,1909f56bfc062723c751e8b465ee728b)  -> (artifact id: 'e0a5fe0a6cdb0c19240d409a22f4eb8e') in 0.013463 seconds 
========================================================================
Received Import Request.
  Time since last request: 9.480048 seconds.
  path: Assets/NaninovelData
  artifactKey: Guid(e49539449d06cc845a7ac124adec4a55) Importer(815301076,1909f56bfc062723c751e8b465ee728b)
Start importing Assets/NaninovelData using Guid(e49539449d06cc845a7ac124adec4a55) Importer(815301076,1909f56bfc062723c751e8b465ee728b)  -> (artifact id: '55da7d145166f05f58252045a2d294f4') in 0.005948 seconds 
17/11/2022 20:38:34|Error|<>c__DisplayClass70_0.<receiveRequest>b__0|An exception has occurred while reading an HTTP request/response.
========================================================================
Received Prepare
Registering precompiled user dll's ...
Registered in 0.025219 seconds.
Begin MonoManager ReloadAssembly
17/11/2022 20:38:36|Fatal|WebSocketServer.receiveRequest|Thread was being aborted.
Symbol file LoadedFromMemory doesn't match image D:\01_Projects\FemDevsGameJam2022\FutureWitch\Library\PackageCache\com.unity.visualscripting@1.7.8\Editor\VisualScripting.Core\Dependencies\YamlDotNet\Unity.VisualScripting.YamlDotNet.dll
Symbol file LoadedFromMemory doesn't match image D:\01_Projects\FemDevsGameJam2022\FutureWitch\Library\PackageCache\com.unity.visualscripting@1.7.8\Editor\VisualScripting.Core\Dependencies\DotNetZip\Unity.VisualScripting.IonicZip.dll
Native extension for LinuxStandalone target not found
Native extension for WindowsStandalone target not found
Native extension for OSXStandalone target not found
Native extension for WebGL target not found
Refreshing native plugins compatible for Editor in 0.94 ms, found 4 plugins.
Preloading 0 native plugins for Editor in 0.00 ms.
System.Reflection.TargetInvocationException: Exception has been thrown by the target of an invocation. ---> System.InvalidOperationException: The underlying listener has failed to start. ---> System.Net.Sockets.SocketException: Only one usage of each socket address (protocol/network address/port) is normally permitted.
UnityEngine.StackTraceUtility:ExtractStackTrace ()
UnityEngine.DebugLogHandler:LogFormat (UnityEngine.LogType,UnityEngine.Object,string,object[])
UnityEngine.Logger:Log (UnityEngine.LogType,object)
UnityEngine.Debug:LogError (object)
UnityEditor.EditorAssemblies:ProcessInitializeOnLoadMethodAttributes ()

Mono: successfully reloaded assembly
- Completed reload, in  1.962 seconds
Domain Reload Profiling:
	ReloadAssembly (1962ms)
		BeginReloadAssembly (179ms)
			ExecutionOrderSort (0ms)
			DisableScriptedObjects (6ms)
			BackupInstance (0ms)
			ReleaseScriptingObjects (0ms)
			CreateAndSetChildDomain (45ms)
		EndReloadAssembly (1648ms)
			LoadAssemblies (138ms)
			RebuildTransferFunctionScriptingTraits (0ms)
			SetupTypeCache (291ms)
			ReleaseScriptCaches (1ms)
			RebuildScriptCaches (55ms)
			SetupLoadedEditorAssemblies (1108ms)
				LogAssemblyErrors (0ms)
				InitializePlatformSupportModulesInManaged (24ms)
				SetLoadedEditorAssemblies (1ms)
				RefreshPlugins (1ms)
				BeforeProcessingInitializeOnLoad (129ms)
				ProcessInitializeOnLoadAttributes (258ms)
				ProcessInitializeOnLoadMethodAttributes (682ms)
				AfterProcessingInitializeOnLoad (12ms)
				EditorAssembliesLoaded (0ms)
			ExecutionOrderSort2 (0ms)
			AwakeInstancesAfterBackupRestoration (10ms)
Platform modules already initialized, skipping
Refreshing native plugins compatible for Editor in 4.90 ms, found 4 plugins.
Preloading 0 native plugins for Editor in 0.00 ms.
Unloading 5042 Unused Serialized files (Serialized files now loaded: 0)
Unloading 36 unused Assets / (225.3 KB). Loaded Objects now: 5559.
Memory consumption went from 181.7 MB to 181.5 MB.
Total: 4.226400 ms (FindLiveObjects: 0.414100 ms CreateObjectMapping: 0.346600 ms MarkObjects: 3.312400 ms  DeleteObjects: 0.152300 ms)

AssetImportParameters requested are different than current active one (requested -> active):
  custom:video-decoder-ogg-theora: a1e56fd34408186e4bbccfd4996cb3dc -> 
  custom:container-muxer-webm: aa71ff27fc2769a1b78a27578f13a17b -> 
  custom:container-demuxer-webm: 4f35f7cbe854078d1ac9338744f61a02 -> 
  custom:video-encoder-webm-vp8: eb34c28f22e8b96e1ab97ce403110664 -> 
  custom:audio-encoder-webm-vorbis: bf7c407c2cedff20999df2af8eb42d56 -> 
  custom:framework-win-MediaFoundation: 216162199b28c13a410421893ffa2e32 -> 
  custom:container-demuxer-ogg: 62fdf1f143b41e24485cea50d1cbac27 -> 
  custom:video-decoder-webm-vp8: 9c59270c3fd7afecdb556c50c9e8de78 -> 
  custom:audio-decoder-ogg-vorbis: bf7c407c2cedff20999df2af8eb42d56 -> 
========================================================================
Received Import Request.
  Time since last request: 32.950208 seconds.
  path: Assets/NaninovelData/EditorResources.asset
  artifactKey: Guid(9b716fa1b38b3f946abfb7be255ffd89) Importer(815301076,1909f56bfc062723c751e8b465ee728b)
Start importing Assets/NaninovelData/EditorResources.asset using Guid(9b716fa1b38b3f946abfb7be255ffd89) Importer(815301076,1909f56bfc062723c751e8b465ee728b)  -> (artifact id: '612d1882ae288f99986510cd9902e674') in 0.023354 seconds 
========================================================================
Received Import Request.
  Time since last request: 30.477299 seconds.
  path: Assets/NaninovelData
  artifactKey: Guid(2ba74e5a5e5f0d141876cde51a4c5ef2) Importer(815301076,1909f56bfc062723c751e8b465ee728b)
Start importing Assets/NaninovelData using Guid(2ba74e5a5e5f0d141876cde51a4c5ef2) Importer(815301076,1909f56bfc062723c751e8b465ee728b)  -> (artifact id: '2e68e15b4c6485f8669c976d38cf734e') in 0.004683 seconds 
========================================================================
Received Import Request.
  Time since last request: 0.092726 seconds.
  path: Assets/NaninovelData/EditorResources.asset
  artifactKey: Guid(6896d2206f1915a4e8bc6d5ef4eb28d5) Importer(815301076,1909f56bfc062723c751e8b465ee728b)
Start importing Assets/NaninovelData/EditorResources.asset using Guid(6896d2206f1915a4e8bc6d5ef4eb28d5) Importer(815301076,1909f56bfc062723c751e8b465ee728b)  -> (artifact id: 'b66b8ef66f07fa8f244c6748a4067f38') in 0.006031 seconds 
========================================================================
Received Import Request.
  Time since last request: 61.699483 seconds.
  path: Assets/NaninovelData/EditorResources - Copy.asset
  artifactKey: Guid(9b716fa1b38b3f946abfb7be255ffd89) Importer(815301076,1909f56bfc062723c751e8b465ee728b)
Start importing Assets/NaninovelData/EditorResources - Copy.asset using Guid(9b716fa1b38b3f946abfb7be255ffd89) Importer(815301076,1909f56bfc062723c751e8b465ee728b)  -> (artifact id: '4f0d6e55b135b31bf0bb3faff4664741') in 0.005991 seconds 
========================================================================
Received Import Request.
  Time since last request: 44.700089 seconds.
  path: Packages/com.unity.cinemachine/package.json
  artifactKey: Guid(7d93e7b7399fbe64790358e67fc94b18) Importer(815301076,1909f56bfc062723c751e8b465ee728b)
Start importing Packages/com.unity.cinemachine/package.json using Guid(7d93e7b7399fbe64790358e67fc94b18) Importer(815301076,1909f56bfc062723c751e8b465ee728b)  -> (artifact id: 'ea4f23e0e764e8e32e742984a0d26132') in 0.129154 seconds 
========================================================================
Received Prepare
Registering precompiled user dll's ...
Registered in 0.024828 seconds.
Begin MonoManager ReloadAssembly
Symbol file LoadedFromMemory doesn't match image D:\01_Projects\FemDevsGameJam2022\FutureWitch\Library\PackageCache\com.unity.visualscripting@1.7.8\Editor\VisualScripting.Core\Dependencies\YamlDotNet\Unity.VisualScripting.YamlDotNet.dll
Symbol file LoadedFromMemory doesn't match image D:\01_Projects\FemDevsGameJam2022\FutureWitch\Library\PackageCache\com.unity.visualscripting@1.7.8\Editor\VisualScripting.Core\Dependencies\DotNetZip\Unity.VisualScripting.IonicZip.dll
Native extension for LinuxStandalone target not found
Native extension for WindowsStandalone target not found
Native extension for OSXStandalone target not found
Native extension for WebGL target not found
Refreshing native plugins compatible for Editor in 1.15 ms, found 4 plugins.
Preloading 0 native plugins for Editor in 0.00 ms.
Mono: successfully reloaded assembly
- Completed reload, in  1.948 seconds
Domain Reload Profiling:
	ReloadAssembly (1949ms)
		BeginReloadAssembly (159ms)
			ExecutionOrderSort (0ms)
			DisableScriptedObjects (6ms)
			BackupInstance (0ms)
			ReleaseScriptingObjects (0ms)
			CreateAndSetChildDomain (44ms)
		EndReloadAssembly (1665ms)
			LoadAssemblies (136ms)
			RebuildTransferFunctionScriptingTraits (0ms)
			SetupTypeCache (297ms)
			ReleaseScriptCaches (1ms)
			RebuildScriptCaches (53ms)
			SetupLoadedEditorAssemblies (1112ms)
				LogAssemblyErrors (0ms)
				InitializePlatformSupportModulesInManaged (27ms)
				SetLoadedEditorAssemblies (1ms)
				RefreshPlugins (1ms)
				BeforeProcessingInitializeOnLoad (136ms)
				ProcessInitializeOnLoadAttributes (259ms)
				ProcessInitializeOnLoadMethodAttributes (672ms)
				AfterProcessingInitializeOnLoad (16ms)
				EditorAssembliesLoaded (0ms)
			ExecutionOrderSort2 (0ms)
			AwakeInstancesAfterBackupRestoration (9ms)
Platform modules already initialized, skipping
Refreshing native plugins compatible for Editor in 5.38 ms, found 4 plugins.
Preloading 0 native plugins for Editor in 0.00 ms.
Unloading 5042 Unused Serialized files (Serialized files now loaded: 0)
Unloading 36 unused Assets / (224.2 KB). Loaded Objects now: 5579.
Memory consumption went from 181.8 MB to 181.5 MB.
Total: 4.332700 ms (FindLiveObjects: 0.376600 ms CreateObjectMapping: 0.297500 ms MarkObjects: 3.517200 ms  DeleteObjects: 0.140500 ms)

AssetImportParameters requested are different than current active one (requested -> active):
  custom:video-decoder-ogg-theora: a1e56fd34408186e4bbccfd4996cb3dc -> 
  custom:container-muxer-webm: aa71ff27fc2769a1b78a27578f13a17b -> 
  custom:container-demuxer-webm: 4f35f7cbe854078d1ac9338744f61a02 -> 
  custom:video-encoder-webm-vp8: eb34c28f22e8b96e1ab97ce403110664 -> 
  custom:audio-encoder-webm-vorbis: bf7c407c2cedff20999df2af8eb42d56 -> 
  custom:framework-win-MediaFoundation: 216162199b28c13a410421893ffa2e32 -> 
  custom:container-demuxer-ogg: 62fdf1f143b41e24485cea50d1cbac27 -> 
  custom:video-decoder-webm-vp8: 9c59270c3fd7afecdb556c50c9e8de78 -> 
  custom:audio-decoder-ogg-vorbis: bf7c407c2cedff20999df2af8eb42d56 -> 
========================================================================
Received Import Request.
  Time since last request: 59.539023 seconds.
  path: Assets/2DPixelArtTest/Animations
  artifactKey: Guid(510e2742eafc2204d80142db5a25e451) Importer(815301076,1909f56bfc062723c751e8b465ee728b)
Start importing Assets/2DPixelArtTest/Animations using Guid(510e2742eafc2204d80142db5a25e451) Importer(815301076,1909f56bfc062723c751e8b465ee728b)  -> (artifact id: '912899c3277003433eb665bca08ef7ad') in 0.171324 seconds 
========================================================================
Received Import Request.
  Time since last request: 0.942140 seconds.
  path: Assets/2DPixelArtTest/Animations/Animations
  artifactKey: Guid(2a263e21ef08e4b4f85d98903bdcb8fc) Importer(815301076,1909f56bfc062723c751e8b465ee728b)
Start importing Assets/2DPixelArtTest/Animations/Animations using Guid(2a263e21ef08e4b4f85d98903bdcb8fc) Importer(815301076,1909f56bfc062723c751e8b465ee728b)  -> (artifact id: '6ee43cc249c15c829fe61e9813b09755') in 0.033889 seconds 
========================================================================
Received Import Request.
  Time since last request: 6.515068 seconds.
  path: Assets/2DPixelArtTest/Animations/Animations/coin-spin.anim
  artifactKey: Guid(62bb053292f4c954aacfc09001ccf03b) Importer(815301076,1909f56bfc062723c751e8b465ee728b)
Start importing Assets/2DPixelArtTest/Animations/Animations/coin-spin.anim using Guid(62bb053292f4c954aacfc09001ccf03b) Importer(815301076,1909f56bfc062723c751e8b465ee728b)  -> (artifact id: '01ef3a5bf5406c312cb36b54d14ac0e5') in 0.054600 seconds 
========================================================================
Received Import Request.
  Time since last request: 1.859410 seconds.
  path: Assets/2DPixelArtTest/Animations/Animations/enemy-idle-1.anim
  artifactKey: Guid(4b42cf0d30e3bbe4eac8f62b8e388ca3) Importer(815301076,1909f56bfc062723c751e8b465ee728b)
Start importing Assets/2DPixelArtTest/Animations/Animations/enemy-idle-1.anim using Guid(4b42cf0d30e3bbe4eac8f62b8e388ca3) Importer(815301076,1909f56bfc062723c751e8b465ee728b)  -> (artifact id: 'a7a380b15f06f6c3c53841f197be834d') in 0.006147 seconds 
17/11/2022 20:43:00|Error|<>c__DisplayClass70_0.<receiveRequest>b__0|A timeout has occurred while reading an HTTP request/response.
17/11/2022 20:43:00|Error|<>c__DisplayClass70_0.<receiveRequest>b__0|A timeout has occurred while reading an HTTP request/response.
========================================================================
Received Import Request.
  Time since last request: 590.971264 seconds.
  path: Assets/FutureWitch/Sprites/titlescreen.jpg
  artifactKey: Guid(dd2b50021623b1f4fb1247b9c321490e) Importer(815301076,1909f56bfc062723c751e8b465ee728b)
Start importing Assets/FutureWitch/Sprites/titlescreen.jpg using Guid(dd2b50021623b1f4fb1247b9c321490e) Importer(815301076,1909f56bfc062723c751e8b465ee728b)  -> (artifact id: '0f30d702a4a597cfe44c612f018e4a8e') in 0.234312 seconds 
========================================================================
Received Import Request.
  Time since last request: 187.457317 seconds.
  path: Assets/FutureWitch/Scripts/Dialogue00.nani
  artifactKey: Guid(77055dca417601a4a84d99c04053cd30) Importer(815301076,1909f56bfc062723c751e8b465ee728b)
Start importing Assets/FutureWitch/Scripts/Dialogue00.nani using Guid(77055dca417601a4a84d99c04053cd30) Importer(815301076,1909f56bfc062723c751e8b465ee728b)  -> (artifact id: '8d92efb97ac7eab30fcd68e4db05d370') in 0.049246 seconds 
========================================================================
Received Import Request.
  Time since last request: 27.251245 seconds.
  path: Assets/FutureWitch/Scripts/Dialogue00.nani
  artifactKey: Guid(77055dca417601a4a84d99c04053cd30) Importer(815301076,1909f56bfc062723c751e8b465ee728b)
Start importing Assets/FutureWitch/Scripts/Dialogue00.nani using Guid(77055dca417601a4a84d99c04053cd30) Importer(815301076,1909f56bfc062723c751e8b465ee728b)  -> (artifact id: '8d92efb97ac7eab30fcd68e4db05d370') in 0.004122 seconds 
========================================================================
Received Import Request.
  Time since last request: 69.119860 seconds.
  path: Assets/FutureWitch/Scripts/Dialogue00.nani
  artifactKey: Guid(77055dca417601a4a84d99c04053cd30) Importer(815301076,1909f56bfc062723c751e8b465ee728b)
Start importing Assets/FutureWitch/Scripts/Dialogue00.nani using Guid(77055dca417601a4a84d99c04053cd30) Importer(815301076,1909f56bfc062723c751e8b465ee728b)  -> (artifact id: '8d92efb97ac7eab30fcd68e4db05d370') in 0.004984 seconds 
========================================================================
Received Import Request.
  Time since last request: 2.645123 seconds.
  path: Assets/FutureWitch/Scripts/Dialogue00.nani
  artifactKey: Guid(77055dca417601a4a84d99c04053cd30) Importer(815301076,1909f56bfc062723c751e8b465ee728b)
Start importing Assets/FutureWitch/Scripts/Dialogue00.nani using Guid(77055dca417601a4a84d99c04053cd30) Importer(815301076,1909f56bfc062723c751e8b465ee728b)  -> (artifact id: '8d92efb97ac7eab30fcd68e4db05d370') in 0.004442 seconds 
========================================================================
Received Import Request.
  Time since last request: 166.523273 seconds.
  path: Assets/NaninovelData/EditorResources.asset
  artifactKey: Guid(6896d2206f1915a4e8bc6d5ef4eb28d5) Importer(815301076,1909f56bfc062723c751e8b465ee728b)
Start importing Assets/NaninovelData/EditorResources.asset using Guid(6896d2206f1915a4e8bc6d5ef4eb28d5) Importer(815301076,1909f56bfc062723c751e8b465ee728b)  -> (artifact id: '901ef07930200c69c7b112bdda460c3b') in 0.005740 seconds 
========================================================================
Received Import Request.
  Time since last request: 125.009424 seconds.
  path: Assets/NaninovelData/EditorResources.asset
  artifactKey: Guid(6896d2206f1915a4e8bc6d5ef4eb28d5) Importer(815301076,1909f56bfc062723c751e8b465ee728b)
Start importing Assets/NaninovelData/EditorResources.asset using Guid(6896d2206f1915a4e8bc6d5ef4eb28d5) Importer(815301076,1909f56bfc062723c751e8b465ee728b)  -> (artifact id: '0d15cfee05270bdcd5e27ef0db3aba1a') in 0.005953 seconds 
========================================================================
Received Import Request.
  Time since last request: 39.273599 seconds.
  path: Assets/FutureWitch/Scripts/Dialogue00.nani
  artifactKey: Guid(77055dca417601a4a84d99c04053cd30) Importer(815301076,1909f56bfc062723c751e8b465ee728b)
Start importing Assets/FutureWitch/Scripts/Dialogue00.nani using Guid(77055dca417601a4a84d99c04053cd30) Importer(815301076,1909f56bfc062723c751e8b465ee728b)  -> (artifact id: '8d92efb97ac7eab30fcd68e4db05d370') in 0.004220 seconds 
========================================================================
Received Import Request.
  Time since last request: 13.512470 seconds.
  path: Assets/FutureWitch/Runtime/GameManager.cs
  artifactKey: Guid(5ca1dbde6ae6c044285b5c13d654286a) Importer(815301076,1909f56bfc062723c751e8b465ee728b)
Start importing Assets/FutureWitch/Runtime/GameManager.cs using Guid(5ca1dbde6ae6c044285b5c13d654286a) Importer(815301076,1909f56bfc062723c751e8b465ee728b)  -> (artifact id: '9a2b7c67a507a9a33c1d09925752cac8') in 0.017106 seconds 
17/11/2022 21:41:37|Error|<>c__DisplayClass70_0.<receiveRequest>b__0|An exception has occurred while reading an HTTP request/response.
========================================================================
Received Prepare
Registering precompiled user dll's ...
Registered in 0.023333 seconds.
Begin MonoManager ReloadAssembly
17/11/2022 21:41:40|Fatal|WebSocketServer.receiveRequest|Thread was being aborted.
Symbol file LoadedFromMemory doesn't match image D:\01_Projects\FemDevsGameJam2022\FutureWitch\Library\PackageCache\com.unity.visualscripting@1.7.8\Editor\VisualScripting.Core\Dependencies\YamlDotNet\Unity.VisualScripting.YamlDotNet.dll
Symbol file LoadedFromMemory doesn't match image D:\01_Projects\FemDevsGameJam2022\FutureWitch\Library\PackageCache\com.unity.visualscripting@1.7.8\Editor\VisualScripting.Core\Dependencies\DotNetZip\Unity.VisualScripting.IonicZip.dll
Native extension for LinuxStandalone target not found
Native extension for WindowsStandalone target not found
Native extension for OSXStandalone target not found
Native extension for WebGL target not found
Refreshing native plugins compatible for Editor in 0.99 ms, found 4 plugins.
Preloading 0 native plugins for Editor in 0.00 ms.
Mono: successfully reloaded assembly
- Completed reload, in  2.812 seconds
Domain Reload Profiling:
	ReloadAssembly (2815ms)
		BeginReloadAssembly (324ms)
			ExecutionOrderSort (0ms)
			DisableScriptedObjects (20ms)
			BackupInstance (0ms)
			ReleaseScriptingObjects (0ms)
			CreateAndSetChildDomain (160ms)
		EndReloadAssembly (2308ms)
			LoadAssemblies (161ms)
			RebuildTransferFunctionScriptingTraits (0ms)
			SetupTypeCache (335ms)
			ReleaseScriptCaches (2ms)
			RebuildScriptCaches (54ms)
			SetupLoadedEditorAssemblies (1709ms)
				LogAssemblyErrors (0ms)
				InitializePlatformSupportModulesInManaged (26ms)
				SetLoadedEditorAssemblies (1ms)
				RefreshPlugins (1ms)
				BeforeProcessingInitializeOnLoad (730ms)
				ProcessInitializeOnLoadAttributes (265ms)
				ProcessInitializeOnLoadMethodAttributes (675ms)
				AfterProcessingInitializeOnLoad (12ms)
				EditorAssembliesLoaded (0ms)
			ExecutionOrderSort2 (0ms)
			AwakeInstancesAfterBackupRestoration (10ms)
Platform modules already initialized, skipping
Refreshing native plugins compatible for Editor in 5.65 ms, found 4 plugins.
Preloading 0 native plugins for Editor in 0.00 ms.
Unloading 5042 Unused Serialized files (Serialized files now loaded: 0)
Unloading 36 unused Assets / (225.4 KB). Loaded Objects now: 5604.
Memory consumption went from 185.9 MB to 185.6 MB.
Total: 5.728000 ms (FindLiveObjects: 0.587100 ms CreateObjectMapping: 0.580700 ms MarkObjects: 4.405800 ms  DeleteObjects: 0.153400 ms)

AssetImportParameters requested are different than current active one (requested -> active):
  custom:video-decoder-ogg-theora: a1e56fd34408186e4bbccfd4996cb3dc -> 
  custom:container-muxer-webm: aa71ff27fc2769a1b78a27578f13a17b -> 
  custom:container-demuxer-webm: 4f35f7cbe854078d1ac9338744f61a02 -> 
  custom:video-encoder-webm-vp8: eb34c28f22e8b96e1ab97ce403110664 -> 
  custom:audio-encoder-webm-vorbis: bf7c407c2cedff20999df2af8eb42d56 -> 
  custom:framework-win-MediaFoundation: 216162199b28c13a410421893ffa2e32 -> 
  custom:container-demuxer-ogg: 62fdf1f143b41e24485cea50d1cbac27 -> 
  custom:video-decoder-webm-vp8: 9c59270c3fd7afecdb556c50c9e8de78 -> 
  custom:audio-decoder-ogg-vorbis: bf7c407c2cedff20999df2af8eb42d56 -> 
17/11/2022 21:43:12|Error|<>c__DisplayClass70_0.<receiveRequest>b__0|A timeout has occurred while reading an HTTP request/response.
17/11/2022 21:43:13|Error|<>c__DisplayClass70_0.<receiveRequest>b__0|A timeout has occurred while reading an HTTP request/response.
========================================================================
Received Import Request.
  Time since last request: 4985.629276 seconds.
  path: Assets/FutureWitch/Scripts/Dialogue00.nani
  artifactKey: Guid(77055dca417601a4a84d99c04053cd30) Importer(815301076,1909f56bfc062723c751e8b465ee728b)
Start importing Assets/FutureWitch/Scripts/Dialogue00.nani using Guid(77055dca417601a4a84d99c04053cd30) Importer(815301076,1909f56bfc062723c751e8b465ee728b)  -> (artifact id: '8d92efb97ac7eab30fcd68e4db05d370') in 0.177224 seconds 
========================================================================
Received Import Request.
  Time since last request: 688.651366 seconds.
  path: Assets/FutureWitch/Sprites/Backgrounds/titlescreen.png
  artifactKey: Guid(4230a8f9e0497d3428dcc246fa199c88) Importer(815301076,1909f56bfc062723c751e8b465ee728b)
Start importing Assets/FutureWitch/Sprites/Backgrounds/titlescreen.png using Guid(4230a8f9e0497d3428dcc246fa199c88) Importer(815301076,1909f56bfc062723c751e8b465ee728b)  -> (artifact id: '8f2e6655f258749ba490af23b88cb3e8') in 0.435041 seconds 
========================================================================
Received Import Request.
  Time since last request: 64.997543 seconds.
  path: Assets/FutureWitch/Sprites/Backgrounds/titlescreen.png
  artifactKey: Guid(4230a8f9e0497d3428dcc246fa199c88) Importer(815301076,1909f56bfc062723c751e8b465ee728b)
Start importing Assets/FutureWitch/Sprites/Backgrounds/titlescreen.png using Guid(4230a8f9e0497d3428dcc246fa199c88) Importer(815301076,1909f56bfc062723c751e8b465ee728b)  -> (artifact id: '25c7265741fadff657f8ead67592f049') in 0.153736 seconds 
========================================================================
Received Import Request.
  Time since last request: 111.793029 seconds.
  path: Assets/FutureWitch/Scripts/Dialogue00.nani
  artifactKey: Guid(77055dca417601a4a84d99c04053cd30) Importer(815301076,1909f56bfc062723c751e8b465ee728b)
Start importing Assets/FutureWitch/Scripts/Dialogue00.nani using Guid(77055dca417601a4a84d99c04053cd30) Importer(815301076,1909f56bfc062723c751e8b465ee728b)  -> (artifact id: '8d92efb97ac7eab30fcd68e4db05d370') in 0.004741 seconds 
========================================================================
Received Import Request.
  Time since last request: 10.355988 seconds.
  path: Assets/FutureWitch/Scripts/Dialogue00.nani
  artifactKey: Guid(77055dca417601a4a84d99c04053cd30) Importer(815301076,1909f56bfc062723c751e8b465ee728b)
Start importing Assets/FutureWitch/Scripts/Dialogue00.nani using Guid(77055dca417601a4a84d99c04053cd30) Importer(815301076,1909f56bfc062723c751e8b465ee728b)  -> (artifact id: '8d92efb97ac7eab30fcd68e4db05d370') in 0.005046 seconds 
========================================================================
Received Import Request.
  Time since last request: 755.212851 seconds.
  path: Assets/FutureWitch/Sprites/Backgrounds/bg_title.jpg
  artifactKey: Guid(4a08f39b24079fa4e9a65d19cce7b1d6) Importer(815301076,1909f56bfc062723c751e8b465ee728b)
Start importing Assets/FutureWitch/Sprites/Backgrounds/bg_title.jpg using Guid(4a08f39b24079fa4e9a65d19cce7b1d6) Importer(815301076,1909f56bfc062723c751e8b465ee728b)  -> (artifact id: '32b12f639fd8639beedbf855679f8d69') in 0.236795 seconds 
========================================================================
Received Import Request.
  Time since last request: 39.650373 seconds.
  path: Assets/FutureWitch/Scripts/Dialogue00.nani
  artifactKey: Guid(77055dca417601a4a84d99c04053cd30) Importer(815301076,1909f56bfc062723c751e8b465ee728b)
Start importing Assets/FutureWitch/Scripts/Dialogue00.nani using Guid(77055dca417601a4a84d99c04053cd30) Importer(815301076,1909f56bfc062723c751e8b465ee728b)  -> (artifact id: '8d92efb97ac7eab30fcd68e4db05d370') in 0.007648 seconds 
========================================================================
Received Import Request.
  Time since last request: 78.000214 seconds.
  path: Assets/FutureWitch/Scripts/Dialogue00.nani
  artifactKey: Guid(77055dca417601a4a84d99c04053cd30) Importer(815301076,1909f56bfc062723c751e8b465ee728b)
Start importing Assets/FutureWitch/Scripts/Dialogue00.nani using Guid(77055dca417601a4a84d99c04053cd30) Importer(815301076,1909f56bfc062723c751e8b465ee728b)  -> (artifact id: '8d92efb97ac7eab30fcd68e4db05d370') in 0.006527 seconds 
========================================================================
Received Import Request.
  Time since last request: 0.642959 seconds.
  path: Assets/FutureWitch/Scripts/Dialogue00.nani
  artifactKey: Guid(77055dca417601a4a84d99c04053cd30) Importer(815301076,1909f56bfc062723c751e8b465ee728b)
Start importing Assets/FutureWitch/Scripts/Dialogue00.nani using Guid(77055dca417601a4a84d99c04053cd30) Importer(815301076,1909f56bfc062723c751e8b465ee728b)  -> (artifact id: '8d92efb97ac7eab30fcd68e4db05d370') in 0.005637 seconds 
========================================================================
Received Import Request.
  Time since last request: 0.000026 seconds.
  path: Assets/FutureWitch/Scripts/Title.nani
  artifactKey: Guid(0535e1d4ea63af94a9dd51a1ce9d10df) Importer(815301076,1909f56bfc062723c751e8b465ee728b)
Start importing Assets/FutureWitch/Scripts/Title.nani using Guid(0535e1d4ea63af94a9dd51a1ce9d10df) Importer(815301076,1909f56bfc062723c751e8b465ee728b)  -> (artifact id: '90fe04d4fff0c04254ba5b3b209542d4') in 0.043515 seconds 
========================================================================
Received Import Request.
  Time since last request: 187.395332 seconds.
  path: Assets/FutureWitch/Scripts/Info.nani
  artifactKey: Guid(2016baabbfbe0f44e8b2ff9907ec049f) Importer(815301076,1909f56bfc062723c751e8b465ee728b)
Start importing Assets/FutureWitch/Scripts/Info.nani using Guid(2016baabbfbe0f44e8b2ff9907ec049f) Importer(815301076,1909f56bfc062723c751e8b465ee728b)  -> (artifact id: '44b72cd5e151b99e31faae2b383c43c8') in 0.004597 seconds 
========================================================================
Received Import Request.
  Time since last request: 18.062460 seconds.
  path: Assets/FutureWitch/Scripts/Info.nani
  artifactKey: Guid(2016baabbfbe0f44e8b2ff9907ec049f) Importer(815301076,1909f56bfc062723c751e8b465ee728b)
Start importing Assets/FutureWitch/Scripts/Info.nani using Guid(2016baabbfbe0f44e8b2ff9907ec049f) Importer(815301076,1909f56bfc062723c751e8b465ee728b)  -> (artifact id: 'e8723d190c2073184105c0fa618dd669') in 0.032289 seconds 
========================================================================
Received Import Request.
  Time since last request: 33.027496 seconds.
  path: Assets/FutureWitch/Scripts/Info.nani
  artifactKey: Guid(2016baabbfbe0f44e8b2ff9907ec049f) Importer(815301076,1909f56bfc062723c751e8b465ee728b)
Start importing Assets/FutureWitch/Scripts/Info.nani using Guid(2016baabbfbe0f44e8b2ff9907ec049f) Importer(815301076,1909f56bfc062723c751e8b465ee728b)  -> (artifact id: 'e8723d190c2073184105c0fa618dd669') in 0.026591 seconds 
========================================================================
Received Import Request.
  Time since last request: 88.750586 seconds.
  path: Assets/FutureWitch/Scripts/Info.nani
  artifactKey: Guid(2016baabbfbe0f44e8b2ff9907ec049f) Importer(815301076,1909f56bfc062723c751e8b465ee728b)
Start importing Assets/FutureWitch/Scripts/Info.nani using Guid(2016baabbfbe0f44e8b2ff9907ec049f) Importer(815301076,1909f56bfc062723c751e8b465ee728b)  -> (artifact id: 'e8723d190c2073184105c0fa618dd669') in 0.012745 seconds 
========================================================================
Received Import Request.
  Time since last request: 18.789303 seconds.
  path: Assets/FutureWitch/Scripts/Info.nani
  artifactKey: Guid(2016baabbfbe0f44e8b2ff9907ec049f) Importer(815301076,1909f56bfc062723c751e8b465ee728b)
Start importing Assets/FutureWitch/Scripts/Info.nani using Guid(2016baabbfbe0f44e8b2ff9907ec049f) Importer(815301076,1909f56bfc062723c751e8b465ee728b)  -> (artifact id: 'e8723d190c2073184105c0fa618dd669') in 0.027165 seconds 
17/11/2022 23:00:40|Error|<>c__DisplayClass70_0.<receiveRequest>b__0|An exception has occurred while reading an HTTP request/response.
========================================================================
Received Prepare
Registering precompiled user dll's ...
Registered in 0.030805 seconds.
Begin MonoManager ReloadAssembly
17/11/2022 23:00:43|Fatal|WebSocketServer.receiveRequest|Thread was being aborted.
Symbol file LoadedFromMemory doesn't match image D:\01_Projects\FemDevsGameJam2022\FutureWitch\Library\PackageCache\com.unity.visualscripting@1.7.8\Editor\VisualScripting.Core\Dependencies\YamlDotNet\Unity.VisualScripting.YamlDotNet.dll
Symbol file LoadedFromMemory doesn't match image D:\01_Projects\FemDevsGameJam2022\FutureWitch\Library\PackageCache\com.unity.visualscripting@1.7.8\Editor\VisualScripting.Core\Dependencies\DotNetZip\Unity.VisualScripting.IonicZip.dll
Native extension for LinuxStandalone target not found
Native extension for WindowsStandalone target not found
Native extension for OSXStandalone target not found
Native extension for WebGL target not found
Refreshing native plugins compatible for Editor in 0.87 ms, found 4 plugins.
Preloading 0 native plugins for Editor in 0.00 ms.
Mono: successfully reloaded assembly
- Completed reload, in  2.325 seconds
Domain Reload Profiling:
	ReloadAssembly (2326ms)
		BeginReloadAssembly (381ms)
			ExecutionOrderSort (0ms)
			DisableScriptedObjects (21ms)
			BackupInstance (0ms)
			ReleaseScriptingObjects (0ms)
			CreateAndSetChildDomain (185ms)
		EndReloadAssembly (1785ms)
			LoadAssemblies (176ms)
			RebuildTransferFunctionScriptingTraits (0ms)
			SetupTypeCache (383ms)
			ReleaseScriptCaches (2ms)
			RebuildScriptCaches (62ms)
			SetupLoadedEditorAssemblies (1127ms)
				LogAssemblyErrors (0ms)
				InitializePlatformSupportModulesInManaged (26ms)
				SetLoadedEditorAssemblies (1ms)
				RefreshPlugins (1ms)
				BeforeProcessingInitializeOnLoad (130ms)
				ProcessInitializeOnLoadAttributes (275ms)
				ProcessInitializeOnLoadMethodAttributes (680ms)
				AfterProcessingInitializeOnLoad (13ms)
				EditorAssembliesLoaded (0ms)
			ExecutionOrderSort2 (0ms)
			AwakeInstancesAfterBackupRestoration (11ms)
Platform modules already initialized, skipping
Refreshing native plugins compatible for Editor in 4.63 ms, found 4 plugins.
Preloading 0 native plugins for Editor in 0.00 ms.
Unloading 5042 Unused Serialized files (Serialized files now loaded: 0)
Unloading 36 unused Assets / (224.2 KB). Loaded Objects now: 5626.
Memory consumption went from 185.9 MB to 185.7 MB.
Total: 5.213300 ms (FindLiveObjects: 0.379100 ms CreateObjectMapping: 0.321800 ms MarkObjects: 4.269800 ms  DeleteObjects: 0.241700 ms)

AssetImportParameters requested are different than current active one (requested -> active):
  custom:video-decoder-ogg-theora: a1e56fd34408186e4bbccfd4996cb3dc -> 
  custom:container-muxer-webm: aa71ff27fc2769a1b78a27578f13a17b -> 
  custom:container-demuxer-webm: 4f35f7cbe854078d1ac9338744f61a02 -> 
  custom:video-encoder-webm-vp8: eb34c28f22e8b96e1ab97ce403110664 -> 
  custom:audio-encoder-webm-vorbis: bf7c407c2cedff20999df2af8eb42d56 -> 
  custom:framework-win-MediaFoundation: 216162199b28c13a410421893ffa2e32 -> 
  custom:container-demuxer-ogg: 62fdf1f143b41e24485cea50d1cbac27 -> 
  custom:video-decoder-webm-vp8: 9c59270c3fd7afecdb556c50c9e8de78 -> 
  custom:audio-decoder-ogg-vorbis: bf7c407c2cedff20999df2af8eb42d56 -> 
========================================================================
Received Import Request.
  Time since last request: 83.769787 seconds.
  path: Assets/FutureWitch/Scripts/Info.nani
  artifactKey: Guid(2016baabbfbe0f44e8b2ff9907ec049f) Importer(815301076,1909f56bfc062723c751e8b465ee728b)
Start importing Assets/FutureWitch/Scripts/Info.nani using Guid(2016baabbfbe0f44e8b2ff9907ec049f) Importer(815301076,1909f56bfc062723c751e8b465ee728b)  -> (artifact id: 'e8723d190c2073184105c0fa618dd669') in 0.010845 seconds 
========================================================================
Received Import Request.
  Time since last request: 0.425123 seconds.
  path: Assets/FutureWitch/Scripts/Title.nani
  artifactKey: Guid(0535e1d4ea63af94a9dd51a1ce9d10df) Importer(815301076,1909f56bfc062723c751e8b465ee728b)
Start importing Assets/FutureWitch/Scripts/Title.nani using Guid(0535e1d4ea63af94a9dd51a1ce9d10df) Importer(815301076,1909f56bfc062723c751e8b465ee728b)  -> (artifact id: '90fe04d4fff0c04254ba5b3b209542d4') in 0.005790 seconds 
17/11/2022 23:02:15|Error|<>c__DisplayClass70_0.<receiveRequest>b__0|A timeout has occurred while reading an HTTP request/response.
17/11/2022 23:02:16|Error|<>c__DisplayClass70_0.<receiveRequest>b__0|A timeout has occurred while reading an HTTP request/response.
========================================================================
Received Import Request.
  Time since last request: 39.605978 seconds.
  path: Assets/FutureWitch/Scripts/Title.nani
  artifactKey: Guid(0535e1d4ea63af94a9dd51a1ce9d10df) Importer(815301076,1909f56bfc062723c751e8b465ee728b)
Start importing Assets/FutureWitch/Scripts/Title.nani using Guid(0535e1d4ea63af94a9dd51a1ce9d10df) Importer(815301076,1909f56bfc062723c751e8b465ee728b)  -> (artifact id: '90fe04d4fff0c04254ba5b3b209542d4') in 0.006196 seconds 
========================================================================
Received Import Request.
  Time since last request: 24.840623 seconds.
  path: Assets/FutureWitch/Scripts/Title.nani
  artifactKey: Guid(0535e1d4ea63af94a9dd51a1ce9d10df) Importer(815301076,1909f56bfc062723c751e8b465ee728b)
Start importing Assets/FutureWitch/Scripts/Title.nani using Guid(0535e1d4ea63af94a9dd51a1ce9d10df) Importer(815301076,1909f56bfc062723c751e8b465ee728b)  -> (artifact id: '90fe04d4fff0c04254ba5b3b209542d4') in 0.005107 seconds 
========================================================================
Received Import Request.
  Time since last request: 2757.666592 seconds.
  path: Assets/ExternalAssets/TextMesh Pro/Examples & Extras/Fonts/Roboto-Bold.ttf
  artifactKey: Guid(4beb055f07aaff244873dec698d0363e) Importer(815301076,1909f56bfc062723c751e8b465ee728b)
Start importing Assets/ExternalAssets/TextMesh Pro/Examples & Extras/Fonts/Roboto-Bold.ttf using Guid(4beb055f07aaff244873dec698d0363e) Importer(815301076,1909f56bfc062723c751e8b465ee728b)  -> (artifact id: '02f691fcd04daa8e5231d216c74a6566') in 0.337035 seconds 
========================================================================
Received Import Request.
  Time since last request: 21.407612 seconds.
  path: Assets/FutureWitch
  artifactKey: Guid(873cc76d32d4bf240adcc6024dc670cb) Importer(815301076,1909f56bfc062723c751e8b465ee728b)
Start importing Assets/FutureWitch using Guid(873cc76d32d4bf240adcc6024dc670cb) Importer(815301076,1909f56bfc062723c751e8b465ee728b)  -> (artifact id: '7a0696911aa3a87f8f97f81ffc619fbb') in 0.005583 seconds 
========================================================================
Received Import Request.
  Time since last request: 23.307430 seconds.
  path: Assets/FutureWitch/Fonts
  artifactKey: Guid(aeb3d8ea2997b2249985e7b5d208c997) Importer(815301076,1909f56bfc062723c751e8b465ee728b)
Start importing Assets/FutureWitch/Fonts using Guid(aeb3d8ea2997b2249985e7b5d208c997) Importer(815301076,1909f56bfc062723c751e8b465ee728b)  -> (artifact id: '701c601d2caee6d67b32392db552102e') in 0.005271 seconds 
========================================================================
Received Import Request.
  Time since last request: 185.647911 seconds.
  path: Assets/FutureWitch/Fonts/ethnocentric rg.ttf
  artifactKey: Guid(0e60b4dbe7a22294ea2645430496af0f) Importer(815301076,1909f56bfc062723c751e8b465ee728b)
Start importing Assets/FutureWitch/Fonts/ethnocentric rg.ttf using Guid(0e60b4dbe7a22294ea2645430496af0f) Importer(815301076,1909f56bfc062723c751e8b465ee728b)  -> (artifact id: 'adf2d3eb081053df34b214984128a84c') in 0.035877 seconds 
========================================================================
Received Import Request.
  Time since last request: 399.389875 seconds.
  path: Assets/FutureWitch/Prefabs/TitlePrinter.prefab
  artifactKey: Guid(521d69465604a3b44ab4af9e8fe0e0fb) Importer(815301076,1909f56bfc062723c751e8b465ee728b)
Start importing Assets/FutureWitch/Prefabs/TitlePrinter.prefab using Guid(521d69465604a3b44ab4af9e8fe0e0fb) Importer(815301076,1909f56bfc062723c751e8b465ee728b)  -> (artifact id: '8d5708cc50b32ebab8b3b08617160548') in 0.011064 seconds 
========================================================================
Received Import Request.
  Time since last request: 64.379342 seconds.
  path: Assets/FutureWitch/Prefabs/TitlePrinter.prefab
  artifactKey: Guid(521d69465604a3b44ab4af9e8fe0e0fb) Importer(815301076,1909f56bfc062723c751e8b465ee728b)
Start importing Assets/FutureWitch/Prefabs/TitlePrinter.prefab using Guid(521d69465604a3b44ab4af9e8fe0e0fb) Importer(815301076,1909f56bfc062723c751e8b465ee728b)  -> (artifact id: '8d5708cc50b32ebab8b3b08617160548') in 0.005061 seconds 
========================================================================
Received Import Request.
  Time since last request: 77.406373 seconds.
  path: Assets/FutureWitch/Prefabs/TitlePrinter.prefab
  artifactKey: Guid(521d69465604a3b44ab4af9e8fe0e0fb) Importer(815301076,1909f56bfc062723c751e8b465ee728b)
Start importing Assets/FutureWitch/Prefabs/TitlePrinter.prefab using Guid(521d69465604a3b44ab4af9e8fe0e0fb) Importer(815301076,1909f56bfc062723c751e8b465ee728b)  -> (artifact id: '8d5708cc50b32ebab8b3b08617160548') in 0.005991 seconds 
========================================================================
Received Import Request.
  Time since last request: 14.435673 seconds.
  path: Assets/FutureWitch/Prefabs/TitlePrinter.prefab
  artifactKey: Guid(521d69465604a3b44ab4af9e8fe0e0fb) Importer(815301076,1909f56bfc062723c751e8b465ee728b)
Start importing Assets/FutureWitch/Prefabs/TitlePrinter.prefab using Guid(521d69465604a3b44ab4af9e8fe0e0fb) Importer(815301076,1909f56bfc062723c751e8b465ee728b)  -> (artifact id: '8d5708cc50b32ebab8b3b08617160548') in 0.006289 seconds 
========================================================================
Received Import Request.
  Time since last request: 3.543348 seconds.
  path: Assets/FutureWitch/Prefabs/TitlePrinter.prefab
  artifactKey: Guid(521d69465604a3b44ab4af9e8fe0e0fb) Importer(815301076,1909f56bfc062723c751e8b465ee728b)
Start importing Assets/FutureWitch/Prefabs/TitlePrinter.prefab using Guid(521d69465604a3b44ab4af9e8fe0e0fb) Importer(815301076,1909f56bfc062723c751e8b465ee728b)  -> (artifact id: '8d5708cc50b32ebab8b3b08617160548') in 0.006503 seconds 
========================================================================
Received Import Request.
  Time since last request: 137.941963 seconds.
  path: Assets/FutureWitch/Prefabs/TitlePrinter.prefab
  artifactKey: Guid(521d69465604a3b44ab4af9e8fe0e0fb) Importer(815301076,1909f56bfc062723c751e8b465ee728b)
Start importing Assets/FutureWitch/Prefabs/TitlePrinter.prefab using Guid(521d69465604a3b44ab4af9e8fe0e0fb) Importer(815301076,1909f56bfc062723c751e8b465ee728b)  -> (artifact id: '8d5708cc50b32ebab8b3b08617160548') in 0.007200 seconds 
========================================================================
Received Import Request.
  Time since last request: 21.020641 seconds.
  path: Assets/FutureWitch/Prefabs/TitlePrinter.prefab
  artifactKey: Guid(521d69465604a3b44ab4af9e8fe0e0fb) Importer(815301076,1909f56bfc062723c751e8b465ee728b)
Start importing Assets/FutureWitch/Prefabs/TitlePrinter.prefab using Guid(521d69465604a3b44ab4af9e8fe0e0fb) Importer(815301076,1909f56bfc062723c751e8b465ee728b)  -> (artifact id: '8d5708cc50b32ebab8b3b08617160548') in 0.006644 seconds 
========================================================================
Received Import Request.
  Time since last request: 288.249071 seconds.
  path: Assets/FutureWitch/Prefabs/TitlePrinter.prefab
  artifactKey: Guid(521d69465604a3b44ab4af9e8fe0e0fb) Importer(815301076,1909f56bfc062723c751e8b465ee728b)
Start importing Assets/FutureWitch/Prefabs/TitlePrinter.prefab using Guid(521d69465604a3b44ab4af9e8fe0e0fb) Importer(815301076,1909f56bfc062723c751e8b465ee728b)  -> (artifact id: '8d5708cc50b32ebab8b3b08617160548') in 0.005663 seconds 
========================================================================
Received Import Request.
  Time since last request: 209.144257 seconds.
  path: Assets/FutureWitch/Prefabs/TitlePrinter.prefab
  artifactKey: Guid(521d69465604a3b44ab4af9e8fe0e0fb) Importer(815301076,1909f56bfc062723c751e8b465ee728b)
Start importing Assets/FutureWitch/Prefabs/TitlePrinter.prefab using Guid(521d69465604a3b44ab4af9e8fe0e0fb) Importer(815301076,1909f56bfc062723c751e8b465ee728b)  -> (artifact id: '42d63b99d3adbe027d371285b0b0bade') in 0.005495 seconds 
========================================================================
Received Import Request.
  Time since last request: 52.173454 seconds.
  path: Assets/FutureWitch/Prefabs/TitlePrinter.prefab
  artifactKey: Guid(521d69465604a3b44ab4af9e8fe0e0fb) Importer(815301076,1909f56bfc062723c751e8b465ee728b)
Start importing Assets/FutureWitch/Prefabs/TitlePrinter.prefab using Guid(521d69465604a3b44ab4af9e8fe0e0fb) Importer(815301076,1909f56bfc062723c751e8b465ee728b)  -> (artifact id: '42d63b99d3adbe027d371285b0b0bade') in 0.005999 seconds 
========================================================================
Received Import Request.
  Time since last request: 11.906644 seconds.
  path: Assets/FutureWitch/Prefabs/TitlePrinter.prefab
  artifactKey: Guid(521d69465604a3b44ab4af9e8fe0e0fb) Importer(815301076,1909f56bfc062723c751e8b465ee728b)
Start importing Assets/FutureWitch/Prefabs/TitlePrinter.prefab using Guid(521d69465604a3b44ab4af9e8fe0e0fb) Importer(815301076,1909f56bfc062723c751e8b465ee728b)  -> (artifact id: '42d63b99d3adbe027d371285b0b0bade') in 0.005077 seconds 
========================================================================
Received Import Request.
  Time since last request: 92.805479 seconds.
  path: Assets/FutureWitch/Prefabs/TitlePrinter.prefab
  artifactKey: Guid(521d69465604a3b44ab4af9e8fe0e0fb) Importer(815301076,1909f56bfc062723c751e8b465ee728b)
Start importing Assets/FutureWitch/Prefabs/TitlePrinter.prefab using Guid(521d69465604a3b44ab4af9e8fe0e0fb) Importer(815301076,1909f56bfc062723c751e8b465ee728b)  -> (artifact id: '42d63b99d3adbe027d371285b0b0bade') in 0.004985 seconds 
========================================================================
Received Import Request.
  Time since last request: 191.088102 seconds.
  path: Assets/FutureWitch/Prefabs/TitlePrinter.prefab
  artifactKey: Guid(521d69465604a3b44ab4af9e8fe0e0fb) Importer(815301076,1909f56bfc062723c751e8b465ee728b)
Start importing Assets/FutureWitch/Prefabs/TitlePrinter.prefab using Guid(521d69465604a3b44ab4af9e8fe0e0fb) Importer(815301076,1909f56bfc062723c751e8b465ee728b)  -> (artifact id: '42d63b99d3adbe027d371285b0b0bade') in 0.004857 seconds 
========================================================================
Received Import Request.
  Time since last request: 16.936497 seconds.
  path: Assets/FutureWitch/Prefabs/TitlePrinter.prefab
  artifactKey: Guid(521d69465604a3b44ab4af9e8fe0e0fb) Importer(815301076,1909f56bfc062723c751e8b465ee728b)
Start importing Assets/FutureWitch/Prefabs/TitlePrinter.prefab using Guid(521d69465604a3b44ab4af9e8fe0e0fb) Importer(815301076,1909f56bfc062723c751e8b465ee728b)  -> (artifact id: '42d63b99d3adbe027d371285b0b0bade') in 0.006411 seconds 
========================================================================
Received Import Request.
  Time since last request: 186.267379 seconds.
  path: Assets/FutureWitch/Prefabs/TitlePrinter.prefab
  artifactKey: Guid(521d69465604a3b44ab4af9e8fe0e0fb) Importer(815301076,1909f56bfc062723c751e8b465ee728b)
Start importing Assets/FutureWitch/Prefabs/TitlePrinter.prefab using Guid(521d69465604a3b44ab4af9e8fe0e0fb) Importer(815301076,1909f56bfc062723c751e8b465ee728b)  -> (artifact id: '42d63b99d3adbe027d371285b0b0bade') in 0.006586 seconds 
========================================================================
Received Import Request.
  Time since last request: 11.237203 seconds.
  path: Assets/FutureWitch/Prefabs/TitlePrinter.prefab
  artifactKey: Guid(521d69465604a3b44ab4af9e8fe0e0fb) Importer(815301076,1909f56bfc062723c751e8b465ee728b)
Start importing Assets/FutureWitch/Prefabs/TitlePrinter.prefab using Guid(521d69465604a3b44ab4af9e8fe0e0fb) Importer(815301076,1909f56bfc062723c751e8b465ee728b)  -> (artifact id: '42d63b99d3adbe027d371285b0b0bade') in 0.005009 seconds 
========================================================================
Received Import Request.
  Time since last request: 20.507206 seconds.
  path: Assets/FutureWitch/Prefabs/TitlePrinter.prefab
  artifactKey: Guid(521d69465604a3b44ab4af9e8fe0e0fb) Importer(815301076,1909f56bfc062723c751e8b465ee728b)
Start importing Assets/FutureWitch/Prefabs/TitlePrinter.prefab using Guid(521d69465604a3b44ab4af9e8fe0e0fb) Importer(815301076,1909f56bfc062723c751e8b465ee728b)  -> (artifact id: '42d63b99d3adbe027d371285b0b0bade') in 0.028510 seconds 
========================================================================
Received Import Request.
  Time since last request: 23.483065 seconds.
  path: Assets/FutureWitch/Prefabs/TitlePrinter.prefab
  artifactKey: Guid(521d69465604a3b44ab4af9e8fe0e0fb) Importer(815301076,1909f56bfc062723c751e8b465ee728b)
Start importing Assets/FutureWitch/Prefabs/TitlePrinter.prefab using Guid(521d69465604a3b44ab4af9e8fe0e0fb) Importer(815301076,1909f56bfc062723c751e8b465ee728b)  -> (artifact id: '42d63b99d3adbe027d371285b0b0bade') in 0.004921 seconds 
========================================================================
Received Import Request.
  Time since last request: 23.964346 seconds.
  path: Assets/FutureWitch/Prefabs/TitlePrinter.prefab
  artifactKey: Guid(521d69465604a3b44ab4af9e8fe0e0fb) Importer(815301076,1909f56bfc062723c751e8b465ee728b)
Start importing Assets/FutureWitch/Prefabs/TitlePrinter.prefab using Guid(521d69465604a3b44ab4af9e8fe0e0fb) Importer(815301076,1909f56bfc062723c751e8b465ee728b)  -> (artifact id: '42d63b99d3adbe027d371285b0b0bade') in 0.004753 seconds 
========================================================================
Received Import Request.
  Time since last request: 25.279292 seconds.
  path: Assets/FutureWitch/Prefabs/TitlePrinter.prefab
  artifactKey: Guid(521d69465604a3b44ab4af9e8fe0e0fb) Importer(815301076,1909f56bfc062723c751e8b465ee728b)
Start importing Assets/FutureWitch/Prefabs/TitlePrinter.prefab using Guid(521d69465604a3b44ab4af9e8fe0e0fb) Importer(815301076,1909f56bfc062723c751e8b465ee728b)  -> (artifact id: '42d63b99d3adbe027d371285b0b0bade') in 0.005327 seconds 
========================================================================
Received Import Request.
  Time since last request: 44.801665 seconds.
  path: Assets/FutureWitch/Prefabs/TitlePrinter.prefab
  artifactKey: Guid(521d69465604a3b44ab4af9e8fe0e0fb) Importer(815301076,1909f56bfc062723c751e8b465ee728b)
Start importing Assets/FutureWitch/Prefabs/TitlePrinter.prefab using Guid(521d69465604a3b44ab4af9e8fe0e0fb) Importer(815301076,1909f56bfc062723c751e8b465ee728b)  -> (artifact id: '42d63b99d3adbe027d371285b0b0bade') in 0.005751 seconds 
========================================================================
Received Import Request.
  Time since last request: 15.736987 seconds.
  path: Assets/FutureWitch/Prefabs/TitlePrinter.prefab
  artifactKey: Guid(521d69465604a3b44ab4af9e8fe0e0fb) Importer(815301076,1909f56bfc062723c751e8b465ee728b)
Start importing Assets/FutureWitch/Prefabs/TitlePrinter.prefab using Guid(521d69465604a3b44ab4af9e8fe0e0fb) Importer(815301076,1909f56bfc062723c751e8b465ee728b)  -> (artifact id: 'e0cd15e1cae4c8e2ddc7f54d091a599e') in 0.004997 seconds 
========================================================================
Received Import Request.
  Time since last request: 7.519031 seconds.
  path: Assets/FutureWitch/Prefabs/TitlePrinter.prefab
  artifactKey: Guid(521d69465604a3b44ab4af9e8fe0e0fb) Importer(815301076,1909f56bfc062723c751e8b465ee728b)
Start importing Assets/FutureWitch/Prefabs/TitlePrinter.prefab using Guid(521d69465604a3b44ab4af9e8fe0e0fb) Importer(815301076,1909f56bfc062723c751e8b465ee728b)  -> (artifact id: '20749a9756679a234ada30d69553146b') in 0.005088 seconds 
========================================================================
Received Import Request.
  Time since last request: 6.822896 seconds.
  path: Assets/FutureWitch/Prefabs/TitlePrinter.prefab
  artifactKey: Guid(521d69465604a3b44ab4af9e8fe0e0fb) Importer(815301076,1909f56bfc062723c751e8b465ee728b)
Start importing Assets/FutureWitch/Prefabs/TitlePrinter.prefab using Guid(521d69465604a3b44ab4af9e8fe0e0fb) Importer(815301076,1909f56bfc062723c751e8b465ee728b)  -> (artifact id: '20749a9756679a234ada30d69553146b') in 0.005141 seconds 
========================================================================
Received Import Request.
  Time since last request: 74.377516 seconds.
  path: Assets/FutureWitch/Prefabs/TitlePrinter.prefab
  artifactKey: Guid(521d69465604a3b44ab4af9e8fe0e0fb) Importer(815301076,1909f56bfc062723c751e8b465ee728b)
Start importing Assets/FutureWitch/Prefabs/TitlePrinter.prefab using Guid(521d69465604a3b44ab4af9e8fe0e0fb) Importer(815301076,1909f56bfc062723c751e8b465ee728b)  -> (artifact id: '20749a9756679a234ada30d69553146b') in 0.004830 seconds 
========================================================================
Received Import Request.
  Time since last request: 623.605202 seconds.
  path: Assets/FutureWitch/Prefabs/CustomTitleUI.prefab
  artifactKey: Guid(634b5907ceb9b814981948d1838ddbcb) Importer(815301076,1909f56bfc062723c751e8b465ee728b)
Start importing Assets/FutureWitch/Prefabs/CustomTitleUI.prefab using Guid(634b5907ceb9b814981948d1838ddbcb) Importer(815301076,1909f56bfc062723c751e8b465ee728b)  -> (artifact id: 'cece6855159e09191bb99f616f75e812') in 0.007555 seconds 
========================================================================
Received Import Request.
  Time since last request: 152.771106 seconds.
  path: Assets/FutureWitch/Prefabs/CustomTitleUI.prefab
  artifactKey: Guid(634b5907ceb9b814981948d1838ddbcb) Importer(815301076,1909f56bfc062723c751e8b465ee728b)
Start importing Assets/FutureWitch/Prefabs/CustomTitleUI.prefab using Guid(634b5907ceb9b814981948d1838ddbcb) Importer(815301076,1909f56bfc062723c751e8b465ee728b)  -> (artifact id: 'cece6855159e09191bb99f616f75e812') in 0.005127 seconds 
========================================================================
Received Import Request.
  Time since last request: 50.297548 seconds.
  path: Assets/FutureWitch/Prefabs/CustomTitleUI.prefab
  artifactKey: Guid(634b5907ceb9b814981948d1838ddbcb) Importer(815301076,1909f56bfc062723c751e8b465ee728b)
Start importing Assets/FutureWitch/Prefabs/CustomTitleUI.prefab using Guid(634b5907ceb9b814981948d1838ddbcb) Importer(815301076,1909f56bfc062723c751e8b465ee728b)  -> (artifact id: 'cece6855159e09191bb99f616f75e812') in 0.004856 seconds 
========================================================================
Received Import Request.
  Time since last request: 6.084640 seconds.
  path: Assets/FutureWitch/Scripts/Dialogue00.nani
  artifactKey: Guid(77055dca417601a4a84d99c04053cd30) Importer(815301076,1909f56bfc062723c751e8b465ee728b)
Start importing Assets/FutureWitch/Scripts/Dialogue00.nani using Guid(77055dca417601a4a84d99c04053cd30) Importer(815301076,1909f56bfc062723c751e8b465ee728b)  -> (artifact id: '8d92efb97ac7eab30fcd68e4db05d370') in 0.008612 seconds 
========================================================================
Received Import Request.
  Time since last request: 0.000026 seconds.
  path: Assets/FutureWitch/Scripts/Title.nani
  artifactKey: Guid(0535e1d4ea63af94a9dd51a1ce9d10df) Importer(815301076,1909f56bfc062723c751e8b465ee728b)
Start importing Assets/FutureWitch/Scripts/Title.nani using Guid(0535e1d4ea63af94a9dd51a1ce9d10df) Importer(815301076,1909f56bfc062723c751e8b465ee728b)  -> (artifact id: 'bccd10f932bcf0e46a98d318fbde588c') in 0.007412 seconds 
========================================================================
Received Import Request.
  Time since last request: 0.000045 seconds.
  path: Assets/FutureWitch/Scripts/Start.nani
  artifactKey: Guid(aa883cf56992f174ea0bd0bcff9b06e3) Importer(815301076,1909f56bfc062723c751e8b465ee728b)
Start importing Assets/FutureWitch/Scripts/Start.nani using Guid(aa883cf56992f174ea0bd0bcff9b06e3) Importer(815301076,1909f56bfc062723c751e8b465ee728b)  -> (artifact id: '85594d0938f2795ecdbc3adda74e64cc') in 0.005844 seconds 
========================================================================
Received Import Request.
  Time since last request: 14.385500 seconds.
  path: Assets/FutureWitch/Prefabs/CustomTitleUI.prefab
  artifactKey: Guid(634b5907ceb9b814981948d1838ddbcb) Importer(815301076,1909f56bfc062723c751e8b465ee728b)
Start importing Assets/FutureWitch/Prefabs/CustomTitleUI.prefab using Guid(634b5907ceb9b814981948d1838ddbcb) Importer(815301076,1909f56bfc062723c751e8b465ee728b)  -> (artifact id: 'cece6855159e09191bb99f616f75e812') in 0.005494 seconds 
========================================================================
Received Import Request.
  Time since last request: 13.971947 seconds.
  path: Assets/FutureWitch/Prefabs/CustomTitleUI.prefab
  artifactKey: Guid(634b5907ceb9b814981948d1838ddbcb) Importer(815301076,1909f56bfc062723c751e8b465ee728b)
Start importing Assets/FutureWitch/Prefabs/CustomTitleUI.prefab using Guid(634b5907ceb9b814981948d1838ddbcb) Importer(815301076,1909f56bfc062723c751e8b465ee728b)  -> (artifact id: 'cece6855159e09191bb99f616f75e812') in 0.006081 seconds 
========================================================================
Received Import Request.
  Time since last request: 9.704997 seconds.
  path: Assets/FutureWitch/Prefabs/CustomTitleUI.prefab
  artifactKey: Guid(634b5907ceb9b814981948d1838ddbcb) Importer(815301076,1909f56bfc062723c751e8b465ee728b)
Start importing Assets/FutureWitch/Prefabs/CustomTitleUI.prefab using Guid(634b5907ceb9b814981948d1838ddbcb) Importer(815301076,1909f56bfc062723c751e8b465ee728b)  -> (artifact id: 'cece6855159e09191bb99f616f75e812') in 0.004776 seconds 
========================================================================
Received Import Request.
  Time since last request: 3.370070 seconds.
  path: Assets/FutureWitch/Prefabs/CustomTitleUI.prefab
  artifactKey: Guid(634b5907ceb9b814981948d1838ddbcb) Importer(815301076,1909f56bfc062723c751e8b465ee728b)
Start importing Assets/FutureWitch/Prefabs/CustomTitleUI.prefab using Guid(634b5907ceb9b814981948d1838ddbcb) Importer(815301076,1909f56bfc062723c751e8b465ee728b)  -> (artifact id: 'cece6855159e09191bb99f616f75e812') in 0.005038 seconds 
========================================================================
Received Import Request.
  Time since last request: 34.408725 seconds.
  path: Assets/FutureWitch/Prefabs/CustomTitleUI.prefab
  artifactKey: Guid(634b5907ceb9b814981948d1838ddbcb) Importer(815301076,1909f56bfc062723c751e8b465ee728b)
Start importing Assets/FutureWitch/Prefabs/CustomTitleUI.prefab using Guid(634b5907ceb9b814981948d1838ddbcb) Importer(815301076,1909f56bfc062723c751e8b465ee728b)  -> (artifact id: 'cece6855159e09191bb99f616f75e812') in 0.004941 seconds 
========================================================================
Received Import Request.
  Time since last request: 68.639921 seconds.
  path: Assets/FutureWitch/Prefabs/CustomTitleUI.prefab
  artifactKey: Guid(634b5907ceb9b814981948d1838ddbcb) Importer(815301076,1909f56bfc062723c751e8b465ee728b)
Start importing Assets/FutureWitch/Prefabs/CustomTitleUI.prefab using Guid(634b5907ceb9b814981948d1838ddbcb) Importer(815301076,1909f56bfc062723c751e8b465ee728b)  -> (artifact id: 'cece6855159e09191bb99f616f75e812') in 0.010590 seconds 
========================================================================
Received Import Request.
  Time since last request: 18.405576 seconds.
  path: Assets/FutureWitch/Prefabs/CustomTitleUI.prefab
  artifactKey: Guid(634b5907ceb9b814981948d1838ddbcb) Importer(815301076,1909f56bfc062723c751e8b465ee728b)
Start importing Assets/FutureWitch/Prefabs/CustomTitleUI.prefab using Guid(634b5907ceb9b814981948d1838ddbcb) Importer(815301076,1909f56bfc062723c751e8b465ee728b)  -> (artifact id: 'cece6855159e09191bb99f616f75e812') in 0.004840 seconds 
========================================================================
Received Import Request.
  Time since last request: 2.161998 seconds.
  path: Assets/FutureWitch/Prefabs/CustomTitleUI.prefab
  artifactKey: Guid(634b5907ceb9b814981948d1838ddbcb) Importer(815301076,1909f56bfc062723c751e8b465ee728b)
Start importing Assets/FutureWitch/Prefabs/CustomTitleUI.prefab using Guid(634b5907ceb9b814981948d1838ddbcb) Importer(815301076,1909f56bfc062723c751e8b465ee728b)  -> (artifact id: 'cece6855159e09191bb99f616f75e812') in 0.004398 seconds 
========================================================================
Received Import Request.
  Time since last request: 10.174893 seconds.
  path: Assets/FutureWitch/Prefabs/CustomTitleUI.prefab
  artifactKey: Guid(634b5907ceb9b814981948d1838ddbcb) Importer(815301076,1909f56bfc062723c751e8b465ee728b)
Start importing Assets/FutureWitch/Prefabs/CustomTitleUI.prefab using Guid(634b5907ceb9b814981948d1838ddbcb) Importer(815301076,1909f56bfc062723c751e8b465ee728b)  -> (artifact id: 'cece6855159e09191bb99f616f75e812') in 0.004902 seconds 
========================================================================
Received Import Request.
  Time since last request: 40.323560 seconds.
  path: Assets/FutureWitch/Prefabs/CustomTitleUI.prefab
  artifactKey: Guid(634b5907ceb9b814981948d1838ddbcb) Importer(815301076,1909f56bfc062723c751e8b465ee728b)
Start importing Assets/FutureWitch/Prefabs/CustomTitleUI.prefab using Guid(634b5907ceb9b814981948d1838ddbcb) Importer(815301076,1909f56bfc062723c751e8b465ee728b)  -> (artifact id: 'cece6855159e09191bb99f616f75e812') in 0.005447 seconds 
========================================================================
Received Import Request.
  Time since last request: 28.050628 seconds.
  path: Assets/FutureWitch/Prefabs/CustomTitleUI.prefab
  artifactKey: Guid(634b5907ceb9b814981948d1838ddbcb) Importer(815301076,1909f56bfc062723c751e8b465ee728b)
Start importing Assets/FutureWitch/Prefabs/CustomTitleUI.prefab using Guid(634b5907ceb9b814981948d1838ddbcb) Importer(815301076,1909f56bfc062723c751e8b465ee728b)  -> (artifact id: 'cece6855159e09191bb99f616f75e812') in 0.005114 seconds 
========================================================================
Received Import Request.
  Time since last request: 49.238734 seconds.
  path: Assets/FutureWitch/Prefabs/TreesPlants/bush_1.prefab
  artifactKey: Guid(acbb8a78f4108094d9b0aabe21ee7650) Importer(815301076,1909f56bfc062723c751e8b465ee728b)
Start importing Assets/FutureWitch/Prefabs/TreesPlants/bush_1.prefab using Guid(acbb8a78f4108094d9b0aabe21ee7650) Importer(815301076,1909f56bfc062723c751e8b465ee728b)  -> (artifact id: '8c6227cf3ecbfab6ea21fb004ea8a53d') in 0.532409 seconds 
========================================================================
Received Import Request.
  Time since last request: 0.000028 seconds.
  path: Assets/ExternalAssets/Cinemachine/Samples/Cinemachine/2.8.9/Cinemachine Example Scenes/Shared/Prefabs/Environment_Corridor.prefab
  artifactKey: Guid(c177cbc5ca174ed438dba27b2b52e70c) Importer(815301076,1909f56bfc062723c751e8b465ee728b)
Start importing Assets/ExternalAssets/Cinemachine/Samples/Cinemachine/2.8.9/Cinemachine Example Scenes/Shared/Prefabs/Environment_Corridor.prefab using Guid(c177cbc5ca174ed438dba27b2b52e70c) Importer(815301076,1909f56bfc062723c751e8b465ee728b)  -> (artifact id: 'cd10aae8ea50f4c40d3ad7174d6e0b2c') in 0.364448 seconds 
========================================================================
Received Import Request.
  Time since last request: 0.000031 seconds.
  path: Assets/ExternalAssets/Cinemachine/Samples/Cinemachine/2.8.9/Cinemachine Example Scenes/Shared/Prefabs/Environment_CorridorMixingCam.prefab
  artifactKey: Guid(309ca2bfc1e81fa4eb43845cbdf4a42b) Importer(815301076,1909f56bfc062723c751e8b465ee728b)
Start importing Assets/ExternalAssets/Cinemachine/Samples/Cinemachine/2.8.9/Cinemachine Example Scenes/Shared/Prefabs/Environment_CorridorMixingCam.prefab using Guid(309ca2bfc1e81fa4eb43845cbdf4a42b) Importer(815301076,1909f56bfc062723c751e8b465ee728b)  -> (artifact id: 'b29b393deadf95e2723013374dedeb1e') in 0.032673 seconds 
========================================================================
Received Import Request.
  Time since last request: 0.000029 seconds.
  path: Assets/ExternalAssets/Cinemachine/Samples/Cinemachine/2.8.9/Cinemachine Example Scenes/Shared/Prefabs/Environment_Narrow_Walls.prefab
  artifactKey: Guid(0998cc0e377e9034c86e90787a3070b0) Importer(815301076,1909f56bfc062723c751e8b465ee728b)
Start importing Assets/ExternalAssets/Cinemachine/Samples/Cinemachine/2.8.9/Cinemachine Example Scenes/Shared/Prefabs/Environment_Narrow_Walls.prefab using Guid(0998cc0e377e9034c86e90787a3070b0) Importer(815301076,1909f56bfc062723c751e8b465ee728b)  -> (artifact id: '1094d2dd38811ceb2b9f8b2cb1d9e485') in 0.026689 seconds 
========================================================================
Received Import Request.
  Time since last request: 0.000026 seconds.
  path: Assets/ExternalAssets/Cinemachine/Samples/Cinemachine/2.8.9/Cinemachine Example Scenes/Shared/Prefabs/Environment_2D.prefab
  artifactKey: Guid(50d4e9899bac3164ea7e01493f0b5124) Importer(815301076,1909f56bfc062723c751e8b465ee728b)
Start importing Assets/ExternalAssets/Cinemachine/Samples/Cinemachine/2.8.9/Cinemachine Example Scenes/Shared/Prefabs/Environment_2D.prefab using Guid(50d4e9899bac3164ea7e01493f0b5124) Importer(815301076,1909f56bfc062723c751e8b465ee728b)  -> (artifact id: '6c4c0cc2fd2606ef9a0f5de947911745') in 0.163343 seconds 
========================================================================
Received Import Request.
  Time since last request: 0.000029 seconds.
  path: Assets/FutureWitch/TilePalettes/Ground_Tiles.prefab
  artifactKey: Guid(8db0d66fd1ae5a44aa82191e90c0db79) Importer(815301076,1909f56bfc062723c751e8b465ee728b)
Start importing Assets/FutureWitch/TilePalettes/Ground_Tiles.prefab using Guid(8db0d66fd1ae5a44aa82191e90c0db79) Importer(815301076,1909f56bfc062723c751e8b465ee728b)  -> (artifact id: '4b4d504cd8dc0aa7f21317537d52e5ca') in 0.496244 seconds 
========================================================================
Received Import Request.
  Time since last request: 0.000026 seconds.
  path: Assets/FutureWitch/Prefabs/PineForest/giddy_vine.prefab
  artifactKey: Guid(42163cbb9eff4474ab41dc04a5e51eb4) Importer(815301076,1909f56bfc062723c751e8b465ee728b)
Start importing Assets/FutureWitch/Prefabs/PineForest/giddy_vine.prefab using Guid(42163cbb9eff4474ab41dc04a5e51eb4) Importer(815301076,1909f56bfc062723c751e8b465ee728b)  -> (artifact id: '7fd21e4cdcb56f2637bc5bc14730b54f') in 0.096159 seconds 
========================================================================
Received Import Request.
  Time since last request: 0.000030 seconds.
  path: Assets/FutureWitch/Prefabs/TreesPlants/dead_tree_3.prefab
  artifactKey: Guid(f23e453edfc069a4e8110291c89f6f1e) Importer(815301076,1909f56bfc062723c751e8b465ee728b)
Start importing Assets/FutureWitch/Prefabs/TreesPlants/dead_tree_3.prefab using Guid(f23e453edfc069a4e8110291c89f6f1e) Importer(815301076,1909f56bfc062723c751e8b465ee728b)  -> (artifact id: '4143f5dc37cad79d2417821fb4477bd6') in 0.013554 seconds 
18/11/2022 00:45:23|Error|<>c__DisplayClass70_0.<receiveRequest>b__0|An exception has occurred while reading an HTTP request/response.
Editor requested this worker to shutdown with reason: Scaling down because of idle timeout
AssetImportWorker is now disconnected from the server
Process exiting
Exiting without the bug reporter. Application will terminate with return code 0