Using pre-set license
Built from '2021.3/staging' branch; Version is '2021.3.13f1 (9e7d58001ecf) revision 10386776'; Using compiler version '192829333'; Build Type 'Release'
OS: 'Windows 10  (10.0.19045) 64bit Core' Language: 'en' Physical Memory: 16196 MB
BatchMode: 1, IsHumanControllingUs: 0, StartBugReporterOnCrash: 0, Is64bit: 1, IsPro: 1

COMMAND LINE ARGUMENTS:
C:\Program Files\Unity\Hub\Editor\2021.3.13f1\Editor\Unity.exe
-adb2
-batchMode
-noUpm
-name
AssetImportWorker1
-projectPath
D:/01_Projects/FemDevsGameJam2022/BoobieTraps
-logFile
Logs/AssetImportWorker1.log
-srvPort
64701
Successfully changed project path to: D:/01_Projects/FemDevsGameJam2022/BoobieTraps
D:/01_Projects/FemDevsGameJam2022/BoobieTraps
[UnityMemory] Configuration Parameters - Can be set up in boot.config
    "memorysetup-bucket-allocator-granularity=16"
    "memorysetup-bucket-allocator-bucket-count=8"
    "memorysetup-bucket-allocator-block-size=33554432"
    "memorysetup-bucket-allocator-block-count=8"
    "memorysetup-main-allocator-block-size=16777216"
    "memorysetup-thread-allocator-block-size=16777216"
    "memorysetup-gfx-main-allocator-block-size=16777216"
    "memorysetup-gfx-thread-allocator-block-size=16777216"
    "memorysetup-cache-allocator-block-size=4194304"
    "memorysetup-typetree-allocator-block-size=2097152"
    "memorysetup-profiler-bucket-allocator-granularity=16"
    "memorysetup-profiler-bucket-allocator-bucket-count=8"
    "memorysetup-profiler-bucket-allocator-block-size=33554432"
    "memorysetup-profiler-bucket-allocator-block-count=8"
    "memorysetup-profiler-allocator-block-size=16777216"
    "memorysetup-profiler-editor-allocator-block-size=1048576"
    "memorysetup-temp-allocator-size-main=16777216"
    "memorysetup-job-temp-allocator-block-size=2097152"
    "memorysetup-job-temp-allocator-block-size-background=1048576"
    "memorysetup-job-temp-allocator-reduction-small-platforms=262144"
    "memorysetup-temp-allocator-size-background-worker=32768"
    "memorysetup-temp-allocator-size-job-worker=262144"
    "memorysetup-temp-allocator-size-preload-manager=33554432"
    "memorysetup-temp-allocator-size-nav-mesh-worker=65536"
    "memorysetup-temp-allocator-size-audio-worker=65536"
    "memorysetup-temp-allocator-size-cloud-worker=32768"
    "memorysetup-temp-allocator-size-gi-baking-worker=262144"
    "memorysetup-temp-allocator-size-gfx=262144"
Refreshing native plugins compatible for Editor in 148.39 ms, found 4 plugins.
Preloading 0 native plugins for Editor in 0.00 ms.
Initialize engine version: 2021.3.13f1 (9e7d58001ecf)
[Subsystems] Discovering subsystems at path C:/Program Files/Unity/Hub/Editor/2021.3.13f1/Editor/Data/Resources/UnitySubsystems
[Subsystems] Discovering subsystems at path D:/01_Projects/FemDevsGameJam2022/BoobieTraps/Assets
GfxDevice: creating device client; threaded=0; jobified=0
Direct3D:
    Version:  Direct3D 11.0 [level 11.1]
    Renderer: NVIDIA GeForce RTX 2060 (ID=0x1f11)
    Vendor:   NVIDIA
    VRAM:     5980 MB
    Driver:   31.0.15.1700
Initialize mono
Mono path[0] = 'C:/Program Files/Unity/Hub/Editor/2021.3.13f1/Editor/Data/Managed'
Mono path[1] = 'C:/Program Files/Unity/Hub/Editor/2021.3.13f1/Editor/Data/MonoBleedingEdge/lib/mono/unityjit-win32'
Mono config path = 'C:/Program Files/Unity/Hub/Editor/2021.3.13f1/Editor/Data/MonoBleedingEdge/etc'
Using monoOptions --debugger-agent=transport=dt_socket,embedding=1,server=y,suspend=n,address=127.0.0.1:56348
Begin MonoManager ReloadAssembly
Registering precompiled unity dll's ...
Register platform support module: C:/Program Files/Unity/Hub/Editor/2021.3.13f1/Editor/Data/PlaybackEngines/WebGLSupport/UnityEditor.WebGL.Extensions.dll
Register platform support module: C:/Program Files/Unity/Hub/Editor/2021.3.13f1/Editor/Data/PlaybackEngines/MacStandaloneSupport/UnityEditor.OSXStandalone.Extensions.dll
Register platform support module: C:/Program Files/Unity/Hub/Editor/2021.3.13f1/Editor/Data/PlaybackEngines/WindowsStandaloneSupport/UnityEditor.WindowsStandalone.Extensions.dll
Register platform support module: C:/Program Files/Unity/Hub/Editor/2021.3.13f1/Editor/Data/PlaybackEngines/LinuxStandaloneSupport/UnityEditor.LinuxStandalone.Extensions.dll
Registered in 0.019611 seconds.
Native extension for LinuxStandalone target not found
Native extension for WindowsStandalone target not found
Native extension for OSXStandalone target not found
Native extension for WebGL target not found
Refreshing native plugins compatible for Editor in 117.73 ms, found 4 plugins.
Preloading 0 native plugins for Editor in 0.00 ms.
Mono: successfully reloaded assembly
- Completed reload, in  0.810 seconds
Domain Reload Profiling:
	ReloadAssembly (810ms)
		BeginReloadAssembly (92ms)
			ExecutionOrderSort (0ms)
			DisableScriptedObjects (0ms)
			BackupInstance (0ms)
			ReleaseScriptingObjects (0ms)
			CreateAndSetChildDomain (1ms)
		EndReloadAssembly (584ms)
			LoadAssemblies (89ms)
			RebuildTransferFunctionScriptingTraits (0ms)
			SetupTypeCache (129ms)
			ReleaseScriptCaches (0ms)
			RebuildScriptCaches (33ms)
			SetupLoadedEditorAssemblies (356ms)
				LogAssemblyErrors (0ms)
				InitializePlatformSupportModulesInManaged (19ms)
				SetLoadedEditorAssemblies (0ms)
				RefreshPlugins (118ms)
				BeforeProcessingInitializeOnLoad (1ms)
				ProcessInitializeOnLoadAttributes (163ms)
				ProcessInitializeOnLoadMethodAttributes (55ms)
				AfterProcessingInitializeOnLoad (0ms)
				EditorAssembliesLoaded (0ms)
			ExecutionOrderSort2 (0ms)
			AwakeInstancesAfterBackupRestoration (0ms)
Platform modules already initialized, skipping
Registering precompiled user dll's ...
Registered in 0.027993 seconds.
Begin MonoManager ReloadAssembly
Symbol file LoadedFromMemory doesn't match image D:\01_Projects\FemDevsGameJam2022\BoobieTraps\Library\PackageCache\com.unity.visualscripting@1.7.8\Editor\VisualScripting.Core\Dependencies\YamlDotNet\Unity.VisualScripting.YamlDotNet.dll
Symbol file LoadedFromMemory doesn't match image D:\01_Projects\FemDevsGameJam2022\BoobieTraps\Library\PackageCache\com.unity.visualscripting@1.7.8\Editor\VisualScripting.Core\Dependencies\DotNetZip\Unity.VisualScripting.IonicZip.dll
Native extension for LinuxStandalone target not found
Native extension for WindowsStandalone target not found
Native extension for OSXStandalone target not found
Native extension for WebGL target not found
Refreshing native plugins compatible for Editor in 124.80 ms, found 4 plugins.
Preloading 0 native plugins for Editor in 0.00 ms.
DisplayProgressbar: Generating Metadata
System.Reflection.TargetInvocationException: Exception has been thrown by the target of an invocation. ---> System.InvalidOperationException: The underlying listener has failed to start. ---> System.Net.Sockets.SocketException: Only one usage of each socket address (protocol/network address/port) is normally permitted.
UnityEngine.StackTraceUtility:ExtractStackTrace ()
UnityEngine.DebugLogHandler:LogFormat (UnityEngine.LogType,UnityEngine.Object,string,object[])
UnityEngine.Logger:Log (UnityEngine.LogType,object)
UnityEngine.Debug:LogError (object)
UnityEditor.EditorAssemblies:ProcessInitializeOnLoadMethodAttributes ()

Mono: successfully reloaded assembly
- Completed reload, in  2.722 seconds
Domain Reload Profiling:
	ReloadAssembly (2723ms)
		BeginReloadAssembly (126ms)
			ExecutionOrderSort (0ms)
			DisableScriptedObjects (6ms)
			BackupInstance (0ms)
			ReleaseScriptingObjects (0ms)
			CreateAndSetChildDomain (20ms)
		EndReloadAssembly (2451ms)
			LoadAssemblies (317ms)
			RebuildTransferFunctionScriptingTraits (0ms)
			SetupTypeCache (326ms)
			ReleaseScriptCaches (1ms)
			RebuildScriptCaches (79ms)
			SetupLoadedEditorAssemblies (1659ms)
				LogAssemblyErrors (0ms)
				InitializePlatformSupportModulesInManaged (30ms)
				SetLoadedEditorAssemblies (0ms)
				RefreshPlugins (125ms)
				BeforeProcessingInitializeOnLoad (170ms)
				ProcessInitializeOnLoadAttributes (338ms)
				ProcessInitializeOnLoadMethodAttributes (982ms)
				AfterProcessingInitializeOnLoad (13ms)
				EditorAssembliesLoaded (0ms)
			ExecutionOrderSort2 (0ms)
			AwakeInstancesAfterBackupRestoration (7ms)
Platform modules already initialized, skipping
========================================================================
Worker process is ready to serve import requests
Launched and connected shader compiler UnityShaderCompiler.exe after 0.10 seconds
Refreshing native plugins compatible for Editor in 0.99 ms, found 4 plugins.
Preloading 0 native plugins for Editor in 0.00 ms.
Unloading 5087 Unused Serialized files (Serialized files now loaded: 0)
Unloading 77 unused Assets / (276.9 KB). Loaded Objects now: 5520.
Memory consumption went from 186.4 MB to 186.1 MB.
Total: 4.611300 ms (FindLiveObjects: 0.488800 ms CreateObjectMapping: 0.446900 ms MarkObjects: 3.488700 ms  DeleteObjects: 0.185900 ms)

AssetImportParameters requested are different than current active one (requested -> active):
  custom:video-decoder-ogg-theora: a1e56fd34408186e4bbccfd4996cb3dc -> 
  custom:container-muxer-webm: aa71ff27fc2769a1b78a27578f13a17b -> 
  custom:container-demuxer-webm: 4f35f7cbe854078d1ac9338744f61a02 -> 
  custom:video-encoder-webm-vp8: eb34c28f22e8b96e1ab97ce403110664 -> 
  custom:audio-encoder-webm-vorbis: bf7c407c2cedff20999df2af8eb42d56 -> 
  custom:framework-win-MediaFoundation: 216162199b28c13a410421893ffa2e32 -> 
  custom:container-demuxer-ogg: 62fdf1f143b41e24485cea50d1cbac27 -> 
  custom:video-decoder-webm-vp8: 9c59270c3fd7afecdb556c50c9e8de78 -> 
  custom:audio-decoder-ogg-vorbis: bf7c407c2cedff20999df2af8eb42d56 -> 
========================================================================
Received Import Request.
  Time since last request: 8075.921723 seconds.
  path: Assets/BoobieTraps/Scripts/Taleen_3.nani
  artifactKey: Guid(22c9136157d7d63439ec602661660526) Importer(815301076,1909f56bfc062723c751e8b465ee728b)
Start importing Assets/BoobieTraps/Scripts/Taleen_3.nani using Guid(22c9136157d7d63439ec602661660526) Importer(815301076,1909f56bfc062723c751e8b465ee728b)  -> (artifact id: 'e749319c16c7f59f82487327cd196019') in 0.049218 seconds 
========================================================================
Received Prepare
Registering precompiled user dll's ...
Registered in 0.028657 seconds.
Begin MonoManager ReloadAssembly
Symbol file LoadedFromMemory doesn't match image D:\01_Projects\FemDevsGameJam2022\BoobieTraps\Library\PackageCache\com.unity.visualscripting@1.7.8\Editor\VisualScripting.Core\Dependencies\YamlDotNet\Unity.VisualScripting.YamlDotNet.dll
Symbol file LoadedFromMemory doesn't match image D:\01_Projects\FemDevsGameJam2022\BoobieTraps\Library\PackageCache\com.unity.visualscripting@1.7.8\Editor\VisualScripting.Core\Dependencies\DotNetZip\Unity.VisualScripting.IonicZip.dll
Native extension for LinuxStandalone target not found
Native extension for WindowsStandalone target not found
Native extension for OSXStandalone target not found
Native extension for WebGL target not found
Refreshing native plugins compatible for Editor in 1.15 ms, found 4 plugins.
Preloading 0 native plugins for Editor in 0.00 ms.
13.11.2022 11:10:43|Error|<>c__DisplayClass70_0.<receiveRequest>b__0|An exception has occurred while reading an HTTP request/response.
Mono: successfully reloaded assembly
- Completed reload, in  2.120 seconds
Domain Reload Profiling:
	ReloadAssembly (2120ms)
		BeginReloadAssembly (174ms)
			ExecutionOrderSort (0ms)
			DisableScriptedObjects (7ms)
			BackupInstance (0ms)
			ReleaseScriptingObjects (0ms)
			CreateAndSetChildDomain (47ms)
		EndReloadAssembly (1818ms)
			LoadAssemblies (145ms)
			RebuildTransferFunctionScriptingTraits (0ms)
			SetupTypeCache (364ms)
			ReleaseScriptCaches (2ms)
			RebuildScriptCaches (67ms)
			SetupLoadedEditorAssemblies (1167ms)
				LogAssemblyErrors (0ms)
				InitializePlatformSupportModulesInManaged (42ms)
				SetLoadedEditorAssemblies (1ms)
				RefreshPlugins (1ms)
				BeforeProcessingInitializeOnLoad (143ms)
				ProcessInitializeOnLoadAttributes (285ms)
				ProcessInitializeOnLoadMethodAttributes (680ms)
				AfterProcessingInitializeOnLoad (13ms)
				EditorAssembliesLoaded (0ms)
			ExecutionOrderSort2 (0ms)
			AwakeInstancesAfterBackupRestoration (10ms)
Platform modules already initialized, skipping
Refreshing native plugins compatible for Editor in 4.69 ms, found 4 plugins.
Preloading 0 native plugins for Editor in 0.00 ms.
Unloading 5041 Unused Serialized files (Serialized files now loaded: 0)
Unloading 36 unused Assets / (227.2 KB). Loaded Objects now: 5540.
Memory consumption went from 181.8 MB to 181.6 MB.
Total: 4.342100 ms (FindLiveObjects: 0.359700 ms CreateObjectMapping: 0.355200 ms MarkObjects: 3.485800 ms  DeleteObjects: 0.140500 ms)

AssetImportParameters requested are different than current active one (requested -> active):
  custom:video-decoder-ogg-theora: a1e56fd34408186e4bbccfd4996cb3dc -> 
  custom:container-muxer-webm: aa71ff27fc2769a1b78a27578f13a17b -> 
  custom:container-demuxer-webm: 4f35f7cbe854078d1ac9338744f61a02 -> 
  custom:video-encoder-webm-vp8: eb34c28f22e8b96e1ab97ce403110664 -> 
  custom:audio-encoder-webm-vorbis: bf7c407c2cedff20999df2af8eb42d56 -> 
  custom:framework-win-MediaFoundation: 216162199b28c13a410421893ffa2e32 -> 
  custom:container-demuxer-ogg: 62fdf1f143b41e24485cea50d1cbac27 -> 
  custom:video-decoder-webm-vp8: 9c59270c3fd7afecdb556c50c9e8de78 -> 
  custom:audio-decoder-ogg-vorbis: bf7c407c2cedff20999df2af8eb42d56 -> 
========================================================================
Received Import Request.
  Time since last request: 86.345299 seconds.
  path: Assets/BoobieTraps/Runtime/ItemObject.cs
  artifactKey: Guid(db4438da914aa0047b593e27db3c2e9f) Importer(815301076,1909f56bfc062723c751e8b465ee728b)
Start importing Assets/BoobieTraps/Runtime/ItemObject.cs using Guid(db4438da914aa0047b593e27db3c2e9f) Importer(815301076,1909f56bfc062723c751e8b465ee728b)  -> (artifact id: 'dc3058cbd6d37b32057c2c00b61b1b40') in 0.015294 seconds 
13.11.2022 11:12:08|Error|<>c__DisplayClass70_0.<receiveRequest>b__0|An exception has occurred while reading an HTTP request/response.
========================================================================
Received Prepare
Registering precompiled user dll's ...
Registered in 0.026822 seconds.
Begin MonoManager ReloadAssembly
13.11.2022 11:12:11|Fatal|WebSocketServer.receiveRequest|Thread was being aborted.
13.11.2022 11:12:11|Error|<>c__DisplayClass70_0.<receiveRequest>b__0|Thread was being aborted.
Symbol file LoadedFromMemory doesn't match image D:\01_Projects\FemDevsGameJam2022\BoobieTraps\Library\PackageCache\com.unity.visualscripting@1.7.8\Editor\VisualScripting.Core\Dependencies\YamlDotNet\Unity.VisualScripting.YamlDotNet.dll
Symbol file LoadedFromMemory doesn't match image D:\01_Projects\FemDevsGameJam2022\BoobieTraps\Library\PackageCache\com.unity.visualscripting@1.7.8\Editor\VisualScripting.Core\Dependencies\DotNetZip\Unity.VisualScripting.IonicZip.dll
Native extension for LinuxStandalone target not found
Native extension for WindowsStandalone target not found
Native extension for OSXStandalone target not found
Native extension for WebGL target not found
Refreshing native plugins compatible for Editor in 0.96 ms, found 4 plugins.
Preloading 0 native plugins for Editor in 0.00 ms.
System.Reflection.TargetInvocationException: Exception has been thrown by the target of an invocation. ---> System.InvalidOperationException: The underlying listener has failed to start. ---> System.Net.Sockets.SocketException: Only one usage of each socket address (protocol/network address/port) is normally permitted.
UnityEngine.StackTraceUtility:ExtractStackTrace ()
UnityEngine.DebugLogHandler:LogFormat (UnityEngine.LogType,UnityEngine.Object,string,object[])
UnityEngine.Logger:Log (UnityEngine.LogType,object)
UnityEngine.Debug:LogError (object)
UnityEditor.EditorAssemblies:ProcessInitializeOnLoadMethodAttributes ()

Mono: successfully reloaded assembly
- Completed reload, in  2.278 seconds
Domain Reload Profiling:
	ReloadAssembly (2279ms)
		BeginReloadAssembly (271ms)
			ExecutionOrderSort (0ms)
			DisableScriptedObjects (8ms)
			BackupInstance (0ms)
			ReleaseScriptingObjects (0ms)
			CreateAndSetChildDomain (148ms)
		EndReloadAssembly (1872ms)
			LoadAssemblies (138ms)
			RebuildTransferFunctionScriptingTraits (0ms)
			SetupTypeCache (371ms)
			ReleaseScriptCaches (2ms)
			RebuildScriptCaches (97ms)
			SetupLoadedEditorAssemblies (1160ms)
				LogAssemblyErrors (0ms)
				InitializePlatformSupportModulesInManaged (33ms)
				SetLoadedEditorAssemblies (1ms)
				RefreshPlugins (1ms)
				BeforeProcessingInitializeOnLoad (136ms)
				ProcessInitializeOnLoadAttributes (279ms)
				ProcessInitializeOnLoadMethodAttributes (696ms)
				AfterProcessingInitializeOnLoad (14ms)
				EditorAssembliesLoaded (0ms)
			ExecutionOrderSort2 (0ms)
			AwakeInstancesAfterBackupRestoration (15ms)
Platform modules already initialized, skipping
Refreshing native plugins compatible for Editor in 4.63 ms, found 4 plugins.
Preloading 0 native plugins for Editor in 0.00 ms.
Unloading 5041 Unused Serialized files (Serialized files now loaded: 0)
Unloading 36 unused Assets / (227.4 KB). Loaded Objects now: 5559.
Memory consumption went from 181.8 MB to 181.6 MB.
Total: 4.217100 ms (FindLiveObjects: 0.378400 ms CreateObjectMapping: 0.282300 ms MarkObjects: 3.401700 ms  DeleteObjects: 0.153800 ms)

AssetImportParameters requested are different than current active one (requested -> active):
  custom:video-decoder-ogg-theora: a1e56fd34408186e4bbccfd4996cb3dc -> 
  custom:container-muxer-webm: aa71ff27fc2769a1b78a27578f13a17b -> 
  custom:container-demuxer-webm: 4f35f7cbe854078d1ac9338744f61a02 -> 
  custom:video-encoder-webm-vp8: eb34c28f22e8b96e1ab97ce403110664 -> 
  custom:audio-encoder-webm-vorbis: bf7c407c2cedff20999df2af8eb42d56 -> 
  custom:framework-win-MediaFoundation: 216162199b28c13a410421893ffa2e32 -> 
  custom:container-demuxer-ogg: 62fdf1f143b41e24485cea50d1cbac27 -> 
  custom:video-decoder-webm-vp8: 9c59270c3fd7afecdb556c50c9e8de78 -> 
  custom:audio-decoder-ogg-vorbis: bf7c407c2cedff20999df2af8eb42d56 -> 
========================================================================
Received Prepare
Registering precompiled user dll's ...
Registered in 0.027481 seconds.
Begin MonoManager ReloadAssembly
Symbol file LoadedFromMemory doesn't match image D:\01_Projects\FemDevsGameJam2022\BoobieTraps\Library\PackageCache\com.unity.visualscripting@1.7.8\Editor\VisualScripting.Core\Dependencies\YamlDotNet\Unity.VisualScripting.YamlDotNet.dll
Symbol file LoadedFromMemory doesn't match image D:\01_Projects\FemDevsGameJam2022\BoobieTraps\Library\PackageCache\com.unity.visualscripting@1.7.8\Editor\VisualScripting.Core\Dependencies\DotNetZip\Unity.VisualScripting.IonicZip.dll
Native extension for LinuxStandalone target not found
Native extension for WindowsStandalone target not found
Native extension for OSXStandalone target not found
Native extension for WebGL target not found
Refreshing native plugins compatible for Editor in 1.57 ms, found 4 plugins.
Preloading 0 native plugins for Editor in 0.00 ms.
System.Reflection.TargetInvocationException: Exception has been thrown by the target of an invocation. ---> System.InvalidOperationException: The underlying listener has failed to start. ---> System.Net.Sockets.SocketException: Only one usage of each socket address (protocol/network address/port) is normally permitted.
UnityEngine.StackTraceUtility:ExtractStackTrace ()
UnityEngine.DebugLogHandler:LogFormat (UnityEngine.LogType,UnityEngine.Object,string,object[])
UnityEngine.Logger:Log (UnityEngine.LogType,object)
UnityEngine.Debug:LogError (object)
UnityEditor.EditorAssemblies:ProcessInitializeOnLoadMethodAttributes ()

Mono: successfully reloaded assembly
- Completed reload, in  2.040 seconds
Domain Reload Profiling:
	ReloadAssembly (2041ms)
		BeginReloadAssembly (180ms)
			ExecutionOrderSort (0ms)
			DisableScriptedObjects (10ms)
			BackupInstance (0ms)
			ReleaseScriptingObjects (0ms)
			CreateAndSetChildDomain (55ms)
		EndReloadAssembly (1731ms)
			LoadAssemblies (140ms)
			RebuildTransferFunctionScriptingTraits (0ms)
			SetupTypeCache (326ms)
			ReleaseScriptCaches (1ms)
			RebuildScriptCaches (59ms)
			SetupLoadedEditorAssemblies (1142ms)
				LogAssemblyErrors (0ms)
				InitializePlatformSupportModulesInManaged (34ms)
				SetLoadedEditorAssemblies (1ms)
				RefreshPlugins (2ms)
				BeforeProcessingInitializeOnLoad (128ms)
				ProcessInitializeOnLoadAttributes (275ms)
				ProcessInitializeOnLoadMethodAttributes (689ms)
				AfterProcessingInitializeOnLoad (13ms)
				EditorAssembliesLoaded (0ms)
			ExecutionOrderSort2 (0ms)
			AwakeInstancesAfterBackupRestoration (10ms)
Platform modules already initialized, skipping
Refreshing native plugins compatible for Editor in 5.20 ms, found 4 plugins.
Preloading 0 native plugins for Editor in 0.00 ms.
Unloading 5041 Unused Serialized files (Serialized files now loaded: 0)
Unloading 36 unused Assets / (226.3 KB). Loaded Objects now: 5578.
Memory consumption went from 181.8 MB to 181.6 MB.
Total: 4.617900 ms (FindLiveObjects: 0.374500 ms CreateObjectMapping: 0.304000 ms MarkObjects: 3.788800 ms  DeleteObjects: 0.149900 ms)

AssetImportParameters requested are different than current active one (requested -> active):
  custom:video-decoder-ogg-theora: a1e56fd34408186e4bbccfd4996cb3dc -> 
  custom:container-muxer-webm: aa71ff27fc2769a1b78a27578f13a17b -> 
  custom:container-demuxer-webm: 4f35f7cbe854078d1ac9338744f61a02 -> 
  custom:video-encoder-webm-vp8: eb34c28f22e8b96e1ab97ce403110664 -> 
  custom:audio-encoder-webm-vorbis: bf7c407c2cedff20999df2af8eb42d56 -> 
  custom:framework-win-MediaFoundation: 216162199b28c13a410421893ffa2e32 -> 
  custom:container-demuxer-ogg: 62fdf1f143b41e24485cea50d1cbac27 -> 
  custom:video-decoder-webm-vp8: 9c59270c3fd7afecdb556c50c9e8de78 -> 
  custom:audio-decoder-ogg-vorbis: bf7c407c2cedff20999df2af8eb42d56 -> 
========================================================================
Received Import Request.
  Time since last request: 716.080780 seconds.
  path: Assets/BoobieTraps/Prefabs/DarkForest/green_potion.prefab
  artifactKey: Guid(87637d3d4ebe6f646be50829262303e9) Importer(815301076,1909f56bfc062723c751e8b465ee728b)
Start importing Assets/BoobieTraps/Prefabs/DarkForest/green_potion.prefab using Guid(87637d3d4ebe6f646be50829262303e9) Importer(815301076,1909f56bfc062723c751e8b465ee728b)  -> (artifact id: '5d56075d1639fad317422c996a7cd6d1') in 0.130206 seconds 
========================================================================
Received Import Request.
  Time since last request: 19.682504 seconds.
  path: Assets/BoobieTraps/Prefabs/DarkForest/ruby.prefab
  artifactKey: Guid(b390a03383988ee4e8ec4276725c0492) Importer(815301076,1909f56bfc062723c751e8b465ee728b)
Start importing Assets/BoobieTraps/Prefabs/DarkForest/ruby.prefab using Guid(b390a03383988ee4e8ec4276725c0492) Importer(815301076,1909f56bfc062723c751e8b465ee728b)  -> (artifact id: '5929383e2dea03acc04bf68fd49fedcb') in 0.156658 seconds 
========================================================================
Received Import Request.
  Time since last request: 1.940596 seconds.
  path: Assets/BoobieTraps/Prefabs/DarkForest/ruby.prefab
  artifactKey: Guid(b390a03383988ee4e8ec4276725c0492) Importer(815301076,1909f56bfc062723c751e8b465ee728b)
Start importing Assets/BoobieTraps/Prefabs/DarkForest/ruby.prefab using Guid(b390a03383988ee4e8ec4276725c0492) Importer(815301076,1909f56bfc062723c751e8b465ee728b)  -> (artifact id: 'b11e1c51235df27d56f056636652703c') in 0.014648 seconds 
========================================================================
Received Import Request.
  Time since last request: 10.263344 seconds.
  path: Assets/BoobieTraps/Prefabs/DarkForest/green_potion.prefab
  artifactKey: Guid(87637d3d4ebe6f646be50829262303e9) Importer(815301076,1909f56bfc062723c751e8b465ee728b)
Start importing Assets/BoobieTraps/Prefabs/DarkForest/green_potion.prefab using Guid(87637d3d4ebe6f646be50829262303e9) Importer(815301076,1909f56bfc062723c751e8b465ee728b)  -> (artifact id: '18133c27ea8f41c9c797acdf5e879786') in 0.831652 seconds 
========================================================================
Received Import Request.
  Time since last request: 1.758063 seconds.
  path: Assets/BoobieTraps/Prefabs/DarkForest/green_potion.prefab
  artifactKey: Guid(87637d3d4ebe6f646be50829262303e9) Importer(815301076,1909f56bfc062723c751e8b465ee728b)
Start importing Assets/BoobieTraps/Prefabs/DarkForest/green_potion.prefab using Guid(87637d3d4ebe6f646be50829262303e9) Importer(815301076,1909f56bfc062723c751e8b465ee728b)  -> (artifact id: '6d341fb0f482297067143ff5cbb5eb1c') in 0.014800 seconds 
========================================================================
Received Import Request.
  Time since last request: 0.000021 seconds.
  path: Assets/BoobieTraps/Prefabs/DarkForest/ruby.prefab
  artifactKey: Guid(b390a03383988ee4e8ec4276725c0492) Importer(815301076,1909f56bfc062723c751e8b465ee728b)
Start importing Assets/BoobieTraps/Prefabs/DarkForest/ruby.prefab using Guid(b390a03383988ee4e8ec4276725c0492) Importer(815301076,1909f56bfc062723c751e8b465ee728b)  -> (artifact id: '348fb0d03313e31aab9298533a64fcd6') in 0.014460 seconds 
========================================================================
Received Import Request.
  Time since last request: 417.630165 seconds.
  path: Assets/BoobieTraps/Prefabs/PineForest/spider_fang.prefab
  artifactKey: Guid(6807177781ba98b4e92646ce33e557b6) Importer(815301076,1909f56bfc062723c751e8b465ee728b)
Start importing Assets/BoobieTraps/Prefabs/PineForest/spider_fang.prefab using Guid(6807177781ba98b4e92646ce33e557b6) Importer(815301076,1909f56bfc062723c751e8b465ee728b)  -> (artifact id: 'a22b35e5c45cc29f3ce87622fccfd073') in 0.022872 seconds 
========================================================================
Received Import Request.
  Time since last request: 12.503434 seconds.
  path: Assets/BoobieTraps/Prefabs/PineForest/spider_fang.prefab
  artifactKey: Guid(6807177781ba98b4e92646ce33e557b6) Importer(815301076,1909f56bfc062723c751e8b465ee728b)
Start importing Assets/BoobieTraps/Prefabs/PineForest/spider_fang.prefab using Guid(6807177781ba98b4e92646ce33e557b6) Importer(815301076,1909f56bfc062723c751e8b465ee728b)  -> (artifact id: 'dfee862c738574f6af2c1d342e608126') in 0.168173 seconds 
========================================================================
Received Import Request.
  Time since last request: 2.294738 seconds.
  path: Assets/BoobieTraps/Prefabs/PineForest/spider_fang.prefab
  artifactKey: Guid(6807177781ba98b4e92646ce33e557b6) Importer(815301076,1909f56bfc062723c751e8b465ee728b)
Start importing Assets/BoobieTraps/Prefabs/PineForest/spider_fang.prefab using Guid(6807177781ba98b4e92646ce33e557b6) Importer(815301076,1909f56bfc062723c751e8b465ee728b)  -> (artifact id: 'f6bdbd02b504fdfd2d8c3bfbc03825f9') in 0.015833 seconds 
========================================================================
Received Import Request.
  Time since last request: 3.682809 seconds.
  path: Assets/BoobieTraps/Prefabs/PineForest/spider_fang.prefab
  artifactKey: Guid(6807177781ba98b4e92646ce33e557b6) Importer(815301076,1909f56bfc062723c751e8b465ee728b)
Start importing Assets/BoobieTraps/Prefabs/PineForest/spider_fang.prefab using Guid(6807177781ba98b4e92646ce33e557b6) Importer(815301076,1909f56bfc062723c751e8b465ee728b)  -> (artifact id: '8b603680322f6b1ad6a7650cfcb4da09') in 0.015017 seconds 
========================================================================
Received Import Request.
  Time since last request: 0.000022 seconds.
  path: Assets/BoobieTraps/Prefabs/PineForest/sunshine_gem.prefab
  artifactKey: Guid(467c249f5bca14240bf192e7dac83e7f) Importer(815301076,1909f56bfc062723c751e8b465ee728b)
Start importing Assets/BoobieTraps/Prefabs/PineForest/sunshine_gem.prefab using Guid(467c249f5bca14240bf192e7dac83e7f) Importer(815301076,1909f56bfc062723c751e8b465ee728b)  -> (artifact id: '036f0fd5bd019a704e1e14fccf61b0dd') in 0.013454 seconds 
========================================================================
Received Import Request.
  Time since last request: 2.699910 seconds.
  path: Assets/BoobieTraps/Prefabs/PineForest/spider_fang.prefab
  artifactKey: Guid(6807177781ba98b4e92646ce33e557b6) Importer(815301076,1909f56bfc062723c751e8b465ee728b)
Start importing Assets/BoobieTraps/Prefabs/PineForest/spider_fang.prefab using Guid(6807177781ba98b4e92646ce33e557b6) Importer(815301076,1909f56bfc062723c751e8b465ee728b)  -> (artifact id: '553fcb97c7eb409cbd83e3c55527119d') in 0.321257 seconds 
========================================================================
Received Import Request.
  Time since last request: 0.000021 seconds.
  path: Assets/BoobieTraps/Prefabs/PineForest/sunshine_gem.prefab
  artifactKey: Guid(467c249f5bca14240bf192e7dac83e7f) Importer(815301076,1909f56bfc062723c751e8b465ee728b)
Start importing Assets/BoobieTraps/Prefabs/PineForest/sunshine_gem.prefab using Guid(467c249f5bca14240bf192e7dac83e7f) Importer(815301076,1909f56bfc062723c751e8b465ee728b)  -> (artifact id: '7883cd95d957da7dad627eafebcecb07') in 0.014755 seconds 
========================================================================
Received Import Request.
  Time since last request: 8.654553 seconds.
  path: Assets/BoobieTraps/Sprites/Environment/trees_plants.png
  artifactKey: Guid(de2e6026f67aafb49a95e9702113ab2e) Importer(815301076,1909f56bfc062723c751e8b465ee728b)
Start importing Assets/BoobieTraps/Sprites/Environment/trees_plants.png using Guid(de2e6026f67aafb49a95e9702113ab2e) Importer(815301076,1909f56bfc062723c751e8b465ee728b)  -> (artifact id: 'd6c366705a9842bfa63a10a379b2b208') in 0.062849 seconds 
========================================================================
Received Import Request.
  Time since last request: 232.456915 seconds.
  path: Assets/BoobieTraps/Prefabs/GreyForest/light_green_potion.prefab
  artifactKey: Guid(c91e338a7094ff94a83d2ada1e7e5944) Importer(815301076,1909f56bfc062723c751e8b465ee728b)
Start importing Assets/BoobieTraps/Prefabs/GreyForest/light_green_potion.prefab using Guid(c91e338a7094ff94a83d2ada1e7e5944) Importer(815301076,1909f56bfc062723c751e8b465ee728b)  -> (artifact id: 'a636b4fbfc7ddd347fc595b5bfd35699') in 0.080334 seconds 
========================================================================
Received Import Request.
  Time since last request: 0.000022 seconds.
  path: Assets/BoobieTraps/Prefabs/GreyForest/purple_flower.prefab
  artifactKey: Guid(9be7e5f85f82ea94480c21a4ba541071) Importer(815301076,1909f56bfc062723c751e8b465ee728b)
Start importing Assets/BoobieTraps/Prefabs/GreyForest/purple_flower.prefab using Guid(9be7e5f85f82ea94480c21a4ba541071) Importer(815301076,1909f56bfc062723c751e8b465ee728b)  -> (artifact id: '81dc1afdf2ea050318cbafcf2852bb83') in 0.016521 seconds 
========================================================================
Received Import Request.
  Time since last request: 18.306836 seconds.
  path: Assets/BoobieTraps/Prefabs/GreyForest/light_green_potion.prefab
  artifactKey: Guid(c91e338a7094ff94a83d2ada1e7e5944) Importer(815301076,1909f56bfc062723c751e8b465ee728b)
Start importing Assets/BoobieTraps/Prefabs/GreyForest/light_green_potion.prefab using Guid(c91e338a7094ff94a83d2ada1e7e5944) Importer(815301076,1909f56bfc062723c751e8b465ee728b)  -> (artifact id: 'd27d748988f1598812f930693f6c8534') in 0.109716 seconds 
========================================================================
Received Import Request.
  Time since last request: 2.842865 seconds.
  path: Assets/BoobieTraps/Prefabs/GreyForest/light_green_potion.prefab
  artifactKey: Guid(c91e338a7094ff94a83d2ada1e7e5944) Importer(815301076,1909f56bfc062723c751e8b465ee728b)
Start importing Assets/BoobieTraps/Prefabs/GreyForest/light_green_potion.prefab using Guid(c91e338a7094ff94a83d2ada1e7e5944) Importer(815301076,1909f56bfc062723c751e8b465ee728b)  -> (artifact id: '4a4f59359b2a110848a7734b1d973f87') in 0.016876 seconds 
========================================================================
Received Import Request.
  Time since last request: 3.741778 seconds.
  path: Assets/BoobieTraps/Prefabs/GreyForest/light_green_potion.prefab
  artifactKey: Guid(c91e338a7094ff94a83d2ada1e7e5944) Importer(815301076,1909f56bfc062723c751e8b465ee728b)
Start importing Assets/BoobieTraps/Prefabs/GreyForest/light_green_potion.prefab using Guid(c91e338a7094ff94a83d2ada1e7e5944) Importer(815301076,1909f56bfc062723c751e8b465ee728b)  -> (artifact id: 'ba9891c56764dba158a7e36f33298770') in 0.156599 seconds 
========================================================================
Received Import Request.
  Time since last request: 3.627389 seconds.
  path: Assets/BoobieTraps/Prefabs/GreyForest/light_green_potion.prefab
  artifactKey: Guid(c91e338a7094ff94a83d2ada1e7e5944) Importer(815301076,1909f56bfc062723c751e8b465ee728b)
Start importing Assets/BoobieTraps/Prefabs/GreyForest/light_green_potion.prefab using Guid(c91e338a7094ff94a83d2ada1e7e5944) Importer(815301076,1909f56bfc062723c751e8b465ee728b)  -> (artifact id: '57ce8ca2513797d771a4dc034ebd9f63') in 0.015728 seconds 
========================================================================
Received Prepare
Registering precompiled user dll's ...
Registered in 0.027378 seconds.
Begin MonoManager ReloadAssembly
Symbol file LoadedFromMemory doesn't match image D:\01_Projects\FemDevsGameJam2022\BoobieTraps\Library\PackageCache\com.unity.visualscripting@1.7.8\Editor\VisualScripting.Core\Dependencies\YamlDotNet\Unity.VisualScripting.YamlDotNet.dll
Symbol file LoadedFromMemory doesn't match image D:\01_Projects\FemDevsGameJam2022\BoobieTraps\Library\PackageCache\com.unity.visualscripting@1.7.8\Editor\VisualScripting.Core\Dependencies\DotNetZip\Unity.VisualScripting.IonicZip.dll
Native extension for LinuxStandalone target not found
Native extension for WindowsStandalone target not found
Native extension for OSXStandalone target not found
Native extension for WebGL target not found
Refreshing native plugins compatible for Editor in 0.98 ms, found 4 plugins.
Preloading 0 native plugins for Editor in 0.00 ms.
Mono: successfully reloaded assembly
- Completed reload, in  3.213 seconds
Domain Reload Profiling:
	ReloadAssembly (3214ms)
		BeginReloadAssembly (337ms)
			ExecutionOrderSort (0ms)
			DisableScriptedObjects (19ms)
			BackupInstance (0ms)
			ReleaseScriptingObjects (0ms)
			CreateAndSetChildDomain (155ms)
		EndReloadAssembly (2736ms)
			LoadAssemblies (174ms)
			RebuildTransferFunctionScriptingTraits (0ms)
			SetupTypeCache (361ms)
			ReleaseScriptCaches (2ms)
			RebuildScriptCaches (56ms)
			SetupLoadedEditorAssemblies (2107ms)
				LogAssemblyErrors (0ms)
				InitializePlatformSupportModulesInManaged (33ms)
				SetLoadedEditorAssemblies (1ms)
				RefreshPlugins (1ms)
				BeforeProcessingInitializeOnLoad (135ms)
				ProcessInitializeOnLoadAttributes (1244ms)
				ProcessInitializeOnLoadMethodAttributes (677ms)
				AfterProcessingInitializeOnLoad (16ms)
				EditorAssembliesLoaded (0ms)
			ExecutionOrderSort2 (0ms)
			AwakeInstancesAfterBackupRestoration (10ms)
Platform modules already initialized, skipping
Refreshing native plugins compatible for Editor in 4.68 ms, found 4 plugins.
Preloading 0 native plugins for Editor in 0.00 ms.
Unloading 5041 Unused Serialized files (Serialized files now loaded: 0)
Unloading 38 unused Assets / (227.1 KB). Loaded Objects now: 5622.
Memory consumption went from 186.0 MB to 185.8 MB.
Total: 5.495000 ms (FindLiveObjects: 0.379800 ms CreateObjectMapping: 0.317200 ms MarkObjects: 4.646100 ms  DeleteObjects: 0.150800 ms)

AssetImportParameters requested are different than current active one (requested -> active):
  custom:video-decoder-ogg-theora: a1e56fd34408186e4bbccfd4996cb3dc -> 
  custom:container-muxer-webm: aa71ff27fc2769a1b78a27578f13a17b -> 
  custom:container-demuxer-webm: 4f35f7cbe854078d1ac9338744f61a02 -> 
  custom:video-encoder-webm-vp8: eb34c28f22e8b96e1ab97ce403110664 -> 
  custom:audio-encoder-webm-vorbis: bf7c407c2cedff20999df2af8eb42d56 -> 
  custom:framework-win-MediaFoundation: 216162199b28c13a410421893ffa2e32 -> 
  custom:container-demuxer-ogg: 62fdf1f143b41e24485cea50d1cbac27 -> 
  custom:video-decoder-webm-vp8: 9c59270c3fd7afecdb556c50c9e8de78 -> 
  custom:audio-decoder-ogg-vorbis: bf7c407c2cedff20999df2af8eb42d56 -> 
13.11.2022 12:25:57|Error|<>c__DisplayClass70_0.<receiveRequest>b__0|A timeout has occurred while reading an HTTP request/response.
========================================================================
Received Prepare
Registering precompiled user dll's ...
Registered in 0.023771 seconds.
Begin MonoManager ReloadAssembly
13.11.2022 12:27:44|Fatal|WebSocketServer.receiveRequest|Thread was being aborted.
Symbol file LoadedFromMemory doesn't match image D:\01_Projects\FemDevsGameJam2022\BoobieTraps\Library\PackageCache\com.unity.visualscripting@1.7.8\Editor\VisualScripting.Core\Dependencies\YamlDotNet\Unity.VisualScripting.YamlDotNet.dll
Symbol file LoadedFromMemory doesn't match image D:\01_Projects\FemDevsGameJam2022\BoobieTraps\Library\PackageCache\com.unity.visualscripting@1.7.8\Editor\VisualScripting.Core\Dependencies\DotNetZip\Unity.VisualScripting.IonicZip.dll
Native extension for LinuxStandalone target not found
Native extension for WindowsStandalone target not found
Native extension for OSXStandalone target not found
Native extension for WebGL target not found
Refreshing native plugins compatible for Editor in 0.86 ms, found 4 plugins.
Preloading 0 native plugins for Editor in 0.00 ms.
System.Reflection.TargetInvocationException: Exception has been thrown by the target of an invocation. ---> System.InvalidOperationException: The underlying listener has failed to start. ---> System.Net.Sockets.SocketException: Only one usage of each socket address (protocol/network address/port) is normally permitted.
UnityEngine.StackTraceUtility:ExtractStackTrace ()
UnityEngine.DebugLogHandler:LogFormat (UnityEngine.LogType,UnityEngine.Object,string,object[])
UnityEngine.Logger:Log (UnityEngine.LogType,object)
UnityEngine.Debug:LogError (object)
UnityEditor.EditorAssemblies:ProcessInitializeOnLoadMethodAttributes ()

Mono: successfully reloaded assembly
- Completed reload, in  2.280 seconds
Domain Reload Profiling:
	ReloadAssembly (2281ms)
		BeginReloadAssembly (186ms)
			ExecutionOrderSort (0ms)
			DisableScriptedObjects (10ms)
			BackupInstance (0ms)
			ReleaseScriptingObjects (0ms)
			CreateAndSetChildDomain (52ms)
		EndReloadAssembly (1954ms)
			LoadAssemblies (152ms)
			RebuildTransferFunctionScriptingTraits (0ms)
			SetupTypeCache (406ms)
			ReleaseScriptCaches (2ms)
			RebuildScriptCaches (113ms)
			SetupLoadedEditorAssemblies (1161ms)
				LogAssemblyErrors (0ms)
				InitializePlatformSupportModulesInManaged (43ms)
				SetLoadedEditorAssemblies (1ms)
				RefreshPlugins (1ms)
				BeforeProcessingInitializeOnLoad (127ms)
				ProcessInitializeOnLoadAttributes (275ms)
				ProcessInitializeOnLoadMethodAttributes (701ms)
				AfterProcessingInitializeOnLoad (13ms)
				EditorAssembliesLoaded (0ms)
			ExecutionOrderSort2 (0ms)
			AwakeInstancesAfterBackupRestoration (10ms)
Platform modules already initialized, skipping
Refreshing native plugins compatible for Editor in 7.33 ms, found 4 plugins.
Preloading 0 native plugins for Editor in 0.00 ms.
Unloading 5041 Unused Serialized files (Serialized files now loaded: 0)
Unloading 36 unused Assets / (226.3 KB). Loaded Objects now: 5641.
Memory consumption went from 186.2 MB to 186.0 MB.
Total: 5.106800 ms (FindLiveObjects: 0.609000 ms CreateObjectMapping: 0.461200 ms MarkObjects: 3.776200 ms  DeleteObjects: 0.259200 ms)

AssetImportParameters requested are different than current active one (requested -> active):
  custom:video-decoder-ogg-theora: a1e56fd34408186e4bbccfd4996cb3dc -> 
  custom:container-muxer-webm: aa71ff27fc2769a1b78a27578f13a17b -> 
  custom:container-demuxer-webm: 4f35f7cbe854078d1ac9338744f61a02 -> 
  custom:video-encoder-webm-vp8: eb34c28f22e8b96e1ab97ce403110664 -> 
  custom:audio-encoder-webm-vorbis: bf7c407c2cedff20999df2af8eb42d56 -> 
  custom:framework-win-MediaFoundation: 216162199b28c13a410421893ffa2e32 -> 
  custom:container-demuxer-ogg: 62fdf1f143b41e24485cea50d1cbac27 -> 
  custom:video-decoder-webm-vp8: 9c59270c3fd7afecdb556c50c9e8de78 -> 
  custom:audio-decoder-ogg-vorbis: bf7c407c2cedff20999df2af8eb42d56 -> 
========================================================================
Received Prepare
Registering precompiled user dll's ...
Registered in 0.025719 seconds.
Begin MonoManager ReloadAssembly
Symbol file LoadedFromMemory doesn't match image D:\01_Projects\FemDevsGameJam2022\BoobieTraps\Library\PackageCache\com.unity.visualscripting@1.7.8\Editor\VisualScripting.Core\Dependencies\YamlDotNet\Unity.VisualScripting.YamlDotNet.dll
Symbol file LoadedFromMemory doesn't match image D:\01_Projects\FemDevsGameJam2022\BoobieTraps\Library\PackageCache\com.unity.visualscripting@1.7.8\Editor\VisualScripting.Core\Dependencies\DotNetZip\Unity.VisualScripting.IonicZip.dll
Native extension for LinuxStandalone target not found
Native extension for WindowsStandalone target not found
Native extension for OSXStandalone target not found
Native extension for WebGL target not found
Refreshing native plugins compatible for Editor in 0.92 ms, found 4 plugins.
Preloading 0 native plugins for Editor in 0.00 ms.
Mono: successfully reloaded assembly
- Completed reload, in  2.075 seconds
Domain Reload Profiling:
	ReloadAssembly (2075ms)
		BeginReloadAssembly (176ms)
			ExecutionOrderSort (0ms)
			DisableScriptedObjects (8ms)
			BackupInstance (0ms)
			ReleaseScriptingObjects (0ms)
			CreateAndSetChildDomain (47ms)
		EndReloadAssembly (1767ms)
			LoadAssemblies (153ms)
			RebuildTransferFunctionScriptingTraits (0ms)
			SetupTypeCache (331ms)
			ReleaseScriptCaches (1ms)
			RebuildScriptCaches (63ms)
			SetupLoadedEditorAssemblies (1165ms)
				LogAssemblyErrors (0ms)
				InitializePlatformSupportModulesInManaged (32ms)
				SetLoadedEditorAssemblies (1ms)
				RefreshPlugins (1ms)
				BeforeProcessingInitializeOnLoad (133ms)
				ProcessInitializeOnLoadAttributes (305ms)
				ProcessInitializeOnLoadMethodAttributes (680ms)
				AfterProcessingInitializeOnLoad (13ms)
				EditorAssembliesLoaded (0ms)
			ExecutionOrderSort2 (0ms)
			AwakeInstancesAfterBackupRestoration (10ms)
Platform modules already initialized, skipping
Refreshing native plugins compatible for Editor in 5.02 ms, found 4 plugins.
Preloading 0 native plugins for Editor in 0.00 ms.
Unloading 5041 Unused Serialized files (Serialized files now loaded: 0)
Unloading 36 unused Assets / (227.4 KB). Loaded Objects now: 5660.
Memory consumption went from 186.3 MB to 186.0 MB.
Total: 4.561400 ms (FindLiveObjects: 0.380100 ms CreateObjectMapping: 0.300400 ms MarkObjects: 3.726200 ms  DeleteObjects: 0.153700 ms)

AssetImportParameters requested are different than current active one (requested -> active):
  custom:video-decoder-ogg-theora: a1e56fd34408186e4bbccfd4996cb3dc -> 
  custom:container-muxer-webm: aa71ff27fc2769a1b78a27578f13a17b -> 
  custom:container-demuxer-webm: 4f35f7cbe854078d1ac9338744f61a02 -> 
  custom:video-encoder-webm-vp8: eb34c28f22e8b96e1ab97ce403110664 -> 
  custom:audio-encoder-webm-vorbis: bf7c407c2cedff20999df2af8eb42d56 -> 
  custom:framework-win-MediaFoundation: 216162199b28c13a410421893ffa2e32 -> 
  custom:container-demuxer-ogg: 62fdf1f143b41e24485cea50d1cbac27 -> 
  custom:video-decoder-webm-vp8: 9c59270c3fd7afecdb556c50c9e8de78 -> 
  custom:audio-decoder-ogg-vorbis: bf7c407c2cedff20999df2af8eb42d56 -> 
13.11.2022 12:30:18|Error|<>c__DisplayClass70_0.<receiveRequest>b__0|A timeout has occurred while reading an HTTP request/response.
13.11.2022 12:30:18|Error|<>c__DisplayClass70_0.<receiveRequest>b__0|A timeout has occurred while reading an HTTP request/response.
========================================================================
Received Import Request.
  Time since last request: 3393.720549 seconds.
  path: Assets/BoobieTraps/Sprites/Characters/Sybil/normal.png
  artifactKey: Guid(99ffdabc93964d3468b6eb7e7938c442) Importer(815301076,1909f56bfc062723c751e8b465ee728b)
Start importing Assets/BoobieTraps/Sprites/Characters/Sybil/normal.png using Guid(99ffdabc93964d3468b6eb7e7938c442) Importer(815301076,1909f56bfc062723c751e8b465ee728b)  -> (artifact id: 'e5d355ff20c2a0be27c4ede34d164c7e') in 0.469334 seconds 
========================================================================
Received Import Request.
  Time since last request: 234.404546 seconds.
  path: Assets/BoobieTraps/Audio/Animals/Boobie_Whistle.wav
  artifactKey: Guid(ef346eb888c50af44a468e3469a4d12a) Importer(815301076,1909f56bfc062723c751e8b465ee728b)
Start importing Assets/BoobieTraps/Audio/Animals/Boobie_Whistle.wav using Guid(ef346eb888c50af44a468e3469a4d12a) Importer(815301076,1909f56bfc062723c751e8b465ee728b)  -> (artifact id: '83c35e4ef883e01ed394c0e4d35afd12') in 0.281169 seconds 
========================================================================
Received Import Request.
  Time since last request: 0.000024 seconds.
  path: Assets/BoobieTraps/Audio/Animals/Squirrel.wav
  artifactKey: Guid(b293124ad83377342a091261bc4411d8) Importer(815301076,1909f56bfc062723c751e8b465ee728b)
Start importing Assets/BoobieTraps/Audio/Animals/Squirrel.wav using Guid(b293124ad83377342a091261bc4411d8) Importer(815301076,1909f56bfc062723c751e8b465ee728b)  -> (artifact id: 'abd7416ea37bb30d23731bdf8c108b2c') in 0.092854 seconds 
========================================================================
Received Import Request.
  Time since last request: 1727.436749 seconds.
  path: Assets/BoobieTraps/Prefabs/TreesPlants/dead_tree_1.prefab
  artifactKey: Guid(d833631fa53a2f3448b9ccfd586e17be) Importer(815301076,1909f56bfc062723c751e8b465ee728b)
Start importing Assets/BoobieTraps/Prefabs/TreesPlants/dead_tree_1.prefab using Guid(d833631fa53a2f3448b9ccfd586e17be) Importer(815301076,1909f56bfc062723c751e8b465ee728b)  -> (artifact id: '0fec14d149622c991e0be005ce8bea7a') in 0.065532 seconds 
========================================================================
Received Import Request.
  Time since last request: 0.000029 seconds.
  path: Assets/BoobieTraps/Prefabs/TreesPlants/stump_1.prefab
  artifactKey: Guid(84ec2f5c3701a5b489ae2c38c2f7c108) Importer(815301076,1909f56bfc062723c751e8b465ee728b)
Start importing Assets/BoobieTraps/Prefabs/TreesPlants/stump_1.prefab using Guid(84ec2f5c3701a5b489ae2c38c2f7c108) Importer(815301076,1909f56bfc062723c751e8b465ee728b)  -> (artifact id: '148bdcadacf2dba833754681a7697d5a') in 0.023800 seconds 
========================================================================
Received Import Request.
  Time since last request: 0.000035 seconds.
  path: Assets/BoobieTraps/Prefabs/TreesPlants/pine_1.prefab
  artifactKey: Guid(ad5544a8c6c8dff41abc66aa68a7bc63) Importer(815301076,1909f56bfc062723c751e8b465ee728b)
Start importing Assets/BoobieTraps/Prefabs/TreesPlants/pine_1.prefab using Guid(ad5544a8c6c8dff41abc66aa68a7bc63) Importer(815301076,1909f56bfc062723c751e8b465ee728b)  -> (artifact id: 'eaf8d7ec0e63afb376457a4ed9269874') in 0.028960 seconds 
========================================================================
Received Import Request.
  Time since last request: 0.000030 seconds.
  path: Assets/BoobieTraps/Prefabs/TreesPlants/dead_tree_3.prefab
  artifactKey: Guid(f23e453edfc069a4e8110291c89f6f1e) Importer(815301076,1909f56bfc062723c751e8b465ee728b)
Start importing Assets/BoobieTraps/Prefabs/TreesPlants/dead_tree_3.prefab using Guid(f23e453edfc069a4e8110291c89f6f1e) Importer(815301076,1909f56bfc062723c751e8b465ee728b)  -> (artifact id: '108d5db4fe22c21dd026da9a5f6ec439') in 0.031629 seconds 
13.11.2022 13:04:27|Error|<>c__DisplayClass70_0.<receiveRequest>b__0|An exception has occurred while reading an HTTP request/response.
Editor requested this worker to shutdown with reason: Scaling down because of idle timeout
AssetImportWorker is now disconnected from the server
Process exiting
Exiting without the bug reporter. Application will terminate with return code 0