Using pre-set license
Built from '2021.3/staging' branch; Version is '2021.3.13f1 (9e7d58001ecf) revision 10386776'; Using compiler version '192829333'; Build Type 'Release'
OS: 'Windows 10  (10.0.19045) 64bit Core' Language: 'en' Physical Memory: 16196 MB
BatchMode: 1, IsHumanControllingUs: 0, StartBugReporterOnCrash: 0, Is64bit: 1, IsPro: 1

COMMAND LINE ARGUMENTS:
C:\Program Files\Unity\Hub\Editor\2021.3.13f1\Editor\Unity.exe
-adb2
-batchMode
-noUpm
-name
AssetImportWorker4
-projectPath
D:/01_Projects/FemDevsGameJam2022/BoobieTraps
-logFile
Logs/AssetImportWorker4.log
-srvPort
65234
Successfully changed project path to: D:/01_Projects/FemDevsGameJam2022/BoobieTraps
D:/01_Projects/FemDevsGameJam2022/BoobieTraps
[UnityMemory] Configuration Parameters - Can be set up in boot.config
    "memorysetup-bucket-allocator-granularity=16"
    "memorysetup-bucket-allocator-bucket-count=8"
    "memorysetup-bucket-allocator-block-size=33554432"
    "memorysetup-bucket-allocator-block-count=8"
    "memorysetup-main-allocator-block-size=16777216"
    "memorysetup-thread-allocator-block-size=16777216"
    "memorysetup-gfx-main-allocator-block-size=16777216"
    "memorysetup-gfx-thread-allocator-block-size=16777216"
    "memorysetup-cache-allocator-block-size=4194304"
    "memorysetup-typetree-allocator-block-size=2097152"
    "memorysetup-profiler-bucket-allocator-granularity=16"
    "memorysetup-profiler-bucket-allocator-bucket-count=8"
    "memorysetup-profiler-bucket-allocator-block-size=33554432"
    "memorysetup-profiler-bucket-allocator-block-count=8"
    "memorysetup-profiler-allocator-block-size=16777216"
    "memorysetup-profiler-editor-allocator-block-size=1048576"
    "memorysetup-temp-allocator-size-main=16777216"
    "memorysetup-job-temp-allocator-block-size=2097152"
    "memorysetup-job-temp-allocator-block-size-background=1048576"
    "memorysetup-job-temp-allocator-reduction-small-platforms=262144"
    "memorysetup-temp-allocator-size-background-worker=32768"
    "memorysetup-temp-allocator-size-job-worker=262144"
    "memorysetup-temp-allocator-size-preload-manager=33554432"
    "memorysetup-temp-allocator-size-nav-mesh-worker=65536"
    "memorysetup-temp-allocator-size-audio-worker=65536"
    "memorysetup-temp-allocator-size-cloud-worker=32768"
    "memorysetup-temp-allocator-size-gi-baking-worker=262144"
    "memorysetup-temp-allocator-size-gfx=262144"
Refreshing native plugins compatible for Editor in 133.11 ms, found 4 plugins.
Preloading 0 native plugins for Editor in 0.00 ms.
Initialize engine version: 2021.3.13f1 (9e7d58001ecf)
[Subsystems] Discovering subsystems at path C:/Program Files/Unity/Hub/Editor/2021.3.13f1/Editor/Data/Resources/UnitySubsystems
[Subsystems] Discovering subsystems at path D:/01_Projects/FemDevsGameJam2022/BoobieTraps/Assets
GfxDevice: creating device client; threaded=0; jobified=0
Direct3D:
    Version:  Direct3D 11.0 [level 11.1]
    Renderer: NVIDIA GeForce RTX 2060 (ID=0x1f11)
    Vendor:   NVIDIA
    VRAM:     5980 MB
    Driver:   31.0.15.1700
Initialize mono
Mono path[0] = 'C:/Program Files/Unity/Hub/Editor/2021.3.13f1/Editor/Data/Managed'
Mono path[1] = 'C:/Program Files/Unity/Hub/Editor/2021.3.13f1/Editor/Data/MonoBleedingEdge/lib/mono/unityjit-win32'
Mono config path = 'C:/Program Files/Unity/Hub/Editor/2021.3.13f1/Editor/Data/MonoBleedingEdge/etc'
Using monoOptions --debugger-agent=transport=dt_socket,embedding=1,server=y,suspend=n,address=127.0.0.1:56232
Begin MonoManager ReloadAssembly
Registering precompiled unity dll's ...
Register platform support module: C:/Program Files/Unity/Hub/Editor/2021.3.13f1/Editor/Data/PlaybackEngines/WebGLSupport/UnityEditor.WebGL.Extensions.dll
Register platform support module: C:/Program Files/Unity/Hub/Editor/2021.3.13f1/Editor/Data/PlaybackEngines/MacStandaloneSupport/UnityEditor.OSXStandalone.Extensions.dll
Register platform support module: C:/Program Files/Unity/Hub/Editor/2021.3.13f1/Editor/Data/PlaybackEngines/WindowsStandaloneSupport/UnityEditor.WindowsStandalone.Extensions.dll
Register platform support module: C:/Program Files/Unity/Hub/Editor/2021.3.13f1/Editor/Data/PlaybackEngines/LinuxStandaloneSupport/UnityEditor.LinuxStandalone.Extensions.dll
Registered in 0.016228 seconds.
Native extension for LinuxStandalone target not found
Native extension for WindowsStandalone target not found
Native extension for OSXStandalone target not found
Native extension for WebGL target not found
Refreshing native plugins compatible for Editor in 115.05 ms, found 4 plugins.
Preloading 0 native plugins for Editor in 0.00 ms.
Mono: successfully reloaded assembly
- Completed reload, in  0.806 seconds
Domain Reload Profiling:
	ReloadAssembly (806ms)
		BeginReloadAssembly (103ms)
			ExecutionOrderSort (0ms)
			DisableScriptedObjects (0ms)
			BackupInstance (0ms)
			ReleaseScriptingObjects (0ms)
			CreateAndSetChildDomain (1ms)
		EndReloadAssembly (564ms)
			LoadAssemblies (101ms)
			RebuildTransferFunctionScriptingTraits (0ms)
			SetupTypeCache (120ms)
			ReleaseScriptCaches (0ms)
			RebuildScriptCaches (30ms)
			SetupLoadedEditorAssemblies (348ms)
				LogAssemblyErrors (0ms)
				InitializePlatformSupportModulesInManaged (21ms)
				SetLoadedEditorAssemblies (0ms)
				RefreshPlugins (115ms)
				BeforeProcessingInitializeOnLoad (1ms)
				ProcessInitializeOnLoadAttributes (159ms)
				ProcessInitializeOnLoadMethodAttributes (51ms)
				AfterProcessingInitializeOnLoad (0ms)
				EditorAssembliesLoaded (0ms)
			ExecutionOrderSort2 (0ms)
			AwakeInstancesAfterBackupRestoration (0ms)
Platform modules already initialized, skipping
Registering precompiled user dll's ...
Registered in 0.032819 seconds.
Begin MonoManager ReloadAssembly
Symbol file LoadedFromMemory doesn't match image D:\01_Projects\FemDevsGameJam2022\BoobieTraps\Library\PackageCache\com.unity.visualscripting@1.7.8\Editor\VisualScripting.Core\Dependencies\YamlDotNet\Unity.VisualScripting.YamlDotNet.dll
Symbol file LoadedFromMemory doesn't match image D:\01_Projects\FemDevsGameJam2022\BoobieTraps\Library\PackageCache\com.unity.visualscripting@1.7.8\Editor\VisualScripting.Core\Dependencies\DotNetZip\Unity.VisualScripting.IonicZip.dll
Native extension for LinuxStandalone target not found
Native extension for WindowsStandalone target not found
Native extension for OSXStandalone target not found
Native extension for WebGL target not found
Refreshing native plugins compatible for Editor in 119.01 ms, found 4 plugins.
Preloading 0 native plugins for Editor in 0.00 ms.
DisplayProgressbar: Generating Metadata
Mono: successfully reloaded assembly
- Completed reload, in  2.388 seconds
Domain Reload Profiling:
	ReloadAssembly (2388ms)
		BeginReloadAssembly (132ms)
			ExecutionOrderSort (0ms)
			DisableScriptedObjects (6ms)
			BackupInstance (0ms)
			ReleaseScriptingObjects (0ms)
			CreateAndSetChildDomain (22ms)
		EndReloadAssembly (2107ms)
			LoadAssemblies (143ms)
			RebuildTransferFunctionScriptingTraits (0ms)
			SetupTypeCache (315ms)
			ReleaseScriptCaches (1ms)
			RebuildScriptCaches (88ms)
			SetupLoadedEditorAssemblies (1505ms)
				LogAssemblyErrors (0ms)
				InitializePlatformSupportModulesInManaged (17ms)
				SetLoadedEditorAssemblies (0ms)
				RefreshPlugins (119ms)
				BeforeProcessingInitializeOnLoad (157ms)
				ProcessInitializeOnLoadAttributes (329ms)
				ProcessInitializeOnLoadMethodAttributes (870ms)
				AfterProcessingInitializeOnLoad (13ms)
				EditorAssembliesLoaded (0ms)
			ExecutionOrderSort2 (0ms)
			AwakeInstancesAfterBackupRestoration (7ms)
Platform modules already initialized, skipping
========================================================================
Worker process is ready to serve import requests
Launched and connected shader compiler UnityShaderCompiler.exe after 0.12 seconds
Refreshing native plugins compatible for Editor in 1.25 ms, found 4 plugins.
Preloading 0 native plugins for Editor in 0.00 ms.
Unloading 5011 Unused Serialized files (Serialized files now loaded: 0)
Unloading 71 unused Assets / (299.7 KB). Loaded Objects now: 5466.
Memory consumption went from 180.7 MB to 180.4 MB.
Total: 4.831700 ms (FindLiveObjects: 0.400200 ms CreateObjectMapping: 0.341400 ms MarkObjects: 3.902200 ms  DeleteObjects: 0.186600 ms)

AssetImportParameters requested are different than current active one (requested -> active):
  custom:video-decoder-ogg-theora: a1e56fd34408186e4bbccfd4996cb3dc -> 
  custom:container-muxer-webm: aa71ff27fc2769a1b78a27578f13a17b -> 
  custom:container-demuxer-webm: 4f35f7cbe854078d1ac9338744f61a02 -> 
  custom:video-encoder-webm-vp8: eb34c28f22e8b96e1ab97ce403110664 -> 
  custom:audio-encoder-webm-vorbis: bf7c407c2cedff20999df2af8eb42d56 -> 
  custom:framework-win-MediaFoundation: 216162199b28c13a410421893ffa2e32 -> 
  custom:container-demuxer-ogg: 62fdf1f143b41e24485cea50d1cbac27 -> 
  custom:video-decoder-webm-vp8: 9c59270c3fd7afecdb556c50c9e8de78 -> 
  custom:audio-decoder-ogg-vorbis: bf7c407c2cedff20999df2af8eb42d56 -> 
12.11.2022 01:29:54|Error|<>c__DisplayClass70_0.<receiveRequest>b__0|An exception has occurred while reading an HTTP request/response.
========================================================================
Received Prepare
Registering precompiled user dll's ...
Registered in 0.024496 seconds.
Begin MonoManager ReloadAssembly
12.11.2022 01:29:58|Fatal|WebSocketServer.receiveRequest|Thread was being aborted.
12.11.2022 01:29:58|Error|<>c__DisplayClass70_0.<receiveRequest>b__0|Thread was being aborted.
Symbol file LoadedFromMemory doesn't match image D:\01_Projects\FemDevsGameJam2022\BoobieTraps\Library\PackageCache\com.unity.visualscripting@1.7.8\Editor\VisualScripting.Core\Dependencies\YamlDotNet\Unity.VisualScripting.YamlDotNet.dll
Symbol file LoadedFromMemory doesn't match image D:\01_Projects\FemDevsGameJam2022\BoobieTraps\Library\PackageCache\com.unity.visualscripting@1.7.8\Editor\VisualScripting.Core\Dependencies\DotNetZip\Unity.VisualScripting.IonicZip.dll
Native extension for LinuxStandalone target not found
Native extension for WindowsStandalone target not found
Native extension for OSXStandalone target not found
Native extension for WebGL target not found
Refreshing native plugins compatible for Editor in 1.33 ms, found 4 plugins.
Preloading 0 native plugins for Editor in 0.00 ms.
System.Reflection.TargetInvocationException: Exception has been thrown by the target of an invocation. ---> System.InvalidOperationException: The underlying listener has failed to start. ---> System.Net.Sockets.SocketException: Only one usage of each socket address (protocol/network address/port) is normally permitted.
UnityEngine.StackTraceUtility:ExtractStackTrace ()
UnityEngine.DebugLogHandler:LogFormat (UnityEngine.LogType,UnityEngine.Object,string,object[])
UnityEngine.Logger:Log (UnityEngine.LogType,object)
UnityEngine.Debug:LogError (object)
UnityEditor.EditorAssemblies:ProcessInitializeOnLoadMethodAttributes ()

Mono: successfully reloaded assembly
- Completed reload, in  2.159 seconds
Domain Reload Profiling:
	ReloadAssembly (2160ms)
		BeginReloadAssembly (264ms)
			ExecutionOrderSort (0ms)
			DisableScriptedObjects (6ms)
			BackupInstance (0ms)
			ReleaseScriptingObjects (0ms)
			CreateAndSetChildDomain (148ms)
		EndReloadAssembly (1764ms)
			LoadAssemblies (142ms)
			RebuildTransferFunctionScriptingTraits (0ms)
			SetupTypeCache (361ms)
			ReleaseScriptCaches (1ms)
			RebuildScriptCaches (62ms)
			SetupLoadedEditorAssemblies (1112ms)
				LogAssemblyErrors (0ms)
				InitializePlatformSupportModulesInManaged (27ms)
				SetLoadedEditorAssemblies (1ms)
				RefreshPlugins (1ms)
				BeforeProcessingInitializeOnLoad (132ms)
				ProcessInitializeOnLoadAttributes (259ms)
				ProcessInitializeOnLoadMethodAttributes (679ms)
				AfterProcessingInitializeOnLoad (13ms)
				EditorAssembliesLoaded (0ms)
			ExecutionOrderSort2 (0ms)
			AwakeInstancesAfterBackupRestoration (14ms)
Platform modules already initialized, skipping
Refreshing native plugins compatible for Editor in 10.25 ms, found 4 plugins.
Preloading 0 native plugins for Editor in 0.00 ms.
Unloading 4997 Unused Serialized files (Serialized files now loaded: 0)
Unloading 37 unused Assets / (266.2 KB). Loaded Objects now: 5493.
Memory consumption went from 179.4 MB to 179.2 MB.
Total: 6.853300 ms (FindLiveObjects: 0.363000 ms CreateObjectMapping: 0.292400 ms MarkObjects: 6.043000 ms  DeleteObjects: 0.153500 ms)

AssetImportParameters requested are different than current active one (requested -> active):
  custom:video-decoder-ogg-theora: a1e56fd34408186e4bbccfd4996cb3dc -> 
  custom:container-muxer-webm: aa71ff27fc2769a1b78a27578f13a17b -> 
  custom:container-demuxer-webm: 4f35f7cbe854078d1ac9338744f61a02 -> 
  custom:video-encoder-webm-vp8: eb34c28f22e8b96e1ab97ce403110664 -> 
  custom:audio-encoder-webm-vorbis: bf7c407c2cedff20999df2af8eb42d56 -> 
  custom:framework-win-MediaFoundation: 216162199b28c13a410421893ffa2e32 -> 
  custom:container-demuxer-ogg: 62fdf1f143b41e24485cea50d1cbac27 -> 
  custom:video-decoder-webm-vp8: 9c59270c3fd7afecdb556c50c9e8de78 -> 
  custom:audio-decoder-ogg-vorbis: bf7c407c2cedff20999df2af8eb42d56 -> 
========================================================================
Received Prepare
Registering precompiled user dll's ...
Registered in 0.025564 seconds.
Begin MonoManager ReloadAssembly
Symbol file LoadedFromMemory doesn't match image D:\01_Projects\FemDevsGameJam2022\BoobieTraps\Library\PackageCache\com.unity.visualscripting@1.7.8\Editor\VisualScripting.Core\Dependencies\YamlDotNet\Unity.VisualScripting.YamlDotNet.dll
Symbol file LoadedFromMemory doesn't match image D:\01_Projects\FemDevsGameJam2022\BoobieTraps\Library\PackageCache\com.unity.visualscripting@1.7.8\Editor\VisualScripting.Core\Dependencies\DotNetZip\Unity.VisualScripting.IonicZip.dll
Native extension for LinuxStandalone target not found
Native extension for WindowsStandalone target not found
Native extension for OSXStandalone target not found
Native extension for WebGL target not found
Refreshing native plugins compatible for Editor in 0.94 ms, found 4 plugins.
Preloading 0 native plugins for Editor in 0.00 ms.
System.Reflection.TargetInvocationException: Exception has been thrown by the target of an invocation. ---> System.InvalidOperationException: The underlying listener has failed to start. ---> System.Net.Sockets.SocketException: Only one usage of each socket address (protocol/network address/port) is normally permitted.
UnityEngine.StackTraceUtility:ExtractStackTrace ()
UnityEngine.DebugLogHandler:LogFormat (UnityEngine.LogType,UnityEngine.Object,string,object[])
UnityEngine.Logger:Log (UnityEngine.LogType,object)
UnityEngine.Debug:LogError (object)
UnityEditor.EditorAssemblies:ProcessInitializeOnLoadMethodAttributes ()

Mono: successfully reloaded assembly
- Completed reload, in  2.533 seconds
Domain Reload Profiling:
	ReloadAssembly (2534ms)
		BeginReloadAssembly (191ms)
			ExecutionOrderSort (0ms)
			DisableScriptedObjects (9ms)
			BackupInstance (0ms)
			ReleaseScriptingObjects (0ms)
			CreateAndSetChildDomain (58ms)
		EndReloadAssembly (2191ms)
			LoadAssemblies (196ms)
			RebuildTransferFunctionScriptingTraits (0ms)
			SetupTypeCache (441ms)
			ReleaseScriptCaches (2ms)
			RebuildScriptCaches (81ms)
			SetupLoadedEditorAssemblies (1283ms)
				LogAssemblyErrors (0ms)
				InitializePlatformSupportModulesInManaged (32ms)
				SetLoadedEditorAssemblies (1ms)
				RefreshPlugins (1ms)
				BeforeProcessingInitializeOnLoad (155ms)
				ProcessInitializeOnLoadAttributes (363ms)
				ProcessInitializeOnLoadMethodAttributes (712ms)
				AfterProcessingInitializeOnLoad (19ms)
				EditorAssembliesLoaded (0ms)
			ExecutionOrderSort2 (0ms)
			AwakeInstancesAfterBackupRestoration (15ms)
Platform modules already initialized, skipping
Refreshing native plugins compatible for Editor in 7.49 ms, found 4 plugins.
Preloading 0 native plugins for Editor in 0.00 ms.
Unloading 4997 Unused Serialized files (Serialized files now loaded: 0)
Unloading 37 unused Assets / (266.3 KB). Loaded Objects now: 5512.
Memory consumption went from 179.5 MB to 179.2 MB.
Total: 4.097900 ms (FindLiveObjects: 0.397100 ms CreateObjectMapping: 0.374200 ms MarkObjects: 3.127900 ms  DeleteObjects: 0.197600 ms)

AssetImportParameters requested are different than current active one (requested -> active):
  custom:video-decoder-ogg-theora: a1e56fd34408186e4bbccfd4996cb3dc -> 
  custom:container-muxer-webm: aa71ff27fc2769a1b78a27578f13a17b -> 
  custom:container-demuxer-webm: 4f35f7cbe854078d1ac9338744f61a02 -> 
  custom:video-encoder-webm-vp8: eb34c28f22e8b96e1ab97ce403110664 -> 
  custom:audio-encoder-webm-vorbis: bf7c407c2cedff20999df2af8eb42d56 -> 
  custom:framework-win-MediaFoundation: 216162199b28c13a410421893ffa2e32 -> 
  custom:container-demuxer-ogg: 62fdf1f143b41e24485cea50d1cbac27 -> 
  custom:video-decoder-webm-vp8: 9c59270c3fd7afecdb556c50c9e8de78 -> 
  custom:audio-decoder-ogg-vorbis: bf7c407c2cedff20999df2af8eb42d56 -> 
========================================================================
Received Import Request.
  Time since last request: 33930.525355 seconds.
  path: Assets/Scenes/Backgrounds
  artifactKey: Guid(32772dded70c4b04894de579894d246f) Importer(815301076,1909f56bfc062723c751e8b465ee728b)
Start importing Assets/Scenes/Backgrounds using Guid(32772dded70c4b04894de579894d246f) Importer(815301076,1909f56bfc062723c751e8b465ee728b)  -> (artifact id: '2454d235d4449817af6cdcfb7d13fbb3') in 0.015860 seconds 
========================================================================
Received Import Request.
  Time since last request: 70.181736 seconds.
  path: Assets/Scenes/Backgrounds/Grassland.unity
  artifactKey: Guid(6851d2c9f34e5c94b88297b0e22bb8cc) Importer(815301076,1909f56bfc062723c751e8b465ee728b)
Start importing Assets/Scenes/Backgrounds/Grassland.unity using Guid(6851d2c9f34e5c94b88297b0e22bb8cc) Importer(815301076,1909f56bfc062723c751e8b465ee728b)  -> (artifact id: '73bcfbee6d454335dbfb20a02a2e645e') in 0.012850 seconds 
========================================================================
Received Import Request.
  Time since last request: 528.712306 seconds.
  path: Assets/2DPixelArtTest/Scripts/Scriptable Objects
  artifactKey: Guid(6955a51e26e2fa54ca9ad9e5c7ae577e) Importer(815301076,1909f56bfc062723c751e8b465ee728b)
Start importing Assets/2DPixelArtTest/Scripts/Scriptable Objects using Guid(6955a51e26e2fa54ca9ad9e5c7ae577e) Importer(815301076,1909f56bfc062723c751e8b465ee728b)  -> (artifact id: '41be3be6c04ff535f1f43fc7f33b65fb') in 0.005293 seconds 
========================================================================
Received Import Request.
  Time since last request: 0.112566 seconds.
  path: Assets/2DPixelArtTest/Scripts/Scriptable Objects/Coin.asset
  artifactKey: Guid(3e831723c57aef644b974a3d42bb7085) Importer(815301076,1909f56bfc062723c751e8b465ee728b)
Start importing Assets/2DPixelArtTest/Scripts/Scriptable Objects/Coin.asset using Guid(3e831723c57aef644b974a3d42bb7085) Importer(815301076,1909f56bfc062723c751e8b465ee728b)  -> (artifact id: '9d720477a6f94f4163b26ea40ffd1b89') in 0.090003 seconds 
========================================================================
Received Import Request.
  Time since last request: 28.274317 seconds.
  path: Assets/NaninovelData/EditorResources.asset
  artifactKey: Guid(9b716fa1b38b3f946abfb7be255ffd89) Importer(815301076,1909f56bfc062723c751e8b465ee728b)
Start importing Assets/NaninovelData/EditorResources.asset using Guid(9b716fa1b38b3f946abfb7be255ffd89) Importer(815301076,1909f56bfc062723c751e8b465ee728b)  -> (artifact id: '02da8f3c27defa56cc00c8ac5b208a6c') in 0.005922 seconds 
========================================================================
Received Import Request.
  Time since last request: 8.724037 seconds.
  path: Assets/2DPixelArtTest/TilePalettes/Outdoor Tiles.prefab
  artifactKey: Guid(9498b861d3e9e5848bfabb64d0cbc1ab) Importer(815301076,1909f56bfc062723c751e8b465ee728b)
Start importing Assets/2DPixelArtTest/TilePalettes/Outdoor Tiles.prefab using Guid(9498b861d3e9e5848bfabb64d0cbc1ab) Importer(815301076,1909f56bfc062723c751e8b465ee728b)  -> (artifact id: 'd4d0f903d2c9f522d3f77924f20c427e') in 0.497049 seconds 
========================================================================
Received Import Request.
  Time since last request: 215.855978 seconds.
  path: Assets/NaninovelData/Resources
  artifactKey: Guid(70a1cea4fe2604f478c8678c5a0c0535) Importer(815301076,1909f56bfc062723c751e8b465ee728b)
Start importing Assets/NaninovelData/Resources using Guid(70a1cea4fe2604f478c8678c5a0c0535) Importer(815301076,1909f56bfc062723c751e8b465ee728b)  -> (artifact id: '987c79764e6a98f5d119d6ff27b8c1cc') in 0.004518 seconds 
========================================================================
Received Import Request.
  Time since last request: 0.769437 seconds.
  path: Assets/NaninovelData/Resources/Naninovel
  artifactKey: Guid(4e08c71255d614e458bbb764ee6bafe9) Importer(815301076,1909f56bfc062723c751e8b465ee728b)
Start importing Assets/NaninovelData/Resources/Naninovel using Guid(4e08c71255d614e458bbb764ee6bafe9) Importer(815301076,1909f56bfc062723c751e8b465ee728b)  -> (artifact id: '03d072df1c3d127d6f10e58ab1c201cc') in 0.005015 seconds 
========================================================================
Received Import Request.
  Time since last request: 0.701387 seconds.
  path: Assets/NaninovelData/Resources/Naninovel/Configuration
  artifactKey: Guid(e8b5ac697b6bbed4c94c6f25bd2ab8e0) Importer(815301076,1909f56bfc062723c751e8b465ee728b)
Start importing Assets/NaninovelData/Resources/Naninovel/Configuration using Guid(e8b5ac697b6bbed4c94c6f25bd2ab8e0) Importer(815301076,1909f56bfc062723c751e8b465ee728b)  -> (artifact id: '3d8fc96e239320b89d42688b3fc0ff35') in 0.005099 seconds 
========================================================================
Received Import Request.
  Time since last request: 0.095842 seconds.
  path: Assets/NaninovelData/Resources/Naninovel/Configuration/BackgroundsConfiguration.asset
  artifactKey: Guid(ad95ca59e126c244d8adc163d95eaeb1) Importer(815301076,1909f56bfc062723c751e8b465ee728b)
Start importing Assets/NaninovelData/Resources/Naninovel/Configuration/BackgroundsConfiguration.asset using Guid(ad95ca59e126c244d8adc163d95eaeb1) Importer(815301076,1909f56bfc062723c751e8b465ee728b)  -> (artifact id: 'b03980c78fe88ef749eb959732aac983') in 0.008436 seconds 
========================================================================
Received Import Request.
  Time since last request: 0.000043 seconds.
  path: Assets/NaninovelData/Resources/Naninovel/Configuration/ScriptsConfiguration.asset
  artifactKey: Guid(e3c59eed17e68bc439b55af19c60813b) Importer(815301076,1909f56bfc062723c751e8b465ee728b)
Start importing Assets/NaninovelData/Resources/Naninovel/Configuration/ScriptsConfiguration.asset using Guid(e3c59eed17e68bc439b55af19c60813b) Importer(815301076,1909f56bfc062723c751e8b465ee728b)  -> (artifact id: '5dd0e6cc8186bc191b75b02cbc026818') in 0.005957 seconds 
========================================================================
Received Import Request.
  Time since last request: 23.645593 seconds.
  path: Assets
  artifactKey: Guid(00000000000000001000000000000000) Importer(815301076,1909f56bfc062723c751e8b465ee728b)
Start importing Assets using Guid(00000000000000001000000000000000) Importer(815301076,1909f56bfc062723c751e8b465ee728b)  -> (artifact id: '79842766b460edbeab6a34051e857a80') in 0.005043 seconds 
========================================================================
Received Import Request.
  Time since last request: 7.530588 seconds.
  path: Assets/Scripts
  artifactKey: Guid(9123d5c0b98d7b744bb6f893e7980178) Importer(815301076,1909f56bfc062723c751e8b465ee728b)
Start importing Assets/Scripts using Guid(9123d5c0b98d7b744bb6f893e7980178) Importer(815301076,1909f56bfc062723c751e8b465ee728b)  -> (artifact id: '3d9eb359fed07c75b0f8daa6b6a17458') in 0.004989 seconds 
========================================================================
Received Import Request.
  Time since last request: 38.549853 seconds.
  path: Assets/Scripts/Script001.nani
  artifactKey: Guid(aa883cf56992f174ea0bd0bcff9b06e3) Importer(815301076,1909f56bfc062723c751e8b465ee728b)
Start importing Assets/Scripts/Script001.nani using Guid(aa883cf56992f174ea0bd0bcff9b06e3) Importer(815301076,1909f56bfc062723c751e8b465ee728b)  -> (artifact id: 'a49a96ca306fc7abdee4b4529b4f22c0') in 0.025683 seconds 
========================================================================
Received Import Request.
  Time since last request: 55.024208 seconds.
  path: Assets/Scripts/Script001.nani
  artifactKey: Guid(aa883cf56992f174ea0bd0bcff9b06e3) Importer(815301076,1909f56bfc062723c751e8b465ee728b)
Start importing Assets/Scripts/Script001.nani using Guid(aa883cf56992f174ea0bd0bcff9b06e3) Importer(815301076,1909f56bfc062723c751e8b465ee728b)  -> (artifact id: 'a020165217543c8ad9624b9d5938bc81') in 0.008466 seconds 
========================================================================
Received Import Request.
  Time since last request: 168.098322 seconds.
  path: Assets/Scripts/Script001.nani
  artifactKey: Guid(aa883cf56992f174ea0bd0bcff9b06e3) Importer(815301076,1909f56bfc062723c751e8b465ee728b)
Start importing Assets/Scripts/Script001.nani using Guid(aa883cf56992f174ea0bd0bcff9b06e3) Importer(815301076,1909f56bfc062723c751e8b465ee728b)  -> (artifact id: 'e9d2d32642e90619d1b068002acb8b7c') in 0.005955 seconds 
========================================================================
Received Import Request.
  Time since last request: 74.401867 seconds.
  path: Assets/Scripts/Script001.nani
  artifactKey: Guid(aa883cf56992f174ea0bd0bcff9b06e3) Importer(815301076,1909f56bfc062723c751e8b465ee728b)
Start importing Assets/Scripts/Script001.nani using Guid(aa883cf56992f174ea0bd0bcff9b06e3) Importer(815301076,1909f56bfc062723c751e8b465ee728b)  -> (artifact id: '948863d2a49e64538a49c8e12c451a1a') in 0.008382 seconds 
========================================================================
Received Import Request.
  Time since last request: 54.885180 seconds.
  path: Assets/2DPixelArtTest/Scenes/LevelOne.unity
  artifactKey: Guid(6d179de767a538c449136f6e423f7df4) Importer(815301076,1909f56bfc062723c751e8b465ee728b)
Start importing Assets/2DPixelArtTest/Scenes/LevelOne.unity using Guid(6d179de767a538c449136f6e423f7df4) Importer(815301076,1909f56bfc062723c751e8b465ee728b)  -> (artifact id: '5186a3f096b723a76044986176c4f654') in 0.004646 seconds 
========================================================================
Received Import Request.
  Time since last request: 245.027897 seconds.
  path: Assets/NaninovelData/EditorResources.asset
  artifactKey: Guid(9b716fa1b38b3f946abfb7be255ffd89) Importer(815301076,1909f56bfc062723c751e8b465ee728b)
Start importing Assets/NaninovelData/EditorResources.asset using Guid(9b716fa1b38b3f946abfb7be255ffd89) Importer(815301076,1909f56bfc062723c751e8b465ee728b)  -> (artifact id: 'd6c934b5996d72cddf2b851154e2f70d') in 0.005334 seconds 
========================================================================
Received Import Request.
  Time since last request: 2.882595 seconds.
  path: Assets/NaninovelData/Resources/Naninovel/Configuration/EngineConfiguration.asset
  artifactKey: Guid(ff5cb30c25587e94083ec13b8fa64f04) Importer(815301076,1909f56bfc062723c751e8b465ee728b)
Start importing Assets/NaninovelData/Resources/Naninovel/Configuration/EngineConfiguration.asset using Guid(ff5cb30c25587e94083ec13b8fa64f04) Importer(815301076,1909f56bfc062723c751e8b465ee728b)  -> (artifact id: '5d3cd05ebf427d98ca66aecbe4738e8b') in 0.007871 seconds 
========================================================================
Received Import Request.
  Time since last request: 675.786401 seconds.
  path: Assets/Scripts/Script001.nani
  artifactKey: Guid(aa883cf56992f174ea0bd0bcff9b06e3) Importer(815301076,1909f56bfc062723c751e8b465ee728b)
Start importing Assets/Scripts/Script001.nani using Guid(aa883cf56992f174ea0bd0bcff9b06e3) Importer(815301076,1909f56bfc062723c751e8b465ee728b)  -> (artifact id: 'f135a616218c59991dc913f18845a82b') in 0.005952 seconds 
========================================================================
Received Import Request.
  Time since last request: 9.337785 seconds.
  path: Assets/Scripts/Script001.nani
  artifactKey: Guid(aa883cf56992f174ea0bd0bcff9b06e3) Importer(815301076,1909f56bfc062723c751e8b465ee728b)
Start importing Assets/Scripts/Script001.nani using Guid(aa883cf56992f174ea0bd0bcff9b06e3) Importer(815301076,1909f56bfc062723c751e8b465ee728b)  -> (artifact id: 'be268bfdb379da2f6933d9b6881e2594') in 0.005173 seconds 
========================================================================
Received Import Request.
  Time since last request: 161.683519 seconds.
  path: Assets/Scripts/Script001.nani
  artifactKey: Guid(aa883cf56992f174ea0bd0bcff9b06e3) Importer(815301076,1909f56bfc062723c751e8b465ee728b)
Start importing Assets/Scripts/Script001.nani using Guid(aa883cf56992f174ea0bd0bcff9b06e3) Importer(815301076,1909f56bfc062723c751e8b465ee728b)  -> (artifact id: '733604cd00c9da6d8c0f948f76b2d80f') in 0.005927 seconds 
========================================================================
Received Import Request.
  Time since last request: 97.721302 seconds.
  path: Assets/Scripts/Script001.nani
  artifactKey: Guid(aa883cf56992f174ea0bd0bcff9b06e3) Importer(815301076,1909f56bfc062723c751e8b465ee728b)
Start importing Assets/Scripts/Script001.nani using Guid(aa883cf56992f174ea0bd0bcff9b06e3) Importer(815301076,1909f56bfc062723c751e8b465ee728b)  -> (artifact id: 'cc9d3939ba8b2d4bb03ca9f816fcc95e') in 0.005250 seconds 
========================================================================
Received Import Request.
  Time since last request: 9.533788 seconds.
  path: Assets/Scripts/Script001.nani
  artifactKey: Guid(aa883cf56992f174ea0bd0bcff9b06e3) Importer(815301076,1909f56bfc062723c751e8b465ee728b)
Start importing Assets/Scripts/Script001.nani using Guid(aa883cf56992f174ea0bd0bcff9b06e3) Importer(815301076,1909f56bfc062723c751e8b465ee728b)  -> (artifact id: '47426dbaaba73993c1b2fe742c0f4356') in 0.006759 seconds 
========================================================================
Received Import Request.
  Time since last request: 22.488733 seconds.
  path: Assets/Scenes/Grassland.unity
  artifactKey: Guid(6851d2c9f34e5c94b88297b0e22bb8cc) Importer(815301076,1909f56bfc062723c751e8b465ee728b)
Start importing Assets/Scenes/Grassland.unity using Guid(6851d2c9f34e5c94b88297b0e22bb8cc) Importer(815301076,1909f56bfc062723c751e8b465ee728b)  -> (artifact id: 'a847e607e9fef90e7de1e24e0ecfdfc1') in 0.004530 seconds 
========================================================================
Received Import Request.
  Time since last request: 129.064694 seconds.
  path: Assets/Naninovel/Resources
  artifactKey: Guid(25be1d98caf208d47b1b6fc9527cec2d) Importer(815301076,1909f56bfc062723c751e8b465ee728b)
Start importing Assets/Naninovel/Resources using Guid(25be1d98caf208d47b1b6fc9527cec2d) Importer(815301076,1909f56bfc062723c751e8b465ee728b)  -> (artifact id: 'e3964618c1d98f8d5c3997ca36b62671') in 0.004444 seconds 
========================================================================
Received Import Request.
  Time since last request: 1.198722 seconds.
  path: Assets/Naninovel/Resources/Naninovel
  artifactKey: Guid(40b16cae8f2cd8a41b3a64d62212bab1) Importer(815301076,1909f56bfc062723c751e8b465ee728b)
Start importing Assets/Naninovel/Resources/Naninovel using Guid(40b16cae8f2cd8a41b3a64d62212bab1) Importer(815301076,1909f56bfc062723c751e8b465ee728b)  -> (artifact id: 'af0d1e91aa1e3dd8c8c54ddca73bbcfd') in 0.004541 seconds 
========================================================================
Received Import Request.
  Time since last request: 0.107598 seconds.
  path: Assets/Naninovel/Resources/Naninovel/DefaultMixer.mixer
  artifactKey: Guid(a8d2f798fc082fd408df1fe76f6182f5) Importer(815301076,1909f56bfc062723c751e8b465ee728b)
Start importing Assets/Naninovel/Resources/Naninovel/DefaultMixer.mixer using Guid(a8d2f798fc082fd408df1fe76f6182f5) Importer(815301076,1909f56bfc062723c751e8b465ee728b)  -> (artifact id: '515bb14882305c7ffed9a62a1ba49da2') in 0.008962 seconds 
========================================================================
Received Import Request.
  Time since last request: 0.000025 seconds.
  path: Assets/Naninovel/Resources/Naninovel/ScriptNavigator.prefab
  artifactKey: Guid(735d6aa767879aa469134858c5b2f0a7) Importer(815301076,1909f56bfc062723c751e8b465ee728b)
Start importing Assets/Naninovel/Resources/Naninovel/ScriptNavigator.prefab using Guid(735d6aa767879aa469134858c5b2f0a7) Importer(815301076,1909f56bfc062723c751e8b465ee728b)  -> (artifact id: '2433c8a3ccc240fcb77c281496187958') in 0.124222 seconds 
========================================================================
Received Import Request.
  Time since last request: 4.453869 seconds.
  path: Assets/Naninovel/Resources/Naninovel/Textures
  artifactKey: Guid(7fcd568f196fdd646b5c6c2659e86080) Importer(815301076,1909f56bfc062723c751e8b465ee728b)
Start importing Assets/Naninovel/Resources/Naninovel/Textures using Guid(7fcd568f196fdd646b5c6c2659e86080) Importer(815301076,1909f56bfc062723c751e8b465ee728b)  -> (artifact id: 'c8cf1471f56ac6aa18a48e3b2c84c980') in 0.043062 seconds 
========================================================================
Received Import Request.
  Time since last request: 0.043240 seconds.
  path: Assets/Naninovel/Resources/Naninovel/Textures/Black.png
  artifactKey: Guid(b41c2e3deb4471040b499744e6cfb19f) Importer(815301076,1909f56bfc062723c751e8b465ee728b)
Start importing Assets/Naninovel/Resources/Naninovel/Textures/Black.png using Guid(b41c2e3deb4471040b499744e6cfb19f) Importer(815301076,1909f56bfc062723c751e8b465ee728b)  -> (artifact id: '125f3ddb6d279c15c4a9637787d38060') in 0.088874 seconds 
========================================================================
Received Import Request.
  Time since last request: 3.541206 seconds.
  path: Assets/Naninovel/Resources/Naninovel/Shaders/DepthOfFieldCommon.cginc
  artifactKey: Guid(f76d8af64619b9741be885398745782e) Importer(815301076,1909f56bfc062723c751e8b465ee728b)
Start importing Assets/Naninovel/Resources/Naninovel/Shaders/DepthOfFieldCommon.cginc using Guid(f76d8af64619b9741be885398745782e) Importer(815301076,1909f56bfc062723c751e8b465ee728b)  -> (artifact id: '72a9444ebe96c17478c06046aae1e0e5') in 0.045057 seconds 
========================================================================
Received Import Request.
  Time since last request: 0.000023 seconds.
  path: Assets/Naninovel/Resources/Naninovel/Shaders/NaninovelCG.cginc
  artifactKey: Guid(a7b1902eaa221eb40a25d1466d7920d1) Importer(815301076,1909f56bfc062723c751e8b465ee728b)
Start importing Assets/Naninovel/Resources/Naninovel/Shaders/NaninovelCG.cginc using Guid(a7b1902eaa221eb40a25d1466d7920d1) Importer(815301076,1909f56bfc062723c751e8b465ee728b)  -> (artifact id: '558e11ea656fb4f3944b4422e87cf0ad') in 0.150862 seconds 
========================================================================
Received Import Request.
  Time since last request: 0.000029 seconds.
  path: Assets/Naninovel/Resources/Naninovel/Shaders/TransitionEffects.cginc
  artifactKey: Guid(fd5403564c2bc384b9f80bc60b5d05cc) Importer(815301076,1909f56bfc062723c751e8b465ee728b)
Start importing Assets/Naninovel/Resources/Naninovel/Shaders/TransitionEffects.cginc using Guid(fd5403564c2bc384b9f80bc60b5d05cc) Importer(815301076,1909f56bfc062723c751e8b465ee728b)  -> (artifact id: '68b34ec8d67fddda872a317bb6e6f913') in 0.015634 seconds 
========================================================================
Received Import Request.
  Time since last request: 0.000028 seconds.
  path: Assets/Naninovel/Resources/Naninovel/Shaders/DepthOfFieldPrefilter.cginc
  artifactKey: Guid(7e5f7e895f3903a42b6675b8baa79cb4) Importer(815301076,1909f56bfc062723c751e8b465ee728b)
Start importing Assets/Naninovel/Resources/Naninovel/Shaders/DepthOfFieldPrefilter.cginc using Guid(7e5f7e895f3903a42b6675b8baa79cb4) Importer(815301076,1909f56bfc062723c751e8b465ee728b)  -> (artifact id: '657718652fea5d8b53a237d7b6aebcfb') in 0.005972 seconds 
========================================================================
Received Import Request.
  Time since last request: 7.655960 seconds.
  path: Assets/NaninovelData/Resources/Naninovel/Configuration/AudioConfiguration.asset
  artifactKey: Guid(6ba444da107e09741a47e2d229447895) Importer(815301076,1909f56bfc062723c751e8b465ee728b)
Start importing Assets/NaninovelData/Resources/Naninovel/Configuration/AudioConfiguration.asset using Guid(6ba444da107e09741a47e2d229447895) Importer(815301076,1909f56bfc062723c751e8b465ee728b)  -> (artifact id: '8a5a2de022e2b45fd7821b079b4cee0d') in 0.006917 seconds 
========================================================================
Received Import Request.
  Time since last request: 18.370023 seconds.
  path: Packages/com.unity.2d.animation/package.json
  artifactKey: Guid(9e83c20a8293f44ec8a375d3805f477d) Importer(815301076,1909f56bfc062723c751e8b465ee728b)
Start importing Packages/com.unity.2d.animation/package.json using Guid(9e83c20a8293f44ec8a375d3805f477d) Importer(815301076,1909f56bfc062723c751e8b465ee728b)  -> (artifact id: '7cab0ce12cf3ccbdeee9f94b59e3df28') in 0.267011 seconds 
========================================================================
Received Import Request.
  Time since last request: 10.052165 seconds.
  path: Assets/2DPixelArtTest/Materials/Sprite2D.mat
  artifactKey: Guid(4dda088db530ae84ab4a0874f49648ba) Importer(815301076,1909f56bfc062723c751e8b465ee728b)
Start importing Assets/2DPixelArtTest/Materials/Sprite2D.mat using Guid(4dda088db530ae84ab4a0874f49648ba) Importer(815301076,1909f56bfc062723c751e8b465ee728b)  -> (artifact id: 'f275330038682c38778c70591daa84e8') in 0.188456 seconds 
========================================================================
Received Import Request.
  Time since last request: 280.661644 seconds.
  path: Assets/Scenes/LevelOne.unity
  artifactKey: Guid(6d179de767a538c449136f6e423f7df4) Importer(815301076,1909f56bfc062723c751e8b465ee728b)
Start importing Assets/Scenes/LevelOne.unity using Guid(6d179de767a538c449136f6e423f7df4) Importer(815301076,1909f56bfc062723c751e8b465ee728b)  -> (artifact id: '627728c9b3bba4e56470f10fa9465a52') in 0.004997 seconds 
========================================================================
Received Import Request.
  Time since last request: 412.742327 seconds.
  path: Assets/Backgounds
  artifactKey: Guid(df069fff0e58ace47983a7c703c65e20) Importer(815301076,1909f56bfc062723c751e8b465ee728b)
Start importing Assets/Backgounds using Guid(df069fff0e58ace47983a7c703c65e20) Importer(815301076,1909f56bfc062723c751e8b465ee728b)  -> (artifact id: '1c40646f231e297193fb586ec3f644b2') in 0.005548 seconds 
========================================================================
Received Import Request.
  Time since last request: 61.274488 seconds.
  path: Assets/Backgounds/00014-2148185036-solarpunk, utopia, science fiction, cyberpunk, future, fantasy, city, anime, biology, sustainable world, city, watercolor.png
  artifactKey: Guid(293fec521f662254aa0f6460430625ea) Importer(815301076,1909f56bfc062723c751e8b465ee728b)
Start importing Assets/Backgounds/00014-2148185036-solarpunk, utopia, science fiction, cyberpunk, future, fantasy, city, anime, biology, sustainable world, city, watercolor.png using Guid(293fec521f662254aa0f6460430625ea) Importer(815301076,1909f56bfc062723c751e8b465ee728b)  -> (artifact id: 'bc3de340973aeeb7e072dbe8d2b02e3e') in 0.115448 seconds 
========================================================================
Received Import Request.
  Time since last request: 11.760234 seconds.
  path: Assets/Backgounds/00008-3968870990-solarpunk, utopia, science fiction, cyberpunk, future, fantasy, city, anime, biology, sustainable world, city.png
  artifactKey: Guid(488a89167c110df41a31f492414a1a73) Importer(815301076,1909f56bfc062723c751e8b465ee728b)
Start importing Assets/Backgounds/00008-3968870990-solarpunk, utopia, science fiction, cyberpunk, future, fantasy, city, anime, biology, sustainable world, city.png using Guid(488a89167c110df41a31f492414a1a73) Importer(815301076,1909f56bfc062723c751e8b465ee728b)  -> (artifact id: '813d15afa3b20b6a75f44ef82b6588d5') in 0.092480 seconds 
========================================================================
Received Import Request.
  Time since last request: 0.000017 seconds.
  path: Assets/Backgounds/00012-2256683215-solarpunk, utopia, science fiction, cyberpunk, future, fantasy, city, anime, biology, sustainable world, city, watercolor.png
  artifactKey: Guid(4e843004b8eb60e439e66696dbeea408) Importer(815301076,1909f56bfc062723c751e8b465ee728b)
Start importing Assets/Backgounds/00012-2256683215-solarpunk, utopia, science fiction, cyberpunk, future, fantasy, city, anime, biology, sustainable world, city, watercolor.png using Guid(4e843004b8eb60e439e66696dbeea408) Importer(815301076,1909f56bfc062723c751e8b465ee728b)  -> (artifact id: 'aa5ad559688c266dcfb71b7225c2c1d6') in 0.085896 seconds 
========================================================================
Received Import Request.
  Time since last request: 0.000025 seconds.
  path: Assets/Backgounds/00011-2400407204-solarpunk, utopia, science fiction, cyberpunk, future, fantasy, city, anime, biology, sustainable world, city, watercolor.png
  artifactKey: Guid(60472bfb7e5549e42829b5a45069c312) Importer(815301076,1909f56bfc062723c751e8b465ee728b)
Start importing Assets/Backgounds/00011-2400407204-solarpunk, utopia, science fiction, cyberpunk, future, fantasy, city, anime, biology, sustainable world, city, watercolor.png using Guid(60472bfb7e5549e42829b5a45069c312) Importer(815301076,1909f56bfc062723c751e8b465ee728b)  -> (artifact id: '9ea27000754fed731e2b80617fafd24e') in 0.075800 seconds 
========================================================================
Received Import Request.
  Time since last request: 20.426342 seconds.
  path: Assets/Backgounds/bg_01.png
  artifactKey: Guid(488a89167c110df41a31f492414a1a73) Importer(815301076,1909f56bfc062723c751e8b465ee728b)
Start importing Assets/Backgounds/bg_01.png using Guid(488a89167c110df41a31f492414a1a73) Importer(815301076,1909f56bfc062723c751e8b465ee728b)  -> (artifact id: 'c6763c0e684b0c19939b362e6448453a') in 0.079229 seconds 
========================================================================
Received Import Request.
  Time since last request: 8.469599 seconds.
  path: Assets/Backgounds/bg_02.png
  artifactKey: Guid(293fec521f662254aa0f6460430625ea) Importer(815301076,1909f56bfc062723c751e8b465ee728b)
Start importing Assets/Backgounds/bg_02.png using Guid(293fec521f662254aa0f6460430625ea) Importer(815301076,1909f56bfc062723c751e8b465ee728b)  -> (artifact id: '9221beb3196f234f7629ca7e291321e3') in 0.085923 seconds 
========================================================================
Received Import Request.
  Time since last request: 9.042588 seconds.
  path: Assets/Backgounds/bg03.png
  artifactKey: Guid(4e843004b8eb60e439e66696dbeea408) Importer(815301076,1909f56bfc062723c751e8b465ee728b)
Start importing Assets/Backgounds/bg03.png using Guid(4e843004b8eb60e439e66696dbeea408) Importer(815301076,1909f56bfc062723c751e8b465ee728b)  -> (artifact id: '2e5fb6364489c3f5c8cd772f018b3200') in 0.136258 seconds 
========================================================================
Received Import Request.
  Time since last request: 6.651677 seconds.
  path: Assets/Backgounds/bg01.png
  artifactKey: Guid(488a89167c110df41a31f492414a1a73) Importer(815301076,1909f56bfc062723c751e8b465ee728b)
Start importing Assets/Backgounds/bg01.png using Guid(488a89167c110df41a31f492414a1a73) Importer(815301076,1909f56bfc062723c751e8b465ee728b)  -> (artifact id: 'fe9ccea12db412d477f4a409f2adb858') in 0.078599 seconds 
========================================================================
Received Import Request.
  Time since last request: 3.526559 seconds.
  path: Assets/Backgounds/bg02.png
  artifactKey: Guid(293fec521f662254aa0f6460430625ea) Importer(815301076,1909f56bfc062723c751e8b465ee728b)
Start importing Assets/Backgounds/bg02.png using Guid(293fec521f662254aa0f6460430625ea) Importer(815301076,1909f56bfc062723c751e8b465ee728b)  -> (artifact id: '2775a8cc624c329d0278afc1a06bf136') in 0.078473 seconds 
========================================================================
Received Import Request.
  Time since last request: 6.420689 seconds.
  path: Assets/Backgounds/bg04.png
  artifactKey: Guid(60472bfb7e5549e42829b5a45069c312) Importer(815301076,1909f56bfc062723c751e8b465ee728b)
Start importing Assets/Backgounds/bg04.png using Guid(60472bfb7e5549e42829b5a45069c312) Importer(815301076,1909f56bfc062723c751e8b465ee728b)  -> (artifact id: 'e88b2a32c72976832a4bf6980281f3c1') in 0.079789 seconds 
========================================================================
Received Import Request.
  Time since last request: 5.542055 seconds.
  path: Assets/Backgounds/bg05.png
  artifactKey: Guid(7324c8994a13a764e908f02646c4905d) Importer(815301076,1909f56bfc062723c751e8b465ee728b)
Start importing Assets/Backgounds/bg05.png using Guid(7324c8994a13a764e908f02646c4905d) Importer(815301076,1909f56bfc062723c751e8b465ee728b)  -> (artifact id: 'ad8e530125a92c944775059e99c5bda8') in 0.077137 seconds 
========================================================================
Received Import Request.
  Time since last request: 265.578370 seconds.
  path: Assets/Scripts/Script000.nani
  artifactKey: Guid(0535e1d4ea63af94a9dd51a1ce9d10df) Importer(815301076,1909f56bfc062723c751e8b465ee728b)
Start importing Assets/Scripts/Script000.nani using Guid(0535e1d4ea63af94a9dd51a1ce9d10df) Importer(815301076,1909f56bfc062723c751e8b465ee728b)  -> (artifact id: '802f0825d04f7f8084e9c38f69899a3d') in 0.006673 seconds 
========================================================================
Received Import Request.
  Time since last request: 259.904691 seconds.
  path: Assets/Scripts/Script000.nani
  artifactKey: Guid(0535e1d4ea63af94a9dd51a1ce9d10df) Importer(815301076,1909f56bfc062723c751e8b465ee728b)
Start importing Assets/Scripts/Script000.nani using Guid(0535e1d4ea63af94a9dd51a1ce9d10df) Importer(815301076,1909f56bfc062723c751e8b465ee728b)  -> (artifact id: '3f679f9e3cb09dd789cb2901e2ca112a') in 0.006452 seconds 
========================================================================
Received Import Request.
  Time since last request: 50.795700 seconds.
  path: Assets/Scripts/Script000.nani
  artifactKey: Guid(0535e1d4ea63af94a9dd51a1ce9d10df) Importer(815301076,1909f56bfc062723c751e8b465ee728b)
Start importing Assets/Scripts/Script000.nani using Guid(0535e1d4ea63af94a9dd51a1ce9d10df) Importer(815301076,1909f56bfc062723c751e8b465ee728b)  -> (artifact id: '951ee860af25603a4188d53f894c2a73') in 0.005699 seconds 
========================================================================
Received Import Request.
  Time since last request: 81.402497 seconds.
  path: Assets/Scripts/Script001.nani
  artifactKey: Guid(aa883cf56992f174ea0bd0bcff9b06e3) Importer(815301076,1909f56bfc062723c751e8b465ee728b)
Start importing Assets/Scripts/Script001.nani using Guid(aa883cf56992f174ea0bd0bcff9b06e3) Importer(815301076,1909f56bfc062723c751e8b465ee728b)  -> (artifact id: 'dc69d6ec6f7ed17b61c650a070f8656c') in 0.005614 seconds 
========================================================================
Received Import Request.
  Time since last request: 3.011251 seconds.
  path: Assets/Scripts/Script001.nani
  artifactKey: Guid(aa883cf56992f174ea0bd0bcff9b06e3) Importer(815301076,1909f56bfc062723c751e8b465ee728b)
Start importing Assets/Scripts/Script001.nani using Guid(aa883cf56992f174ea0bd0bcff9b06e3) Importer(815301076,1909f56bfc062723c751e8b465ee728b)  -> (artifact id: 'e7dfc159383a7a4445ac239fc9836ea5') in 0.005858 seconds 
========================================================================
Received Import Request.
  Time since last request: 144.466839 seconds.
  path: Assets/Scenes/Level02.unity
  artifactKey: Guid(6d179de767a538c449136f6e423f7df4) Importer(815301076,1909f56bfc062723c751e8b465ee728b)
Start importing Assets/Scenes/Level02.unity using Guid(6d179de767a538c449136f6e423f7df4) Importer(815301076,1909f56bfc062723c751e8b465ee728b)  -> (artifact id: 'a398dfdfe59fbb5f67c06f5726030240') in 0.005122 seconds 
========================================================================
Received Import Request.
  Time since last request: 24.429859 seconds.
  path: Assets/Scenes/Grassland.unity
  artifactKey: Guid(6d179de767a538c449136f6e423f7df4) Importer(815301076,1909f56bfc062723c751e8b465ee728b)
Start importing Assets/Scenes/Grassland.unity using Guid(6d179de767a538c449136f6e423f7df4) Importer(815301076,1909f56bfc062723c751e8b465ee728b)  -> (artifact id: '693b9ad013792e0d4ac0f84b7546d14a') in 0.004012 seconds 
========================================================================
Received Import Request.
  Time since last request: 215.772705 seconds.
  path: Assets/Scripts/Script001.nani
  artifactKey: Guid(aa883cf56992f174ea0bd0bcff9b06e3) Importer(815301076,1909f56bfc062723c751e8b465ee728b)
Start importing Assets/Scripts/Script001.nani using Guid(aa883cf56992f174ea0bd0bcff9b06e3) Importer(815301076,1909f56bfc062723c751e8b465ee728b)  -> (artifact id: 'ff0ea2fa7a24b1a88e729c1d44c83674') in 0.006450 seconds 
========================================================================
Received Import Request.
  Time since last request: 2.231330 seconds.
  path: Assets/Scripts/Script001.nani
  artifactKey: Guid(aa883cf56992f174ea0bd0bcff9b06e3) Importer(815301076,1909f56bfc062723c751e8b465ee728b)
Start importing Assets/Scripts/Script001.nani using Guid(aa883cf56992f174ea0bd0bcff9b06e3) Importer(815301076,1909f56bfc062723c751e8b465ee728b)  -> (artifact id: '9b2e2e2a4e9f97aed09c1b5a0bd9bba7') in 0.006449 seconds 
========================================================================
Received Import Request.
  Time since last request: 114.836652 seconds.
  path: Assets/Scripts/Script001.nani
  artifactKey: Guid(aa883cf56992f174ea0bd0bcff9b06e3) Importer(815301076,1909f56bfc062723c751e8b465ee728b)
Start importing Assets/Scripts/Script001.nani using Guid(aa883cf56992f174ea0bd0bcff9b06e3) Importer(815301076,1909f56bfc062723c751e8b465ee728b)  -> (artifact id: '50987db9602f99e9f5b7529690101fc9') in 0.005908 seconds 
========================================================================
Received Import Request.
  Time since last request: 288.735812 seconds.
  path: Assets/NaninovelData/EditorResources.asset
  artifactKey: Guid(9b716fa1b38b3f946abfb7be255ffd89) Importer(815301076,1909f56bfc062723c751e8b465ee728b)
Start importing Assets/NaninovelData/EditorResources.asset using Guid(9b716fa1b38b3f946abfb7be255ffd89) Importer(815301076,1909f56bfc062723c751e8b465ee728b)  -> (artifact id: 'eac1674c98681120020f757068e4e787') in 0.008769 seconds 
========================================================================
Received Import Request.
  Time since last request: 3.588478 seconds.
  path: Assets/Naninovel/Textures
  artifactKey: Guid(322804e12b26579428bd959da249d83e) Importer(815301076,1909f56bfc062723c751e8b465ee728b)
Start importing Assets/Naninovel/Textures using Guid(322804e12b26579428bd959da249d83e) Importer(815301076,1909f56bfc062723c751e8b465ee728b)  -> (artifact id: '7264eaea6347f2b17db1be9d83969b6f') in 0.005025 seconds 
========================================================================
Received Import Request.
  Time since last request: 10.242727 seconds.
  path: Assets/Naninovel/Textures/UI/Arrow.png
  artifactKey: Guid(b9884ac3ddc7cdb4ba624345665f5508) Importer(815301076,1909f56bfc062723c751e8b465ee728b)
Start importing Assets/Naninovel/Textures/UI/Arrow.png using Guid(b9884ac3ddc7cdb4ba624345665f5508) Importer(815301076,1909f56bfc062723c751e8b465ee728b)  -> (artifact id: 'c97fc570ecf5e0b239922b1b9c8a809e') in 0.025752 seconds 
========================================================================
Received Import Request.
  Time since last request: 0.000042 seconds.
  path: Assets/Naninovel/Textures/UI/WaitingInputIndicator.png
  artifactKey: Guid(64a55139bbf135f44b059095a281ee20) Importer(815301076,1909f56bfc062723c751e8b465ee728b)
Start importing Assets/Naninovel/Textures/UI/WaitingInputIndicator.png using Guid(64a55139bbf135f44b059095a281ee20) Importer(815301076,1909f56bfc062723c751e8b465ee728b)  -> (artifact id: '7756377dbe0569c0e80a004b8b5a0e22') in 0.024713 seconds 
========================================================================
Received Import Request.
  Time since last request: 0.000025 seconds.
  path: Assets/Naninovel/Textures/UI/SaveSlotEmpty.png
  artifactKey: Guid(7362e9cfcb2846b4f8f1b82ee772ba48) Importer(815301076,1909f56bfc062723c751e8b465ee728b)
Start importing Assets/Naninovel/Textures/UI/SaveSlotEmpty.png using Guid(7362e9cfcb2846b4f8f1b82ee772ba48) Importer(815301076,1909f56bfc062723c751e8b465ee728b)  -> (artifact id: '2aaa4f3392d4d81db0ef5dedc8c6a71b') in 0.028866 seconds 
========================================================================
Received Import Request.
  Time since last request: 0.000028 seconds.
  path: Assets/Naninovel/Textures/UI/Delete.png
  artifactKey: Guid(ef559e1f08449964f9d0fd623a0168d0) Importer(815301076,1909f56bfc062723c751e8b465ee728b)
Start importing Assets/Naninovel/Textures/UI/Delete.png using Guid(ef559e1f08449964f9d0fd623a0168d0) Importer(815301076,1909f56bfc062723c751e8b465ee728b)  -> (artifact id: 'ae58115f06ff919cea0de351babe36c0') in 0.022839 seconds 
========================================================================
Received Import Request.
  Time since last request: 0.000027 seconds.
  path: Assets/Naninovel/Textures/UI/LoadingIndicator.png
  artifactKey: Guid(41cede9865d59404f80c0d3fcf028228) Importer(815301076,1909f56bfc062723c751e8b465ee728b)
Start importing Assets/Naninovel/Textures/UI/LoadingIndicator.png using Guid(41cede9865d59404f80c0d3fcf028228) Importer(815301076,1909f56bfc062723c751e8b465ee728b)  -> (artifact id: '2b5147aa1e4a204a36534e6d6f976b39') in 0.025907 seconds 
========================================================================
Received Import Request.
  Time since last request: 0.000046 seconds.
  path: Assets/Naninovel/Textures/UI/SyncIndicator.png
  artifactKey: Guid(44073a15b2f8c2043ac6f3161f0524fd) Importer(815301076,1909f56bfc062723c751e8b465ee728b)
Start importing Assets/Naninovel/Textures/UI/SyncIndicator.png using Guid(44073a15b2f8c2043ac6f3161f0524fd) Importer(815301076,1909f56bfc062723c751e8b465ee728b)  -> (artifact id: '1429891e3d950ec56c88bbb1dce180cd') in 0.025943 seconds 
========================================================================
Received Import Request.
  Time since last request: 0.000032 seconds.
  path: Assets/Naninovel/Textures/UI/ChatMessage.png
  artifactKey: Guid(d732f1f0d56f07346b84685f965766db) Importer(815301076,1909f56bfc062723c751e8b465ee728b)
Start importing Assets/Naninovel/Textures/UI/ChatMessage.png using Guid(d732f1f0d56f07346b84685f965766db) Importer(815301076,1909f56bfc062723c751e8b465ee728b)  -> (artifact id: 'ac1818ce19705c3abaad3c46cb635e52') in 0.089294 seconds 
========================================================================
Received Import Request.
  Time since last request: 0.000025 seconds.
  path: Assets/Naninovel/Textures/UI/CGSlotLocked.png
  artifactKey: Guid(0aa05ac3e584f34488027bd76ccdfa8c) Importer(815301076,1909f56bfc062723c751e8b465ee728b)
Start importing Assets/Naninovel/Textures/UI/CGSlotLocked.png using Guid(0aa05ac3e584f34488027bd76ccdfa8c) Importer(815301076,1909f56bfc062723c751e8b465ee728b)  -> (artifact id: '33ee170f933d6a214ff624d15c5ed33b') in 0.023064 seconds 
========================================================================
Received Import Request.
  Time since last request: 0.000042 seconds.
  path: Assets/Naninovel/Textures/UI/PatternClimpek.png
  artifactKey: Guid(3bb86d9aaec51d542aa2e91164eba082) Importer(815301076,1909f56bfc062723c751e8b465ee728b)
Start importing Assets/Naninovel/Textures/UI/PatternClimpek.png using Guid(3bb86d9aaec51d542aa2e91164eba082) Importer(815301076,1909f56bfc062723c751e8b465ee728b)  -> (artifact id: '21ee09ebe2736ec0a5eae1fcf89bee48') in 0.023133 seconds 
Editor requested this worker to shutdown with reason: Scaling down because of idle timeout
AssetImportWorker is now disconnected from the server
Process exiting
Exiting without the bug reporter. Application will terminate with return code 0